[0.057s] Invoking command in '/home/henry/Robojackets/igvc-software/build/serial': /usr/bin/cmake /home/henry/Robojackets/igvc-software/external/serial -DCATKIN_INSTALL_INTO_PREFIX_ROOT=0 -DCMAKE_INSTALL_PREFIX=/home/henry/Robojackets/igvc-software/install/serial
[0.144s] -- The C compiler identification is GNU 9.3.0
[0.228s] -- The CXX compiler identification is GNU 9.3.0
[0.236s] -- Check for working C compiler: /usr/bin/cc
[0.317s] -- Check for working C compiler: /usr/bin/cc -- works
[0.319s] -- Detecting C compiler ABI info
[0.407s] -- Detecting C compiler ABI info - done
[0.435s] -- Detecting C compile features
[0.435s] -- Detecting C compile features - done
[0.442s] -- Check for working CXX compiler: /usr/bin/c++
[0.539s] -- Check for working CXX compiler: /usr/bin/c++ -- works
[0.541s] -- Detecting CXX compiler ABI info
[0.647s] -- Detecting CXX compiler ABI info - done
[0.675s] -- Detecting CXX compile features
[0.677s] -- Detecting CXX compile features - done
[0.690s] CMake Error at CMakeLists.txt:5 (find_package):
[0.690s]   By not providing "Findcatkin.cmake" in CMAKE_MODULE_PATH this project has
[0.690s]   asked CMake to find a package configuration file provided by "catkin", but
[0.691s]   CMake did not find one.
[0.691s] 
[0.691s]   Could not find a package configuration file provided by "catkin" with any
[0.692s]   of the following names:
[0.692s] 
[0.692s]     catkinConfig.cmake
[0.692s]     catkin-config.cmake
[0.693s] 
[0.693s]   Add the installation prefix of "catkin" to CMAKE_PREFIX_PATH or set
[0.694s]   "catkin_DIR" to a directory containing one of the above files.  If "catkin"
[0.694s]   provides a separate development package or SDK, be sure it has been
[0.694s]   installed.
[0.694s] 
[0.694s] 
[0.695s] -- Configuring incomplete, errors occurred!
[0.695s] See also "/home/henry/Robojackets/igvc-software/build/serial/CMakeFiles/CMakeOutput.log".
