This file contains any messages produced by compilers while
running configure, to aid debugging if configure makes a mistake.

It was created by configure, which was
generated by GNU Autoconf 2.59.  Invocation command line was

  $ ./configure 

## --------- ##
## Platform. ##
## --------- ##

hostname = localhost
uname -m = i686
uname -r = 2.6.22-14-generic
uname -s = Linux
uname -v = #1 SMP Tue Feb 12 07:42:25 UTC 2008

/usr/bin/uname -p = unknown
/bin/uname -X     = unknown

/bin/arch              = unknown
/usr/bin/arch -k       = unknown
/usr/convex/getsysinfo = unknown
hostinfo               = unknown
/bin/machine           = unknown
/usr/bin/oslevel       = unknown
/bin/universe          = unknown

PATH: /usr/local/sbin
PATH: /usr/local/bin
PATH: /usr/sbin
PATH: /usr/bin
PATH: /sbin
PATH: /bin
PATH: /usr/games


## ----------- ##
## Core tests. ##
## ----------- ##

configure:1540: checking for a BSD-compatible install
configure:1595: result: /usr/bin/install -c
configure:1606: checking whether build environment is sane
configure:1649: result: yes
configure:1664: checking whether make sets $(MAKE)
configure:1684: result: yes
configure:1716: checking for working aclocal-1.4
configure:1727: result: missing
configure:1731: checking for working autoconf
configure:1738: result: found
configure:1746: checking for working automake-1.4
configure:1757: result: missing
configure:1761: checking for working autoheader
configure:1768: result: found
configure:1776: checking for working makeinfo
configure:1787: result: missing
configure:1844: checking for gcc
configure:1860: found /usr/bin/gcc
configure:1870: result: gcc
configure:2114: checking for C compiler version
configure:2117: gcc --version </dev/null >&5
gcc (GCC) 4.1.3 20070929 (prerelease) (Ubuntu 4.1.2-16ubuntu2)
Copyright (C) 2006 Free Software Foundation, Inc.
This is free software; see the source for copying conditions.  There is NO
warranty; not even for MERCHANTABILITY or FITNESS FOR A PARTICULAR PURPOSE.

configure:2120: $? = 0
configure:2122: gcc -v </dev/null >&5
Using built-in specs.
Target: i486-linux-gnu
Configured with: ../src/configure -v --enable-languages=c,c++,fortran,objc,obj-c++,treelang --prefix=/usr --enable-shared --with-system-zlib --libexecdir=/usr/lib --without-included-gettext --enable-threads=posix --enable-nls --with-gxx-include-dir=/usr/include/c++/4.1.3 --program-suffix=-4.1 --enable-__cxa_atexit --enable-clocale=gnu --enable-libstdcxx-debug --enable-mpfr --enable-checking=release i486-linux-gnu
Thread model: posix
gcc version 4.1.3 20070929 (prerelease) (Ubuntu 4.1.2-16ubuntu2)
configure:2125: $? = 0
configure:2127: gcc -V </dev/null >&5
gcc: '-V' option must have argument
configure:2130: $? = 1
configure:2153: checking for C compiler default output file name
configure:2156: gcc    conftest.c  >&5
configure:2159: $? = 0
configure:2205: result: a.out
configure:2210: checking whether the C compiler works
configure:2216: ./a.out
configure:2219: $? = 0
configure:2236: result: yes
configure:2243: checking whether we are cross compiling
configure:2245: result: no
configure:2248: checking for suffix of executables
configure:2250: gcc -o conftest    conftest.c  >&5
configure:2253: $? = 0
configure:2278: result: 
configure:2284: checking for suffix of object files
configure:2305: gcc -c   conftest.c >&5
configure:2308: $? = 0
configure:2330: result: o
configure:2334: checking whether we are using the GNU C compiler
configure:2358: gcc -c   conftest.c >&5
configure:2364: $? = 0
configure:2367: test -z 			 || test ! -s conftest.err
configure:2370: $? = 0
configure:2373: test -s conftest.o
configure:2376: $? = 0
configure:2389: result: yes
configure:2395: checking whether gcc accepts -g
configure:2416: gcc -c -g  conftest.c >&5
configure:2422: $? = 0
configure:2425: test -z 			 || test ! -s conftest.err
configure:2428: $? = 0
configure:2431: test -s conftest.o
configure:2434: $? = 0
configure:2445: result: yes
configure:2462: checking for gcc option to accept ANSI C
configure:2532: gcc  -c -g -O2  conftest.c >&5
configure:2538: $? = 0
configure:2541: test -z 			 || test ! -s conftest.err
configure:2544: $? = 0
configure:2547: test -s conftest.o
configure:2550: $? = 0
configure:2568: result: none needed
configure:2586: gcc -c -g -O2  conftest.c >&5
conftest.c:2: error: expected '=', ',', ';', 'asm' or '__attribute__' before 'me'
configure:2592: $? = 1
configure: failed program was:
| #ifndef __cplusplus
|   choke me
| #endif
configure:2800: checking build system type
configure:2818: result: i686-pc-linux-gnu
configure:2826: checking host system type
configure:2840: result: i686-pc-linux-gnu
configure:2848: checking for a sed that does not truncate output
configure:2902: result: /bin/sed
configure:2905: checking for egrep
configure:2915: result: grep -E
configure:2931: checking for ld used by gcc
configure:2998: result: /usr/bin/ld
configure:3007: checking if the linker (/usr/bin/ld) is GNU ld
configure:3022: result: yes
configure:3027: checking for /usr/bin/ld option to reload object files
configure:3034: result: -r
configure:3043: checking for BSD-compatible nm
configure:3085: result: /usr/bin/nm -B
configure:3089: checking whether ln -s works
configure:3093: result: yes
configure:3100: checking how to recognise dependent libraries
configure:3274: result: pass_all
configure:3487: checking how to run the C preprocessor
configure:3522: gcc -E  conftest.c
configure:3528: $? = 0
configure:3560: gcc -E  conftest.c
conftest.c:11:28: error: ac_nonexistent.h: No such file or directory
configure:3566: $? = 1
configure: failed program was:
| /* confdefs.h.  */
| 
| #define PACKAGE_NAME ""
| #define PACKAGE_TARNAME ""
| #define PACKAGE_VERSION ""
| #define PACKAGE_STRING ""
| #define PACKAGE_BUGREPORT ""
| #define PACKAGE "libdc1394"
| #define VERSION "1.1.0"
| /* end confdefs.h.  */
| #include <ac_nonexistent.h>
configure:3605: result: gcc -E
configure:3629: gcc -E  conftest.c
configure:3635: $? = 0
configure:3667: gcc -E  conftest.c
conftest.c:11:28: error: ac_nonexistent.h: No such file or directory
configure:3673: $? = 1
configure: failed program was:
| /* confdefs.h.  */
| 
| #define PACKAGE_NAME ""
| #define PACKAGE_TARNAME ""
| #define PACKAGE_VERSION ""
| #define PACKAGE_STRING ""
| #define PACKAGE_BUGREPORT ""
| #define PACKAGE "libdc1394"
| #define VERSION "1.1.0"
| /* end confdefs.h.  */
| #include <ac_nonexistent.h>
configure:3717: checking for ANSI C header files
configure:3742: gcc -c -g -O2  conftest.c >&5
configure:3748: $? = 0
configure:3751: test -z 			 || test ! -s conftest.err
configure:3754: $? = 0
configure:3757: test -s conftest.o
configure:3760: $? = 0
configure:3849: gcc -o conftest -g -O2   conftest.c  >&5
conftest.c: In function 'main':
conftest.c:28: warning: incompatible implicit declaration of built-in function 'exit'
configure:3852: $? = 0
configure:3854: ./conftest
configure:3857: $? = 0
configure:3872: result: yes
configure:3896: checking for sys/types.h
configure:3912: gcc -c -g -O2  conftest.c >&5
configure:3918: $? = 0
configure:3921: test -z 			 || test ! -s conftest.err
configure:3924: $? = 0
configure:3927: test -s conftest.o
configure:3930: $? = 0
configure:3941: result: yes
configure:3896: checking for sys/stat.h
configure:3912: gcc -c -g -O2  conftest.c >&5
configure:3918: $? = 0
configure:3921: test -z 			 || test ! -s conftest.err
configure:3924: $? = 0
configure:3927: test -s conftest.o
configure:3930: $? = 0
configure:3941: result: yes
configure:3896: checking for stdlib.h
configure:3912: gcc -c -g -O2  conftest.c >&5
configure:3918: $? = 0
configure:3921: test -z 			 || test ! -s conftest.err
configure:3924: $? = 0
configure:3927: test -s conftest.o
configure:3930: $? = 0
configure:3941: result: yes
configure:3896: checking for string.h
configure:3912: gcc -c -g -O2  conftest.c >&5
configure:3918: $? = 0
configure:3921: test -z 			 || test ! -s conftest.err
configure:3924: $? = 0
configure:3927: test -s conftest.o
configure:3930: $? = 0
configure:3941: result: yes
configure:3896: checking for memory.h
configure:3912: gcc -c -g -O2  conftest.c >&5
configure:3918: $? = 0
configure:3921: test -z 			 || test ! -s conftest.err
configure:3924: $? = 0
configure:3927: test -s conftest.o
configure:3930: $? = 0
configure:3941: result: yes
configure:3896: checking for strings.h
configure:3912: gcc -c -g -O2  conftest.c >&5
configure:3918: $? = 0
configure:3921: test -z 			 || test ! -s conftest.err
configure:3924: $? = 0
configure:3927: test -s conftest.o
configure:3930: $? = 0
configure:3941: result: yes
configure:3896: checking for inttypes.h
configure:3912: gcc -c -g -O2  conftest.c >&5
configure:3918: $? = 0
configure:3921: test -z 			 || test ! -s conftest.err
configure:3924: $? = 0
configure:3927: test -s conftest.o
configure:3930: $? = 0
configure:3941: result: yes
configure:3896: checking for stdint.h
configure:3912: gcc -c -g -O2  conftest.c >&5
configure:3918: $? = 0
configure:3921: test -z 			 || test ! -s conftest.err
configure:3924: $? = 0
configure:3927: test -s conftest.o
configure:3930: $? = 0
configure:3941: result: yes
configure:3896: checking for unistd.h
configure:3912: gcc -c -g -O2  conftest.c >&5
configure:3918: $? = 0
configure:3921: test -z 			 || test ! -s conftest.err
configure:3924: $? = 0
configure:3927: test -s conftest.o
configure:3930: $? = 0
configure:3941: result: yes
configure:3967: checking dlfcn.h usability
configure:3979: gcc -c -g -O2  conftest.c >&5
configure:3985: $? = 0
configure:3988: test -z 			 || test ! -s conftest.err
configure:3991: $? = 0
configure:3994: test -s conftest.o
configure:3997: $? = 0
configure:4007: result: yes
configure:4011: checking dlfcn.h presence
configure:4021: gcc -E  conftest.c
configure:4027: $? = 0
configure:4047: result: yes
configure:4082: checking for dlfcn.h
configure:4089: result: yes
configure:4154: checking for g++
configure:4170: found /usr/bin/g++
configure:4180: result: g++
configure:4196: checking for C++ compiler version
configure:4199: g++ --version </dev/null >&5
g++ (GCC) 4.1.3 20070929 (prerelease) (Ubuntu 4.1.2-16ubuntu2)
Copyright (C) 2006 Free Software Foundation, Inc.
This is free software; see the source for copying conditions.  There is NO
warranty; not even for MERCHANTABILITY or FITNESS FOR A PARTICULAR PURPOSE.

configure:4202: $? = 0
configure:4204: g++ -v </dev/null >&5
Using built-in specs.
Target: i486-linux-gnu
Configured with: ../src/configure -v --enable-languages=c,c++,fortran,objc,obj-c++,treelang --prefix=/usr --enable-shared --with-system-zlib --libexecdir=/usr/lib --without-included-gettext --enable-threads=posix --enable-nls --with-gxx-include-dir=/usr/include/c++/4.1.3 --program-suffix=-4.1 --enable-__cxa_atexit --enable-clocale=gnu --enable-libstdcxx-debug --enable-mpfr --enable-checking=release i486-linux-gnu
Thread model: posix
gcc version 4.1.3 20070929 (prerelease) (Ubuntu 4.1.2-16ubuntu2)
configure:4207: $? = 0
configure:4209: g++ -V </dev/null >&5
g++: '-V' option must have argument
configure:4212: $? = 1
configure:4215: checking whether we are using the GNU C++ compiler
configure:4239: g++ -c   conftest.cc >&5
configure:4245: $? = 0
configure:4248: test -z 			 || test ! -s conftest.err
configure:4251: $? = 0
configure:4254: test -s conftest.o
configure:4257: $? = 0
configure:4270: result: yes
configure:4276: checking whether g++ accepts -g
configure:4297: g++ -c -g  conftest.cc >&5
configure:4303: $? = 0
configure:4306: test -z 			 || test ! -s conftest.err
configure:4309: $? = 0
configure:4312: test -s conftest.o
configure:4315: $? = 0
configure:4326: result: yes
configure:4368: g++ -c -g -O2  conftest.cc >&5
configure:4374: $? = 0
configure:4377: test -z 			 || test ! -s conftest.err
configure:4380: $? = 0
configure:4383: test -s conftest.o
configure:4386: $? = 0
configure:4412: g++ -c -g -O2  conftest.cc >&5
conftest.cc: In function 'int main()':
conftest.cc:26: error: 'exit' was not declared in this scope
configure:4418: $? = 1
configure: failed program was:
| /* confdefs.h.  */
| 
| #define PACKAGE_NAME ""
| #define PACKAGE_TARNAME ""
| #define PACKAGE_VERSION ""
| #define PACKAGE_STRING ""
| #define PACKAGE_BUGREPORT ""
| #define PACKAGE "libdc1394"
| #define VERSION "1.1.0"
| #define STDC_HEADERS 1
| #define HAVE_SYS_TYPES_H 1
| #define HAVE_SYS_STAT_H 1
| #define HAVE_STDLIB_H 1
| #define HAVE_STRING_H 1
| #define HAVE_MEMORY_H 1
| #define HAVE_STRINGS_H 1
| #define HAVE_INTTYPES_H 1
| #define HAVE_STDINT_H 1
| #define HAVE_UNISTD_H 1
| #define HAVE_DLFCN_H 1
| /* end confdefs.h.  */
| 
| int
| main ()
| {
| exit (42);
|   ;
|   return 0;
| }
configure:4368: g++ -c -g -O2  conftest.cc >&5
configure:4374: $? = 0
configure:4377: test -z 			 || test ! -s conftest.err
configure:4380: $? = 0
configure:4383: test -s conftest.o
configure:4386: $? = 0
configure:4412: g++ -c -g -O2  conftest.cc >&5
configure:4418: $? = 0
configure:4421: test -z 			 || test ! -s conftest.err
configure:4424: $? = 0
configure:4427: test -s conftest.o
configure:4430: $? = 0
configure:4458: checking how to run the C++ preprocessor
configure:4489: g++ -E  conftest.cc
configure:4495: $? = 0
configure:4527: g++ -E  conftest.cc
conftest.cc:25:28: error: ac_nonexistent.h: No such file or directory
configure:4533: $? = 1
configure: failed program was:
| /* confdefs.h.  */
| 
| #define PACKAGE_NAME ""
| #define PACKAGE_TARNAME ""
| #define PACKAGE_VERSION ""
| #define PACKAGE_STRING ""
| #define PACKAGE_BUGREPORT ""
| #define PACKAGE "libdc1394"
| #define VERSION "1.1.0"
| #define STDC_HEADERS 1
| #define HAVE_SYS_TYPES_H 1
| #define HAVE_SYS_STAT_H 1
| #define HAVE_STDLIB_H 1
| #define HAVE_STRING_H 1
| #define HAVE_MEMORY_H 1
| #define HAVE_STRINGS_H 1
| #define HAVE_INTTYPES_H 1
| #define HAVE_STDINT_H 1
| #define HAVE_UNISTD_H 1
| #define HAVE_DLFCN_H 1
| #ifdef __cplusplus
| extern "C" void std::exit (int) throw (); using std::exit;
| #endif
| /* end confdefs.h.  */
| #include <ac_nonexistent.h>
configure:4572: result: g++ -E
configure:4596: g++ -E  conftest.cc
configure:4602: $? = 0
configure:4634: g++ -E  conftest.cc
conftest.cc:25:28: error: ac_nonexistent.h: No such file or directory
configure:4640: $? = 1
configure: failed program was:
| /* confdefs.h.  */
| 
| #define PACKAGE_NAME ""
| #define PACKAGE_TARNAME ""
| #define PACKAGE_VERSION ""
| #define PACKAGE_STRING ""
| #define PACKAGE_BUGREPORT ""
| #define PACKAGE "libdc1394"
| #define VERSION "1.1.0"
| #define STDC_HEADERS 1
| #define HAVE_SYS_TYPES_H 1
| #define HAVE_SYS_STAT_H 1
| #define HAVE_STDLIB_H 1
| #define HAVE_STRING_H 1
| #define HAVE_MEMORY_H 1
| #define HAVE_STRINGS_H 1
| #define HAVE_INTTYPES_H 1
| #define HAVE_STDINT_H 1
| #define HAVE_UNISTD_H 1
| #define HAVE_DLFCN_H 1
| #ifdef __cplusplus
| extern "C" void std::exit (int) throw (); using std::exit;
| #endif
| /* end confdefs.h.  */
| #include <ac_nonexistent.h>
configure:4735: checking for g77
configure:4764: result: no
configure:4735: checking for f77
configure:4764: result: no
configure:4735: checking for xlf
configure:4764: result: no
configure:4735: checking for frt
configure:4764: result: no
configure:4735: checking for pgf77
configure:4764: result: no
configure:4735: checking for fort77
configure:4764: result: no
configure:4735: checking for fl32
configure:4764: result: no
configure:4735: checking for af77
configure:4764: result: no
configure:4735: checking for f90
configure:4764: result: no
configure:4735: checking for xlf90
configure:4764: result: no
configure:4735: checking for pgf90
configure:4764: result: no
configure:4735: checking for epcf90
configure:4764: result: no
configure:4735: checking for f95
configure:4764: result: no
configure:4735: checking for fort
configure:4764: result: no
configure:4735: checking for xlf95
configure:4764: result: no
configure:4735: checking for ifc
configure:4764: result: no
configure:4735: checking for efc
configure:4764: result: no
configure:4735: checking for pgf95
configure:4764: result: no
configure:4735: checking for lf95
configure:4764: result: no
configure:4735: checking for gfortran
configure:4764: result: no
configure:4776: checking for Fortran 77 compiler version
configure:4779:  --version </dev/null >&5
./configure: line 4780: --version: command not found
configure:4782: $? = 127
configure:4784:  -v </dev/null >&5
./configure: line 4785: -v: command not found
configure:4787: $? = 127
configure:4789:  -V </dev/null >&5
./configure: line 4790: -V: command not found
configure:4792: $? = 127
configure:4800: checking whether we are using the GNU Fortran 77 compiler
configure:4814:  -c  conftest.F >&5
./configure: line 4815: -c: command not found
configure:4820: $? = 127
configure: failed program was:
|       program main
| #ifndef __GNUC__
|        choke me
| #endif
| 
|       end
configure:4845: result: no
configure:4851: checking whether  accepts -g
configure:4863:  -c -g conftest.f >&5
./configure: line 4864: -c: command not found
configure:4869: $? = 127
configure: failed program was:
|       program main
| 
|       end
configure:4893: result: no
configure:4923: checking the maximum length of command line arguments
configure:4988: result: 32768
configure:4999: checking command to parse /usr/bin/nm -B output from gcc object
configure:5088: gcc -c -g -O2  conftest.c >&5
configure:5091: $? = 0
configure:5095: /usr/bin/nm -B conftest.o \| sed -n -e 's/^.*[ 	]\([ABCDGIRSTW][ABCDGIRSTW]*\)[ 	][ 	]*\(\)\([_A-Za-z][_A-Za-z0-9]*\)$/\1 \2\3 \3/p' \> conftest.nm
configure:5098: $? = 0
configure:5150: gcc -o conftest -g -O2   conftest.c conftstm.o >&5
configure:5153: $? = 0
configure:5191: result: ok
configure:5195: checking for objdir
configure:5210: result: .libs
configure:5300: checking for ar
configure:5316: found /usr/bin/ar
configure:5327: result: ar
configure:5380: checking for ranlib
configure:5396: found /usr/bin/ranlib
configure:5407: result: ranlib
configure:5460: checking for strip
configure:5476: found /usr/bin/strip
configure:5487: result: strip
configure:5749: checking if gcc static flag  works
configure:5772: result: yes
configure:5790: checking if gcc supports -fno-rtti -fno-exceptions
configure:5808: gcc -c -g -O2  -fno-rtti -fno-exceptions conftest.c >&5
cc1: warning: command line option "-fno-rtti" is valid for C++/ObjC++ but not for C
configure:5812: $? = 0
configure:5823: result: no
configure:5838: checking for gcc option to produce PIC
configure:6015: result: -fPIC
configure:6023: checking if gcc PIC flag -fPIC works
configure:6041: gcc -c -g -O2  -fPIC -DPIC conftest.c >&5
configure:6045: $? = 0
configure:6056: result: yes
configure:6080: checking if gcc supports -c -o file.o
configure:6101: gcc -c -g -O2  -o out/conftest2.o conftest.c >&5
configure:6105: $? = 0
configure:6125: result: yes
configure:6151: checking whether the gcc linker (/usr/bin/ld) supports shared libraries
configure:6998: result: yes
configure:7024: checking whether -lc should be explicitly linked in
configure:7029: gcc -c -g -O2  conftest.c >&5
configure:7032: $? = 0
configure:7046: gcc -shared conftest.o  -v -Wl,-soname -Wl,conftest -o conftest 2\>\&1 \| grep  -lc  \>/dev/null 2\>\&1
configure:7049: $? = 0
configure:7061: result: no
configure:7069: checking dynamic linker characteristics
configure:7621: result: GNU/Linux ld.so
configure:7625: checking how to hardcode library paths into programs
configure:7650: result: immediate
configure:7664: checking whether stripping libraries is possible
configure:7669: result: yes
configure:8492: checking if libtool supports shared libraries
configure:8494: result: yes
configure:8497: checking whether to build shared libraries
configure:8555: result: yes
configure:8558: checking whether to build static libraries
configure:8562: result: yes
configure:8654: creating libtool
configure:9201: checking for ld used by g++
configure:9268: result: /usr/bin/ld
configure:9277: checking if the linker (/usr/bin/ld) is GNU ld
configure:9292: result: yes
configure:9343: checking whether the g++ linker (/usr/bin/ld) supports shared libraries
configure:10169: result: yes
configure:10187: g++ -c -g -O2  conftest.cc >&5
configure:10190: $? = 0
configure:10286: checking for g++ option to produce PIC
configure:10538: result: -fPIC
configure:10546: checking if g++ PIC flag -fPIC works
configure:10564: g++ -c -g -O2  -fPIC -DPIC conftest.cc >&5
configure:10568: $? = 0
configure:10579: result: yes
configure:10603: checking if g++ supports -c -o file.o
configure:10624: g++ -c -g -O2  -o out/conftest2.o conftest.cc >&5
configure:10628: $? = 0
configure:10648: result: yes
configure:10674: checking whether the g++ linker (/usr/bin/ld) supports shared libraries
configure:10702: result: yes
configure:10773: checking dynamic linker characteristics
configure:11325: result: GNU/Linux ld.so
configure:11329: checking how to hardcode library paths into programs
configure:11354: result: immediate
configure:11368: checking whether stripping libraries is possible
configure:11373: result: yes
configure:18620: checking for raw1394_new_handle in -lraw1394
configure:18650: gcc -o conftest -g -O2   conftest.c -lraw1394   >&5
configure:18656: $? = 0
configure:18659: test -z 			 || test ! -s conftest.err
configure:18662: $? = 0
configure:18665: test -s conftest
configure:18668: $? = 0
configure:18681: result: yes
configure:18772: checking for ANSI C header files
configure:18927: result: yes
configure:18953: checking fcntl.h usability
configure:18965: gcc -c -g -O2  conftest.c >&5
configure:18971: $? = 0
configure:18974: test -z 			 || test ! -s conftest.err
configure:18977: $? = 0
configure:18980: test -s conftest.o
configure:18983: $? = 0
configure:18993: result: yes
configure:18997: checking fcntl.h presence
configure:19007: gcc -E  conftest.c
configure:19013: $? = 0
configure:19033: result: yes
configure:19068: checking for fcntl.h
configure:19075: result: yes
configure:18953: checking sys/ioctl.h usability
configure:18965: gcc -c -g -O2  conftest.c >&5
configure:18971: $? = 0
configure:18974: test -z 			 || test ! -s conftest.err
configure:18977: $? = 0
configure:18980: test -s conftest.o
configure:18983: $? = 0
configure:18993: result: yes
configure:18997: checking sys/ioctl.h presence
configure:19007: gcc -E  conftest.c
configure:19013: $? = 0
configure:19033: result: yes
configure:19068: checking for sys/ioctl.h
configure:19075: result: yes
configure:18944: checking for unistd.h
configure:18949: result: yes
configure:19090: checking for X
configure:19196: gcc -E  conftest.c
configure:19202: $? = 0
configure:19252: gcc -o conftest -g -O2   conftest.c -lXt  -lraw1394 >&5
configure:19258: $? = 0
configure:19261: test -z 			 || test ! -s conftest.err
configure:19264: $? = 0
configure:19267: test -s conftest
configure:19270: $? = 0
configure:19324: result: libraries , headers in standard search path
configure:19495: gcc -o conftest -g -O2   conftest.c  -lraw1394  -lX11 >&5
configure:19501: $? = 0
configure:19504: test -z 			 || test ! -s conftest.err
configure:19507: $? = 0
configure:19510: test -s conftest
configure:19513: $? = 0
configure:19669: checking for gethostbyname
configure:19726: gcc -o conftest -g -O2   conftest.c  -lraw1394 >&5
configure:19732: $? = 0
configure:19735: test -z 			 || test ! -s conftest.err
configure:19738: $? = 0
configure:19741: test -s conftest
configure:19744: $? = 0
configure:19756: result: yes
configure:19905: checking for connect
configure:19962: gcc -o conftest -g -O2   conftest.c  -lraw1394 >&5
configure:19968: $? = 0
configure:19971: test -z 			 || test ! -s conftest.err
configure:19974: $? = 0
configure:19977: test -s conftest
configure:19980: $? = 0
configure:19992: result: yes
configure:20066: checking for remove
configure:20123: gcc -o conftest -g -O2   conftest.c  -lraw1394 >&5
configure:20129: $? = 0
configure:20132: test -z 			 || test ! -s conftest.err
configure:20135: $? = 0
configure:20138: test -s conftest
configure:20141: $? = 0
configure:20153: result: yes
configure:20227: checking for shmat
configure:20284: gcc -o conftest -g -O2   conftest.c  -lraw1394 >&5
configure:20290: $? = 0
configure:20293: test -z 			 || test ! -s conftest.err
configure:20296: $? = 0
configure:20299: test -s conftest
configure:20302: $? = 0
configure:20314: result: yes
configure:20397: checking for IceConnectionNumber in -lICE
configure:20427: gcc -o conftest -g -O2   conftest.c -lICE   -lraw1394 >&5
configure:20433: $? = 0
configure:20436: test -z 			 || test ! -s conftest.err
configure:20439: $? = 0
configure:20442: test -s conftest
configure:20445: $? = 0
configure:20458: result: yes
configure:20469: checking for size_t
configure:20493: gcc -c -g -O2  conftest.c >&5
configure:20499: $? = 0
configure:20502: test -z 			 || test ! -s conftest.err
configure:20505: $? = 0
configure:20508: test -s conftest.o
configure:20511: $? = 0
configure:20522: result: yes
configure:20541: checking for stdlib.h
configure:20546: result: yes
configure:20541: checking for unistd.h
configure:20546: result: yes
configure:20689: checking for getpagesize
configure:20746: gcc -o conftest -g -O2   conftest.c  -lraw1394 >&5
configure:20752: $? = 0
configure:20755: test -z 			 || test ! -s conftest.err
configure:20758: $? = 0
configure:20761: test -s conftest
configure:20764: $? = 0
configure:20776: result: yes
configure:20786: checking for working mmap
configure:20928: gcc -o conftest -g -O2   conftest.c  -lraw1394 >&5
configure:20931: $? = 0
configure:20933: ./conftest
configure:20936: $? = 0
configure:20950: result: yes
configure:21068: creating ./config.status

## ---------------------- ##
## Running config.status. ##
## ---------------------- ##

This file was extended by config.status, which was
generated by GNU Autoconf 2.59.  Invocation command line was

  CONFIG_FILES    = 
  CONFIG_HEADERS  = 
  CONFIG_LINKS    = 
  CONFIG_COMMANDS = 
  $ ./config.status 

on localhost

config.status:741: creating Makefile
config.status:741: creating libdc1394/Makefile
config.status:741: creating examples/Makefile
config.status:807: creating config.h
config.status:933: config.h is unchanged
config.status:1091: executing default-1 commands

## ---------------- ##
## Cache variables. ##
## ---------------- ##

ac_cv_build=i686-pc-linux-gnu
ac_cv_build_alias=i686-pc-linux-gnu
ac_cv_c_compiler_gnu=yes
ac_cv_cxx_compiler_gnu=yes
ac_cv_env_CC_set=
ac_cv_env_CC_value=
ac_cv_env_CFLAGS_set=
ac_cv_env_CFLAGS_value=
ac_cv_env_CPPFLAGS_set=
ac_cv_env_CPPFLAGS_value=
ac_cv_env_CPP_set=
ac_cv_env_CPP_value=
ac_cv_env_CXXCPP_set=
ac_cv_env_CXXCPP_value=
ac_cv_env_CXXFLAGS_set=
ac_cv_env_CXXFLAGS_value=
ac_cv_env_CXX_set=
ac_cv_env_CXX_value=
ac_cv_env_F77_set=
ac_cv_env_F77_value=
ac_cv_env_FFLAGS_set=
ac_cv_env_FFLAGS_value=
ac_cv_env_LDFLAGS_set=
ac_cv_env_LDFLAGS_value=
ac_cv_env_build_alias_set=
ac_cv_env_build_alias_value=
ac_cv_env_host_alias_set=
ac_cv_env_host_alias_value=
ac_cv_env_target_alias_set=
ac_cv_env_target_alias_value=
ac_cv_exeext=
ac_cv_f77_compiler_gnu=no
ac_cv_func_connect=yes
ac_cv_func_gethostbyname=yes
ac_cv_func_getpagesize=yes
ac_cv_func_mmap_fixed_mapped=yes
ac_cv_func_remove=yes
ac_cv_func_shmat=yes
ac_cv_have_x='have_x=yes 		ac_x_includes= ac_x_libraries='
ac_cv_header_dlfcn_h=yes
ac_cv_header_fcntl_h=yes
ac_cv_header_inttypes_h=yes
ac_cv_header_memory_h=yes
ac_cv_header_stdc=yes
ac_cv_header_stdint_h=yes
ac_cv_header_stdlib_h=yes
ac_cv_header_string_h=yes
ac_cv_header_strings_h=yes
ac_cv_header_sys_ioctl_h=yes
ac_cv_header_sys_stat_h=yes
ac_cv_header_sys_types_h=yes
ac_cv_header_unistd_h=yes
ac_cv_host=i686-pc-linux-gnu
ac_cv_host_alias=i686-pc-linux-gnu
ac_cv_lib_ICE_IceConnectionNumber=yes
ac_cv_lib_raw1394_raw1394_new_handle=yes
ac_cv_objext=o
ac_cv_path_install='/usr/bin/install -c'
ac_cv_prog_CPP='gcc -E'
ac_cv_prog_CXXCPP='g++ -E'
ac_cv_prog_ac_ct_AR=ar
ac_cv_prog_ac_ct_CC=gcc
ac_cv_prog_ac_ct_CXX=g++
ac_cv_prog_ac_ct_RANLIB=ranlib
ac_cv_prog_ac_ct_STRIP=strip
ac_cv_prog_cc_g=yes
ac_cv_prog_cc_stdc=
ac_cv_prog_cxx_g=yes
ac_cv_prog_egrep='grep -E'
ac_cv_prog_f77_g=no
ac_cv_prog_make_make_set=yes
ac_cv_type_size_t=yes
lt_cv_deplibs_check_method=pass_all
lt_cv_file_magic_cmd='$MAGIC_CMD'
lt_cv_file_magic_test_file=
lt_cv_ld_reload_flag=-r
lt_cv_objdir=.libs
lt_cv_path_LD=/usr/bin/ld
lt_cv_path_LDCXX=/usr/bin/ld
lt_cv_path_NM='/usr/bin/nm -B'
lt_cv_path_SED=/bin/sed
lt_cv_prog_compiler_c_o=yes
lt_cv_prog_compiler_c_o_CXX=yes
lt_cv_prog_compiler_rtti_exceptions=no
lt_cv_prog_gnu_ld=yes
lt_cv_prog_gnu_ldcxx=yes
lt_cv_sys_global_symbol_pipe='sed -n -e '\''s/^.*[ 	]\([ABCDGIRSTW][ABCDGIRSTW]*\)[ 	][ 	]*\(\)\([_A-Za-z][_A-Za-z0-9]*\)$/\1 \2\3 \3/p'\'''
lt_cv_sys_global_symbol_to_c_name_address='sed -n -e '\''s/^: \([^ ]*\) $/  {\"\1\", (lt_ptr) 0},/p'\'' -e '\''s/^[BCDEGRST] \([^ ]*\) \([^ ]*\)$/  {"\2", (lt_ptr) \&\2},/p'\'''
lt_cv_sys_global_symbol_to_cdecl='sed -n -e '\''s/^. .* \(.*\)$/extern int \1;/p'\'''
lt_cv_sys_max_cmd_len=32768
lt_lt_cv_prog_compiler_c_o='"yes"'
lt_lt_cv_prog_compiler_c_o_CXX='"yes"'
lt_lt_cv_sys_global_symbol_pipe='"sed -n -e '\''s/^.*[ 	]\\([ABCDGIRSTW][ABCDGIRSTW]*\\)[ 	][ 	]*\\(\\)\\([_A-Za-z][_A-Za-z0-9]*\\)\$/\\1 \\2\\3 \\3/p'\''"'
lt_lt_cv_sys_global_symbol_to_c_name_address='"sed -n -e '\''s/^: \\([^ ]*\\) \$/  {\\\"\\1\\\", (lt_ptr) 0},/p'\'' -e '\''s/^[BCDEGRST] \\([^ ]*\\) \\([^ ]*\\)\$/  {\"\\2\", (lt_ptr) \\&\\2},/p'\''"'
lt_lt_cv_sys_global_symbol_to_cdecl='"sed -n -e '\''s/^. .* \\(.*\\)\$/extern int \\1;/p'\''"'

## ----------------- ##
## Output variables. ##
## ----------------- ##

ACLOCAL='/home/chris/Desktop/igvcsvn2/Guppy/Guppy_drivers/libdc1394-1.1.0/missing aclocal-1.4'
AR='ar'
AUTOCONF='autoconf'
AUTOHEADER='autoheader'
AUTOMAKE='/home/chris/Desktop/igvcsvn2/Guppy/Guppy_drivers/libdc1394-1.1.0/missing automake-1.4'
CC='gcc'
CFLAGS='-g -O2 -Wall -Wunused'
CPP='gcc -E'
CPPFLAGS=''
CXX='g++'
CXXCPP='g++ -E'
CXXFLAGS='-g -O2'
DEFS='-DHAVE_CONFIG_H'
ECHO='echo'
ECHO_C=''
ECHO_N='-n'
ECHO_T=''
EGREP='grep -E'
EXEEXT=''
F77=''
FFLAGS=''
INSTALL_DATA='${INSTALL} -m 644'
INSTALL_PROGRAM='${INSTALL}'
INSTALL_SCRIPT='${INSTALL}'
LDFLAGS=''
LIBOBJS=''
LIBS=' -lraw1394'
LIBTOOL='$(SHELL) $(top_builddir)/libtool'
LN_S='ln -s'
LTLIBOBJS=''
MAKEINFO='/home/chris/Desktop/igvcsvn2/Guppy/Guppy_drivers/libdc1394-1.1.0/missing makeinfo'
OBJEXT='o'
PACKAGE='libdc1394'
PACKAGE_BUGREPORT=''
PACKAGE_NAME=''
PACKAGE_STRING=''
PACKAGE_TARNAME=''
PACKAGE_VERSION=''
PATH_SEPARATOR=':'
RANLIB='ranlib'
SET_MAKE=''
SHELL='/bin/bash'
STRIP='strip'
VERSION='1.1.0'
X_CFLAGS=''
X_EXTRA_LIBS=''
X_LIBS=''
X_PRE_LIBS=' -lSM -lICE'
ac_ct_AR='ar'
ac_ct_CC='gcc'
ac_ct_CXX='g++'
ac_ct_F77=''
ac_ct_RANLIB='ranlib'
ac_ct_STRIP='strip'
bindir='${exec_prefix}/bin'
build='i686-pc-linux-gnu'
build_alias=''
build_cpu='i686'
build_os='linux-gnu'
build_vendor='pc'
datadir='${prefix}/share'
exec_prefix='${prefix}'
host='i686-pc-linux-gnu'
host_alias=''
host_cpu='i686'
host_os='linux-gnu'
host_vendor='pc'
includedir='${prefix}/include'
infodir='${prefix}/info'
libdir='${exec_prefix}/lib'
libexecdir='${exec_prefix}/libexec'
localstatedir='${prefix}/var'
lt_age='0'
lt_major='13'
lt_revision='0'
mandir='${prefix}/man'
oldincludedir='/usr/include'
prefix='/usr/local'
program_transform_name='s,x,x,'
sbindir='${exec_prefix}/sbin'
sharedstatedir='${prefix}/com'
sysconfdir='${prefix}/etc'
target_alias=''

## ----------- ##
## confdefs.h. ##
## ----------- ##

#define HAVE_DLFCN_H 1
#define HAVE_FCNTL_H 1
#define HAVE_GETPAGESIZE 1
#define HAVE_INTTYPES_H 1
#define HAVE_LIBRAW1394
#define HAVE_MEMORY_H 1
#define HAVE_MMAP 1
#define HAVE_STDINT_H 1
#define HAVE_STDLIB_H 1
#define HAVE_STDLIB_H 1
#define HAVE_STRINGS_H 1
#define HAVE_STRING_H 1
#define HAVE_SYS_IOCTL_H 1
#define HAVE_SYS_STAT_H 1
#define HAVE_SYS_TYPES_H 1
#define HAVE_UNISTD_H 1
#define HAVE_UNISTD_H 1
#define HAVE_UNISTD_H 1
#define PACKAGE "libdc1394"
#define PACKAGE_BUGREPORT ""
#define PACKAGE_NAME ""
#define PACKAGE_STRING ""
#define PACKAGE_TARNAME ""
#define PACKAGE_VERSION ""
#define STDC_HEADERS 1
#define STDC_HEADERS 1
#define VERSION "1.1.0"
#endif
#ifdef __cplusplus
extern "C" void std::exit (int) throw (); using std::exit;

configure: exit 0
