[0.053s] Invoking command in '/home/henry/Robojackets/igvc-software/build/igvc_description': /usr/bin/cmake /home/henry/Robojackets/igvc-software/igvc_description -DCATKIN_INSTALL_INTO_PREFIX_ROOT=0 -DCMAKE_INSTALL_PREFIX=/home/henry/Robojackets/igvc-software/install/igvc_description
[0.131s] -- The C compiler identification is GNU 9.3.0
[0.221s] -- The CXX compiler identification is GNU 9.3.0
[0.230s] -- Check for working C compiler: /usr/bin/cc
[0.329s] -- Check for working C compiler: /usr/bin/cc -- works
[0.330s] -- Detecting C compiler ABI info
[0.410s] -- Detecting C compiler ABI info - done
[0.440s] -- Detecting C compile features
[0.440s] -- Detecting C compile features - done
[0.446s] -- Check for working CXX compiler: /usr/bin/c++
[0.545s] -- Check for working CXX compiler: /usr/bin/c++ -- works
[0.547s] -- Detecting CXX compiler ABI info
[0.658s] -- Detecting CXX compiler ABI info - done
[0.682s] -- Detecting CXX compile features
[0.683s] -- Detecting CXX compile features - done
[0.699s] CMake Error at CMakeLists.txt:3 (find_package):
[0.699s]   By not providing "Findcatkin.cmake" in CMAKE_MODULE_PATH this project has
[0.699s]   asked CMake to find a package configuration file provided by "catkin", but
[0.700s]   CMake did not find one.
[0.700s] 
[0.700s]   Could not find a package configuration file provided by "catkin" with any
[0.700s]   of the following names:
[0.700s] 
[0.700s]     catkinConfig.cmake
[0.700s]     catkin-config.cmake
[0.700s] 
[0.701s]   Add the installation prefix of "catkin" to CMAKE_PREFIX_PATH or set
[0.701s]   "catkin_DIR" to a directory containing one of the above files.  If "catkin"
[0.701s]   provides a separate development package or SDK, be sure it has been
[0.701s]   installed.
[0.701s] 
[0.701s] 
[0.701s] -- Configuring incomplete, errors occurred!
[0.702s] See also "/home/henry/Robojackets/igvc-software/build/igvc_description/CMakeFiles/CMakeOutput.log".
