[0.063s] Invoking command in '/home/henry/Robojackets/igvc-software/build/igvc_msgs': /usr/bin/cmake /home/henry/Robojackets/igvc-software/igvc_msgs -DCATKIN_INSTALL_INTO_PREFIX_ROOT=0 -DCMAKE_INSTALL_PREFIX=/home/henry/Robojackets/igvc-software/install/igvc_msgs
[0.153s] -- The C compiler identification is GNU 9.3.0
[0.247s] -- The CXX compiler identification is GNU 9.3.0
[0.254s] -- Check for working C compiler: /usr/bin/cc
[0.338s] -- Check for working C compiler: /usr/bin/cc -- works
[0.340s] -- Detecting C compiler ABI info
[0.438s] -- Detecting C compiler ABI info - done
[0.462s] -- Detecting C compile features
[0.462s] -- Detecting C compile features - done
[0.467s] -- Check for working CXX compiler: /usr/bin/c++
[0.572s] -- Check for working CXX compiler: /usr/bin/c++ -- works
[0.573s] -- Detecting CXX compiler ABI info
[0.689s] -- Detecting CXX compiler ABI info - done
[0.718s] -- Detecting CXX compile features
[0.720s] -- Detecting CXX compile features - done
[0.730s] CMake Error at CMakeLists.txt:5 (find_package):
[0.730s]   By not providing "Findcatkin.cmake" in CMAKE_MODULE_PATH this project has
[0.730s]   asked CMake to find a package configuration file provided by "catkin", but
[0.730s]   CMake did not find one.
[0.731s] 
[0.731s]   Could not find a package configuration file provided by "catkin" with any
[0.731s]   of the following names:
[0.732s] 
[0.732s]     catkinConfig.cmake
[0.732s]     catkin-config.cmake
[0.732s] 
[0.732s]   Add the installation prefix of "catkin" to CMAKE_PREFIX_PATH or set
[0.732s]   "catkin_DIR" to a directory containing one of the above files.  If "catkin"
[0.732s]   provides a separate development package or SDK, be sure it has been
[0.733s]   installed.
[0.733s] 
[0.733s] 
[0.733s] -- Configuring incomplete, errors occurred!
[0.733s] See also "/home/henry/Robojackets/igvc-software/build/igvc_msgs/CMakeFiles/CMakeOutput.log".
