[0.055s] Invoking command in '/home/henry/Robojackets/igvc-software/build/gazebo_ros_control_select_joints': /usr/bin/cmake /home/henry/Robojackets/igvc-software/external/gazebo_ros_control_select_joints -DCATKIN_INSTALL_INTO_PREFIX_ROOT=0 -DCMAKE_INSTALL_PREFIX=/home/henry/Robojackets/igvc-software/install/gazebo_ros_control_select_joints
[0.151s] -- The C compiler identification is GNU 9.3.0
[0.242s] -- The CXX compiler identification is GNU 9.3.0
[0.252s] -- Check for working C compiler: /usr/bin/cc
[0.337s] -- Check for working C compiler: /usr/bin/cc -- works
[0.338s] -- Detecting C compiler ABI info
[0.434s] -- Detecting C compiler ABI info - done
[0.464s] -- Detecting C compile features
[0.464s] -- Detecting C compile features - done
[0.471s] -- Check for working CXX compiler: /usr/bin/c++
[0.586s] -- Check for working CXX compiler: /usr/bin/c++ -- works
[0.588s] -- Detecting CXX compiler ABI info
[0.694s] -- Detecting CXX compiler ABI info - done
[0.714s] -- Detecting CXX compile features
[0.714s] -- Detecting CXX compile features - done
[0.725s] CMake Error at CMakeLists.txt:5 (find_package):
[0.726s]   By not providing "Findcatkin.cmake" in CMAKE_MODULE_PATH this project has
[0.726s]   asked CMake to find a package configuration file provided by "catkin", but
[0.726s]   CMake did not find one.
[0.726s] 
[0.726s]   Could not find a package configuration file provided by "catkin" with any
[0.726s]   of the following names:
[0.727s] 
[0.727s]     catkinConfig.cmake
[0.727s]     catkin-config.cmake
[0.727s] 
[0.727s]   Add the installation prefix of "catkin" to CMAKE_PREFIX_PATH or set
[0.727s]   "catkin_DIR" to a directory containing one of the above files.  If "catkin"
[0.727s]   provides a separate development package or SDK, be sure it has been
[0.727s]   installed.
[0.728s] 
[0.728s] 
[0.728s] -- Configuring incomplete, errors occurred!
[0.728s] See also "/home/henry/Robojackets/igvc-software/build/gazebo_ros_control_select_joints/CMakeFiles/CMakeOutput.log".
