[0.056s] Invoking command in '/home/henry/Robojackets/igvc-software/build/kindr_msgs': /usr/bin/cmake /home/henry/Robojackets/igvc-software/external/kindr_ros/kindr_msgs -DCATKIN_INSTALL_INTO_PREFIX_ROOT=0 -DCMAKE_INSTALL_PREFIX=/home/henry/Robojackets/igvc-software/install/kindr_msgs
[0.124s] -- The C compiler identification is GNU 9.3.0
[0.186s] -- The CXX compiler identification is GNU 9.3.0
[0.193s] -- Check for working C compiler: /usr/bin/cc
[0.290s] -- Check for working C compiler: /usr/bin/cc -- works
[0.292s] -- Detecting C compiler ABI info
[0.386s] -- Detecting C compiler ABI info - done
[0.410s] -- Detecting C compile features
[0.410s] -- Detecting C compile features - done
[0.414s] -- Check for working CXX compiler: /usr/bin/c++
[0.511s] -- Check for working CXX compiler: /usr/bin/c++ -- works
[0.513s] -- Detecting CXX compiler ABI info
[0.628s] -- Detecting CXX compiler ABI info - done
[0.646s] -- Detecting CXX compile features
[0.646s] -- Detecting CXX compile features - done
[0.659s] CMake Error at CMakeLists.txt:7 (find_package):
[0.659s]   By not providing "Findcatkin.cmake" in CMAKE_MODULE_PATH this project has
[0.660s]   asked CMake to find a package configuration file provided by "catkin", but
[0.660s]   CMake did not find one.
[0.660s] 
[0.660s]   Could not find a package configuration file provided by "catkin" with any
[0.660s]   of the following names:
[0.660s] 
[0.660s]     catkinConfig.cmake
[0.660s]     catkin-config.cmake
[0.661s] 
[0.661s]   Add the installation prefix of "catkin" to CMAKE_PREFIX_PATH or set
[0.661s]   "catkin_DIR" to a directory containing one of the above files.  If "catkin"
[0.661s]   provides a separate development package or SDK, be sure it has been
[0.661s]   installed.
[0.661s] 
[0.661s] 
[0.661s] -- Configuring incomplete, errors occurred!
[0.662s] See also "/home/henry/Robojackets/igvc-software/build/kindr_msgs/CMakeFiles/CMakeOutput.log".
[0.669s] Invoked command in '/home/henry/Robojackets/igvc-software/build/kindr_msgs' returned '1': /usr/bin/cmake /home/henry/Robojackets/igvc-software/external/kindr_ros/kindr_msgs -DCATKIN_INSTALL_INTO_PREFIX_ROOT=0 -DCMAKE_INSTALL_PREFIX=/home/henry/Robojackets/igvc-software/install/kindr_msgs
