[0.270s] DEBUG:colcon:Command line arguments: ['/usr/bin/colcon', 'build']
[0.271s] DEBUG:colcon:Parsed command line arguments: Namespace(ament_cmake_args=None, base_paths=['.'], build_base='build', catkin_cmake_args=None, catkin_skip_building_tests=False, cmake_args=None, cmake_clean_cache=False, cmake_clean_first=False, cmake_force_configure=False, cmake_target=None, cmake_target_skip_unavailable=False, continue_on_error=False, event_handlers=None, executor='parallel', ignore_user_meta=False, install_base='install', log_base=None, log_level=None, main=<bound method BuildVerb.main of <colcon_core.verb.build.BuildVerb object at 0x7f4072d0fe50>>, merge_install=False, metas=['./colcon.meta'], packages_above=None, packages_above_and_dependencies=None, packages_above_depth=None, packages_end=None, packages_ignore=None, packages_ignore_regex=None, packages_select=None, packages_select_build_failed=False, packages_select_by_dep=None, packages_select_regex=None, packages_select_test_failures=False, packages_skip=None, packages_skip_build_finished=False, packages_skip_by_dep=None, packages_skip_regex=None, packages_skip_test_passed=False, packages_skip_up_to=None, packages_start=None, packages_up_to=None, packages_up_to_regex=None, parallel_workers=12, paths=None, symlink_install=False, test_result_base=None, verb_extension=<colcon_core.verb.build.BuildVerb object at 0x7f4072d0fe50>, verb_name='build', verb_parser=<colcon_defaults.argument_parser.defaults.DefaultArgumentsDecorator object at 0x7f4072d1a400>)
[0.275s] Level 1:colcon.colcon_core.package_discovery:discover_packages(colcon_meta) check parameters
[0.276s] Level 1:colcon.colcon_core.package_discovery:discover_packages(recursive) check parameters
[0.276s] Level 1:colcon.colcon_core.package_discovery:discover_packages(ignore) check parameters
[0.276s] Level 1:colcon.colcon_core.package_discovery:discover_packages(path) check parameters
[0.276s] Level 1:colcon.colcon_core.package_discovery:discover_packages(colcon_meta) discover
[0.276s] Level 1:colcon.colcon_core.package_discovery:discover_packages(recursive) discover
[0.276s] INFO:colcon.colcon_core.package_discovery:Crawling recursively for packages in '/home/henry/Robojackets/igvc-software'
[0.276s] Level 1:colcon.colcon_core.package_identification:_identify(.) by extensions ['ignore', 'ignore_ament_install']
[0.276s] Level 1:colcon.colcon_core.package_identification:_identify(.) by extension 'ignore'
[0.276s] Level 1:colcon.colcon_core.package_identification:_identify(.) by extension 'ignore_ament_install'
[0.276s] Level 1:colcon.colcon_core.package_identification:_identify(.) by extensions ['colcon_pkg']
[0.276s] Level 1:colcon.colcon_core.package_identification:_identify(.) by extension 'colcon_pkg'
[0.276s] Level 1:colcon.colcon_core.package_identification:_identify(.) by extensions ['colcon_meta']
[0.276s] Level 1:colcon.colcon_core.package_identification:_identify(.) by extension 'colcon_meta'
[0.276s] Level 1:colcon.colcon_core.package_identification:_identify(.) by extensions ['ros']
[0.276s] Level 1:colcon.colcon_core.package_identification:_identify(.) by extension 'ros'
[0.286s] Level 1:colcon.colcon_core.package_identification:_identify(.) by extensions ['cmake', 'python']
[0.287s] Level 1:colcon.colcon_core.package_identification:_identify(.) by extension 'cmake'
[0.287s] Level 1:colcon.colcon_core.package_identification:_identify(.) by extension 'python'
[0.287s] Level 1:colcon.colcon_core.package_identification:_identify(.) by extensions ['python_setup_py']
[0.287s] Level 1:colcon.colcon_core.package_identification:_identify(.) by extension 'python_setup_py'
[0.287s] Level 1:colcon.colcon_core.package_identification:_identify(build) by extensions ['ignore', 'ignore_ament_install']
[0.287s] Level 1:colcon.colcon_core.package_identification:_identify(build) by extension 'ignore'
[0.287s] Level 1:colcon.colcon_core.package_identification:_identify(build) ignored
[0.287s] Level 1:colcon.colcon_core.package_identification:_identify(cmake) by extensions ['ignore', 'ignore_ament_install']
[0.287s] Level 1:colcon.colcon_core.package_identification:_identify(cmake) by extension 'ignore'
[0.287s] Level 1:colcon.colcon_core.package_identification:_identify(cmake) by extension 'ignore_ament_install'
[0.287s] Level 1:colcon.colcon_core.package_identification:_identify(cmake) by extensions ['colcon_pkg']
[0.287s] Level 1:colcon.colcon_core.package_identification:_identify(cmake) by extension 'colcon_pkg'
[0.287s] Level 1:colcon.colcon_core.package_identification:_identify(cmake) by extensions ['colcon_meta']
[0.287s] Level 1:colcon.colcon_core.package_identification:_identify(cmake) by extension 'colcon_meta'
[0.287s] Level 1:colcon.colcon_core.package_identification:_identify(cmake) by extensions ['ros']
[0.288s] Level 1:colcon.colcon_core.package_identification:_identify(cmake) by extension 'ros'
[0.288s] Level 1:colcon.colcon_core.package_identification:_identify(cmake) by extensions ['cmake', 'python']
[0.288s] Level 1:colcon.colcon_core.package_identification:_identify(cmake) by extension 'cmake'
[0.288s] Level 1:colcon.colcon_core.package_identification:_identify(cmake) by extension 'python'
[0.288s] Level 1:colcon.colcon_core.package_identification:_identify(cmake) by extensions ['python_setup_py']
[0.288s] Level 1:colcon.colcon_core.package_identification:_identify(cmake) by extension 'python_setup_py'
[0.288s] Level 1:colcon.colcon_core.package_identification:_identify(documents) by extensions ['ignore', 'ignore_ament_install']
[0.288s] Level 1:colcon.colcon_core.package_identification:_identify(documents) by extension 'ignore'
[0.288s] Level 1:colcon.colcon_core.package_identification:_identify(documents) by extension 'ignore_ament_install'
[0.288s] Level 1:colcon.colcon_core.package_identification:_identify(documents) by extensions ['colcon_pkg']
[0.288s] Level 1:colcon.colcon_core.package_identification:_identify(documents) by extension 'colcon_pkg'
[0.288s] Level 1:colcon.colcon_core.package_identification:_identify(documents) by extensions ['colcon_meta']
[0.288s] Level 1:colcon.colcon_core.package_identification:_identify(documents) by extension 'colcon_meta'
[0.288s] Level 1:colcon.colcon_core.package_identification:_identify(documents) by extensions ['ros']
[0.288s] Level 1:colcon.colcon_core.package_identification:_identify(documents) by extension 'ros'
[0.288s] Level 1:colcon.colcon_core.package_identification:_identify(documents) by extensions ['cmake', 'python']
[0.288s] Level 1:colcon.colcon_core.package_identification:_identify(documents) by extension 'cmake'
[0.289s] Level 1:colcon.colcon_core.package_identification:_identify(documents) by extension 'python'
[0.289s] Level 1:colcon.colcon_core.package_identification:_identify(documents) by extensions ['python_setup_py']
[0.289s] Level 1:colcon.colcon_core.package_identification:_identify(documents) by extension 'python_setup_py'
[0.289s] Level 1:colcon.colcon_core.package_identification:_identify(documents/design) by extensions ['ignore', 'ignore_ament_install']
[0.289s] Level 1:colcon.colcon_core.package_identification:_identify(documents/design) by extension 'ignore'
[0.289s] Level 1:colcon.colcon_core.package_identification:_identify(documents/design) by extension 'ignore_ament_install'
[0.289s] Level 1:colcon.colcon_core.package_identification:_identify(documents/design) by extensions ['colcon_pkg']
[0.289s] Level 1:colcon.colcon_core.package_identification:_identify(documents/design) by extension 'colcon_pkg'
[0.289s] Level 1:colcon.colcon_core.package_identification:_identify(documents/design) by extensions ['colcon_meta']
[0.289s] Level 1:colcon.colcon_core.package_identification:_identify(documents/design) by extension 'colcon_meta'
[0.289s] Level 1:colcon.colcon_core.package_identification:_identify(documents/design) by extensions ['ros']
[0.289s] Level 1:colcon.colcon_core.package_identification:_identify(documents/design) by extension 'ros'
[0.289s] Level 1:colcon.colcon_core.package_identification:_identify(documents/design) by extensions ['cmake', 'python']
[0.289s] Level 1:colcon.colcon_core.package_identification:_identify(documents/design) by extension 'cmake'
[0.289s] Level 1:colcon.colcon_core.package_identification:_identify(documents/design) by extension 'python'
[0.289s] Level 1:colcon.colcon_core.package_identification:_identify(documents/design) by extensions ['python_setup_py']
[0.289s] Level 1:colcon.colcon_core.package_identification:_identify(documents/design) by extension 'python_setup_py'
[0.290s] Level 1:colcon.colcon_core.package_identification:_identify(documents/design/navigation_state_machine) by extensions ['ignore', 'ignore_ament_install']
[0.290s] Level 1:colcon.colcon_core.package_identification:_identify(documents/design/navigation_state_machine) by extension 'ignore'
[0.290s] Level 1:colcon.colcon_core.package_identification:_identify(documents/design/navigation_state_machine) by extension 'ignore_ament_install'
[0.290s] Level 1:colcon.colcon_core.package_identification:_identify(documents/design/navigation_state_machine) by extensions ['colcon_pkg']
[0.290s] Level 1:colcon.colcon_core.package_identification:_identify(documents/design/navigation_state_machine) by extension 'colcon_pkg'
[0.290s] Level 1:colcon.colcon_core.package_identification:_identify(documents/design/navigation_state_machine) by extensions ['colcon_meta']
[0.290s] Level 1:colcon.colcon_core.package_identification:_identify(documents/design/navigation_state_machine) by extension 'colcon_meta'
[0.290s] Level 1:colcon.colcon_core.package_identification:_identify(documents/design/navigation_state_machine) by extensions ['ros']
[0.290s] Level 1:colcon.colcon_core.package_identification:_identify(documents/design/navigation_state_machine) by extension 'ros'
[0.290s] Level 1:colcon.colcon_core.package_identification:_identify(documents/design/navigation_state_machine) by extensions ['cmake', 'python']
[0.290s] Level 1:colcon.colcon_core.package_identification:_identify(documents/design/navigation_state_machine) by extension 'cmake'
[0.290s] Level 1:colcon.colcon_core.package_identification:_identify(documents/design/navigation_state_machine) by extension 'python'
[0.290s] Level 1:colcon.colcon_core.package_identification:_identify(documents/design/navigation_state_machine) by extensions ['python_setup_py']
[0.290s] Level 1:colcon.colcon_core.package_identification:_identify(documents/design/navigation_state_machine) by extension 'python_setup_py'
[0.290s] Level 1:colcon.colcon_core.package_identification:_identify(documents/research) by extensions ['ignore', 'ignore_ament_install']
[0.291s] Level 1:colcon.colcon_core.package_identification:_identify(documents/research) by extension 'ignore'
[0.291s] Level 1:colcon.colcon_core.package_identification:_identify(documents/research) by extension 'ignore_ament_install'
[0.291s] Level 1:colcon.colcon_core.package_identification:_identify(documents/research) by extensions ['colcon_pkg']
[0.291s] Level 1:colcon.colcon_core.package_identification:_identify(documents/research) by extension 'colcon_pkg'
[0.291s] Level 1:colcon.colcon_core.package_identification:_identify(documents/research) by extensions ['colcon_meta']
[0.291s] Level 1:colcon.colcon_core.package_identification:_identify(documents/research) by extension 'colcon_meta'
[0.291s] Level 1:colcon.colcon_core.package_identification:_identify(documents/research) by extensions ['ros']
[0.291s] Level 1:colcon.colcon_core.package_identification:_identify(documents/research) by extension 'ros'
[0.291s] Level 1:colcon.colcon_core.package_identification:_identify(documents/research) by extensions ['cmake', 'python']
[0.291s] Level 1:colcon.colcon_core.package_identification:_identify(documents/research) by extension 'cmake'
[0.291s] Level 1:colcon.colcon_core.package_identification:_identify(documents/research) by extension 'python'
[0.291s] Level 1:colcon.colcon_core.package_identification:_identify(documents/research) by extensions ['python_setup_py']
[0.291s] Level 1:colcon.colcon_core.package_identification:_identify(documents/research) by extension 'python_setup_py'
[0.291s] Level 1:colcon.colcon_core.package_identification:_identify(documents/research/imu_issue) by extensions ['ignore', 'ignore_ament_install']
[0.291s] Level 1:colcon.colcon_core.package_identification:_identify(documents/research/imu_issue) by extension 'ignore'
[0.291s] Level 1:colcon.colcon_core.package_identification:_identify(documents/research/imu_issue) by extension 'ignore_ament_install'
[0.291s] Level 1:colcon.colcon_core.package_identification:_identify(documents/research/imu_issue) by extensions ['colcon_pkg']
[0.291s] Level 1:colcon.colcon_core.package_identification:_identify(documents/research/imu_issue) by extension 'colcon_pkg'
[0.292s] Level 1:colcon.colcon_core.package_identification:_identify(documents/research/imu_issue) by extensions ['colcon_meta']
[0.292s] Level 1:colcon.colcon_core.package_identification:_identify(documents/research/imu_issue) by extension 'colcon_meta'
[0.292s] Level 1:colcon.colcon_core.package_identification:_identify(documents/research/imu_issue) by extensions ['ros']
[0.292s] Level 1:colcon.colcon_core.package_identification:_identify(documents/research/imu_issue) by extension 'ros'
[0.292s] Level 1:colcon.colcon_core.package_identification:_identify(documents/research/imu_issue) by extensions ['cmake', 'python']
[0.292s] Level 1:colcon.colcon_core.package_identification:_identify(documents/research/imu_issue) by extension 'cmake'
[0.292s] Level 1:colcon.colcon_core.package_identification:_identify(documents/research/imu_issue) by extension 'python'
[0.292s] Level 1:colcon.colcon_core.package_identification:_identify(documents/research/imu_issue) by extensions ['python_setup_py']
[0.292s] Level 1:colcon.colcon_core.package_identification:_identify(documents/research/imu_issue) by extension 'python_setup_py'
[0.292s] Level 1:colcon.colcon_core.package_identification:_identify(external) by extensions ['ignore', 'ignore_ament_install']
[0.292s] Level 1:colcon.colcon_core.package_identification:_identify(external) by extension 'ignore'
[0.292s] Level 1:colcon.colcon_core.package_identification:_identify(external) by extension 'ignore_ament_install'
[0.292s] Level 1:colcon.colcon_core.package_identification:_identify(external) by extensions ['colcon_pkg']
[0.292s] Level 1:colcon.colcon_core.package_identification:_identify(external) by extension 'colcon_pkg'
[0.292s] Level 1:colcon.colcon_core.package_identification:_identify(external) by extensions ['colcon_meta']
[0.292s] Level 1:colcon.colcon_core.package_identification:_identify(external) by extension 'colcon_meta'
[0.292s] Level 1:colcon.colcon_core.package_identification:_identify(external) by extensions ['ros']
[0.292s] Level 1:colcon.colcon_core.package_identification:_identify(external) by extension 'ros'
[0.293s] Level 1:colcon.colcon_core.package_identification:_identify(external) by extensions ['cmake', 'python']
[0.293s] Level 1:colcon.colcon_core.package_identification:_identify(external) by extension 'cmake'
[0.293s] Level 1:colcon.colcon_core.package_identification:_identify(external) by extension 'python'
[0.293s] Level 1:colcon.colcon_core.package_identification:_identify(external) by extensions ['python_setup_py']
[0.293s] Level 1:colcon.colcon_core.package_identification:_identify(external) by extension 'python_setup_py'
[0.293s] Level 1:colcon.colcon_core.package_identification:_identify(external/elevation_mapping) by extensions ['ignore', 'ignore_ament_install']
[0.293s] Level 1:colcon.colcon_core.package_identification:_identify(external/elevation_mapping) by extension 'ignore'
[0.293s] Level 1:colcon.colcon_core.package_identification:_identify(external/elevation_mapping) by extension 'ignore_ament_install'
[0.293s] Level 1:colcon.colcon_core.package_identification:_identify(external/elevation_mapping) by extensions ['colcon_pkg']
[0.293s] Level 1:colcon.colcon_core.package_identification:_identify(external/elevation_mapping) by extension 'colcon_pkg'
[0.293s] Level 1:colcon.colcon_core.package_identification:_identify(external/elevation_mapping) by extensions ['colcon_meta']
[0.293s] Level 1:colcon.colcon_core.package_identification:_identify(external/elevation_mapping) by extension 'colcon_meta'
[0.293s] Level 1:colcon.colcon_core.package_identification:_identify(external/elevation_mapping) by extensions ['ros']
[0.293s] Level 1:colcon.colcon_core.package_identification:_identify(external/elevation_mapping) by extension 'ros'
[0.293s] Level 1:colcon.colcon_core.package_identification:_identify(external/elevation_mapping) by extensions ['cmake', 'python']
[0.293s] Level 1:colcon.colcon_core.package_identification:_identify(external/elevation_mapping) by extension 'cmake'
[0.293s] Level 1:colcon.colcon_core.package_identification:_identify(external/elevation_mapping) by extension 'python'
[0.294s] Level 1:colcon.colcon_core.package_identification:_identify(external/elevation_mapping) by extensions ['python_setup_py']
[0.294s] Level 1:colcon.colcon_core.package_identification:_identify(external/elevation_mapping) by extension 'python_setup_py'
[0.294s] Level 1:colcon.colcon_core.package_identification:_identify(external/elevation_mapping/elevation_mapping) by extensions ['ignore', 'ignore_ament_install']
[0.294s] Level 1:colcon.colcon_core.package_identification:_identify(external/elevation_mapping/elevation_mapping) by extension 'ignore'
[0.294s] Level 1:colcon.colcon_core.package_identification:_identify(external/elevation_mapping/elevation_mapping) by extension 'ignore_ament_install'
[0.294s] Level 1:colcon.colcon_core.package_identification:_identify(external/elevation_mapping/elevation_mapping) by extensions ['colcon_pkg']
[0.294s] Level 1:colcon.colcon_core.package_identification:_identify(external/elevation_mapping/elevation_mapping) by extension 'colcon_pkg'
[0.294s] Level 1:colcon.colcon_core.package_identification:_identify(external/elevation_mapping/elevation_mapping) by extensions ['colcon_meta']
[0.294s] Level 1:colcon.colcon_core.package_identification:_identify(external/elevation_mapping/elevation_mapping) by extension 'colcon_meta'
[0.294s] Level 1:colcon.colcon_core.package_identification:_identify(external/elevation_mapping/elevation_mapping) by extensions ['ros']
[0.294s] Level 1:colcon.colcon_core.package_identification:_identify(external/elevation_mapping/elevation_mapping) by extension 'ros'
[0.297s] DEBUG:colcon.colcon_core.package_identification:Package 'external/elevation_mapping/elevation_mapping' with type 'ros.catkin' and name 'elevation_mapping'
[0.297s] Level 1:colcon.colcon_core.package_identification:_identify(external/elevation_mapping/elevation_mapping_demos) by extensions ['ignore', 'ignore_ament_install']
[0.297s] Level 1:colcon.colcon_core.package_identification:_identify(external/elevation_mapping/elevation_mapping_demos) by extension 'ignore'
[0.297s] Level 1:colcon.colcon_core.package_identification:_identify(external/elevation_mapping/elevation_mapping_demos) by extension 'ignore_ament_install'
[0.298s] Level 1:colcon.colcon_core.package_identification:_identify(external/elevation_mapping/elevation_mapping_demos) by extensions ['colcon_pkg']
[0.298s] Level 1:colcon.colcon_core.package_identification:_identify(external/elevation_mapping/elevation_mapping_demos) by extension 'colcon_pkg'
[0.298s] Level 1:colcon.colcon_core.package_identification:_identify(external/elevation_mapping/elevation_mapping_demos) by extensions ['colcon_meta']
[0.298s] Level 1:colcon.colcon_core.package_identification:_identify(external/elevation_mapping/elevation_mapping_demos) by extension 'colcon_meta'
[0.298s] Level 1:colcon.colcon_core.package_identification:_identify(external/elevation_mapping/elevation_mapping_demos) by extensions ['ros']
[0.298s] Level 1:colcon.colcon_core.package_identification:_identify(external/elevation_mapping/elevation_mapping_demos) by extension 'ros'
[0.298s] DEBUG:colcon.colcon_core.package_identification:Package 'external/elevation_mapping/elevation_mapping_demos' with type 'ros.catkin' and name 'elevation_mapping_demos'
[0.298s] Level 1:colcon.colcon_core.package_identification:_identify(external/gazebo_ros_control_select_joints) by extensions ['ignore', 'ignore_ament_install']
[0.299s] Level 1:colcon.colcon_core.package_identification:_identify(external/gazebo_ros_control_select_joints) by extension 'ignore'
[0.299s] Level 1:colcon.colcon_core.package_identification:_identify(external/gazebo_ros_control_select_joints) by extension 'ignore_ament_install'
[0.299s] Level 1:colcon.colcon_core.package_identification:_identify(external/gazebo_ros_control_select_joints) by extensions ['colcon_pkg']
[0.299s] Level 1:colcon.colcon_core.package_identification:_identify(external/gazebo_ros_control_select_joints) by extension 'colcon_pkg'
[0.299s] Level 1:colcon.colcon_core.package_identification:_identify(external/gazebo_ros_control_select_joints) by extensions ['colcon_meta']
[0.299s] Level 1:colcon.colcon_core.package_identification:_identify(external/gazebo_ros_control_select_joints) by extension 'colcon_meta'
[0.299s] Level 1:colcon.colcon_core.package_identification:_identify(external/gazebo_ros_control_select_joints) by extensions ['ros']
[0.299s] Level 1:colcon.colcon_core.package_identification:_identify(external/gazebo_ros_control_select_joints) by extension 'ros'
[0.300s] DEBUG:colcon.colcon_core.package_identification:Package 'external/gazebo_ros_control_select_joints' with type 'ros.catkin' and name 'gazebo_ros_control_select_joints'
[0.300s] Level 1:colcon.colcon_core.package_identification:_identify(external/kindr_ros) by extensions ['ignore', 'ignore_ament_install']
[0.300s] Level 1:colcon.colcon_core.package_identification:_identify(external/kindr_ros) by extension 'ignore'
[0.300s] Level 1:colcon.colcon_core.package_identification:_identify(external/kindr_ros) by extension 'ignore_ament_install'
[0.300s] Level 1:colcon.colcon_core.package_identification:_identify(external/kindr_ros) by extensions ['colcon_pkg']
[0.300s] Level 1:colcon.colcon_core.package_identification:_identify(external/kindr_ros) by extension 'colcon_pkg'
[0.300s] Level 1:colcon.colcon_core.package_identification:_identify(external/kindr_ros) by extensions ['colcon_meta']
[0.300s] Level 1:colcon.colcon_core.package_identification:_identify(external/kindr_ros) by extension 'colcon_meta'
[0.300s] Level 1:colcon.colcon_core.package_identification:_identify(external/kindr_ros) by extensions ['ros']
[0.301s] Level 1:colcon.colcon_core.package_identification:_identify(external/kindr_ros) by extension 'ros'
[0.301s] Level 1:colcon.colcon_core.package_identification:_identify(external/kindr_ros) by extensions ['cmake', 'python']
[0.301s] Level 1:colcon.colcon_core.package_identification:_identify(external/kindr_ros) by extension 'cmake'
[0.301s] Level 1:colcon.colcon_core.package_identification:_identify(external/kindr_ros) by extension 'python'
[0.301s] Level 1:colcon.colcon_core.package_identification:_identify(external/kindr_ros) by extensions ['python_setup_py']
[0.301s] Level 1:colcon.colcon_core.package_identification:_identify(external/kindr_ros) by extension 'python_setup_py'
[0.301s] Level 1:colcon.colcon_core.package_identification:_identify(external/kindr_ros/kindr_msgs) by extensions ['ignore', 'ignore_ament_install']
[0.301s] Level 1:colcon.colcon_core.package_identification:_identify(external/kindr_ros/kindr_msgs) by extension 'ignore'
[0.301s] Level 1:colcon.colcon_core.package_identification:_identify(external/kindr_ros/kindr_msgs) by extension 'ignore_ament_install'
[0.301s] Level 1:colcon.colcon_core.package_identification:_identify(external/kindr_ros/kindr_msgs) by extensions ['colcon_pkg']
[0.301s] Level 1:colcon.colcon_core.package_identification:_identify(external/kindr_ros/kindr_msgs) by extension 'colcon_pkg'
[0.301s] Level 1:colcon.colcon_core.package_identification:_identify(external/kindr_ros/kindr_msgs) by extensions ['colcon_meta']
[0.301s] Level 1:colcon.colcon_core.package_identification:_identify(external/kindr_ros/kindr_msgs) by extension 'colcon_meta'
[0.301s] Level 1:colcon.colcon_core.package_identification:_identify(external/kindr_ros/kindr_msgs) by extensions ['ros']
[0.301s] Level 1:colcon.colcon_core.package_identification:_identify(external/kindr_ros/kindr_msgs) by extension 'ros'
[0.302s] DEBUG:colcon.colcon_core.package_identification:Package 'external/kindr_ros/kindr_msgs' with type 'ros.catkin' and name 'kindr_msgs'
[0.302s] Level 1:colcon.colcon_core.package_identification:_identify(external/kindr_ros/kindr_ros) by extensions ['ignore', 'ignore_ament_install']
[0.302s] Level 1:colcon.colcon_core.package_identification:_identify(external/kindr_ros/kindr_ros) by extension 'ignore'
[0.302s] Level 1:colcon.colcon_core.package_identification:_identify(external/kindr_ros/kindr_ros) by extension 'ignore_ament_install'
[0.302s] Level 1:colcon.colcon_core.package_identification:_identify(external/kindr_ros/kindr_ros) by extensions ['colcon_pkg']
[0.302s] Level 1:colcon.colcon_core.package_identification:_identify(external/kindr_ros/kindr_ros) by extension 'colcon_pkg'
[0.302s] Level 1:colcon.colcon_core.package_identification:_identify(external/kindr_ros/kindr_ros) by extensions ['colcon_meta']
[0.302s] Level 1:colcon.colcon_core.package_identification:_identify(external/kindr_ros/kindr_ros) by extension 'colcon_meta'
[0.303s] Level 1:colcon.colcon_core.package_identification:_identify(external/kindr_ros/kindr_ros) by extensions ['ros']
[0.303s] Level 1:colcon.colcon_core.package_identification:_identify(external/kindr_ros/kindr_ros) by extension 'ros'
[0.303s] DEBUG:colcon.colcon_core.package_identification:Package 'external/kindr_ros/kindr_ros' with type 'ros.catkin' and name 'kindr_ros'
[0.303s] Level 1:colcon.colcon_core.package_identification:_identify(external/kindr_ros/kindr_rviz_plugins) by extensions ['ignore', 'ignore_ament_install']
[0.303s] Level 1:colcon.colcon_core.package_identification:_identify(external/kindr_ros/kindr_rviz_plugins) by extension 'ignore'
[0.304s] Level 1:colcon.colcon_core.package_identification:_identify(external/kindr_ros/kindr_rviz_plugins) by extension 'ignore_ament_install'
[0.304s] Level 1:colcon.colcon_core.package_identification:_identify(external/kindr_ros/kindr_rviz_plugins) by extensions ['colcon_pkg']
[0.304s] Level 1:colcon.colcon_core.package_identification:_identify(external/kindr_ros/kindr_rviz_plugins) by extension 'colcon_pkg'
[0.304s] Level 1:colcon.colcon_core.package_identification:_identify(external/kindr_ros/kindr_rviz_plugins) by extensions ['colcon_meta']
[0.304s] Level 1:colcon.colcon_core.package_identification:_identify(external/kindr_ros/kindr_rviz_plugins) by extension 'colcon_meta'
[0.304s] Level 1:colcon.colcon_core.package_identification:_identify(external/kindr_ros/kindr_rviz_plugins) by extensions ['ros']
[0.304s] Level 1:colcon.colcon_core.package_identification:_identify(external/kindr_ros/kindr_rviz_plugins) by extension 'ros'
[0.304s] DEBUG:colcon.colcon_core.package_identification:Package 'external/kindr_ros/kindr_rviz_plugins' with type 'ros.catkin' and name 'kindr_rviz_plugins'
[0.305s] Level 1:colcon.colcon_core.package_identification:_identify(external/kindr_ros/multi_dof_joint_trajectory_rviz_plugins) by extensions ['ignore', 'ignore_ament_install']
[0.305s] Level 1:colcon.colcon_core.package_identification:_identify(external/kindr_ros/multi_dof_joint_trajectory_rviz_plugins) by extension 'ignore'
[0.305s] Level 1:colcon.colcon_core.package_identification:_identify(external/kindr_ros/multi_dof_joint_trajectory_rviz_plugins) by extension 'ignore_ament_install'
[0.305s] Level 1:colcon.colcon_core.package_identification:_identify(external/kindr_ros/multi_dof_joint_trajectory_rviz_plugins) by extensions ['colcon_pkg']
[0.305s] Level 1:colcon.colcon_core.package_identification:_identify(external/kindr_ros/multi_dof_joint_trajectory_rviz_plugins) by extension 'colcon_pkg'
[0.305s] Level 1:colcon.colcon_core.package_identification:_identify(external/kindr_ros/multi_dof_joint_trajectory_rviz_plugins) by extensions ['colcon_meta']
[0.305s] Level 1:colcon.colcon_core.package_identification:_identify(external/kindr_ros/multi_dof_joint_trajectory_rviz_plugins) by extension 'colcon_meta'
[0.305s] Level 1:colcon.colcon_core.package_identification:_identify(external/kindr_ros/multi_dof_joint_trajectory_rviz_plugins) by extensions ['ros']
[0.305s] Level 1:colcon.colcon_core.package_identification:_identify(external/kindr_ros/multi_dof_joint_trajectory_rviz_plugins) by extension 'ros'
[0.306s] DEBUG:colcon.colcon_core.package_identification:Package 'external/kindr_ros/multi_dof_joint_trajectory_rviz_plugins' with type 'ros.catkin' and name 'multi_dof_joint_trajectory_rviz_plugins'
[0.306s] Level 1:colcon.colcon_core.package_identification:_identify(external/rj-ros-common) by extensions ['ignore', 'ignore_ament_install']
[0.306s] Level 1:colcon.colcon_core.package_identification:_identify(external/rj-ros-common) by extension 'ignore'
[0.306s] Level 1:colcon.colcon_core.package_identification:_identify(external/rj-ros-common) by extension 'ignore_ament_install'
[0.306s] Level 1:colcon.colcon_core.package_identification:_identify(external/rj-ros-common) by extensions ['colcon_pkg']
[0.306s] Level 1:colcon.colcon_core.package_identification:_identify(external/rj-ros-common) by extension 'colcon_pkg'
[0.306s] Level 1:colcon.colcon_core.package_identification:_identify(external/rj-ros-common) by extensions ['colcon_meta']
[0.306s] Level 1:colcon.colcon_core.package_identification:_identify(external/rj-ros-common) by extension 'colcon_meta'
[0.306s] Level 1:colcon.colcon_core.package_identification:_identify(external/rj-ros-common) by extensions ['ros']
[0.306s] Level 1:colcon.colcon_core.package_identification:_identify(external/rj-ros-common) by extension 'ros'
[0.306s] Level 1:colcon.colcon_core.package_identification:_identify(external/rj-ros-common) by extensions ['cmake', 'python']
[0.306s] Level 1:colcon.colcon_core.package_identification:_identify(external/rj-ros-common) by extension 'cmake'
[0.306s] Level 1:colcon.colcon_core.package_identification:_identify(external/rj-ros-common) by extension 'python'
[0.306s] Level 1:colcon.colcon_core.package_identification:_identify(external/rj-ros-common) by extensions ['python_setup_py']
[0.306s] Level 1:colcon.colcon_core.package_identification:_identify(external/rj-ros-common) by extension 'python_setup_py'
[0.307s] Level 1:colcon.colcon_core.package_identification:_identify(external/rj-ros-common/parameter_assertions) by extensions ['ignore', 'ignore_ament_install']
[0.307s] Level 1:colcon.colcon_core.package_identification:_identify(external/rj-ros-common/parameter_assertions) by extension 'ignore'
[0.307s] Level 1:colcon.colcon_core.package_identification:_identify(external/rj-ros-common/parameter_assertions) by extension 'ignore_ament_install'
[0.307s] Level 1:colcon.colcon_core.package_identification:_identify(external/rj-ros-common/parameter_assertions) by extensions ['colcon_pkg']
[0.307s] Level 1:colcon.colcon_core.package_identification:_identify(external/rj-ros-common/parameter_assertions) by extension 'colcon_pkg'
[0.307s] Level 1:colcon.colcon_core.package_identification:_identify(external/rj-ros-common/parameter_assertions) by extensions ['colcon_meta']
[0.307s] Level 1:colcon.colcon_core.package_identification:_identify(external/rj-ros-common/parameter_assertions) by extension 'colcon_meta'
[0.307s] Level 1:colcon.colcon_core.package_identification:_identify(external/rj-ros-common/parameter_assertions) by extensions ['ros']
[0.307s] Level 1:colcon.colcon_core.package_identification:_identify(external/rj-ros-common/parameter_assertions) by extension 'ros'
[0.308s] DEBUG:colcon.colcon_core.package_identification:Package 'external/rj-ros-common/parameter_assertions' with type 'ros.catkin' and name 'parameter_assertions'
[0.308s] Level 1:colcon.colcon_core.package_identification:_identify(external/serial) by extensions ['ignore', 'ignore_ament_install']
[0.308s] Level 1:colcon.colcon_core.package_identification:_identify(external/serial) by extension 'ignore'
[0.308s] Level 1:colcon.colcon_core.package_identification:_identify(external/serial) by extension 'ignore_ament_install'
[0.308s] Level 1:colcon.colcon_core.package_identification:_identify(external/serial) by extensions ['colcon_pkg']
[0.308s] Level 1:colcon.colcon_core.package_identification:_identify(external/serial) by extension 'colcon_pkg'
[0.308s] Level 1:colcon.colcon_core.package_identification:_identify(external/serial) by extensions ['colcon_meta']
[0.308s] Level 1:colcon.colcon_core.package_identification:_identify(external/serial) by extension 'colcon_meta'
[0.308s] Level 1:colcon.colcon_core.package_identification:_identify(external/serial) by extensions ['ros']
[0.308s] Level 1:colcon.colcon_core.package_identification:_identify(external/serial) by extension 'ros'
[0.309s] DEBUG:colcon.colcon_core.package_identification:Package 'external/serial' with type 'ros.catkin' and name 'serial'
[0.309s] Level 1:colcon.colcon_core.package_identification:_identify(igvc_description) by extensions ['ignore', 'ignore_ament_install']
[0.309s] Level 1:colcon.colcon_core.package_identification:_identify(igvc_description) by extension 'ignore'
[0.309s] Level 1:colcon.colcon_core.package_identification:_identify(igvc_description) by extension 'ignore_ament_install'
[0.309s] Level 1:colcon.colcon_core.package_identification:_identify(igvc_description) by extensions ['colcon_pkg']
[0.309s] Level 1:colcon.colcon_core.package_identification:_identify(igvc_description) by extension 'colcon_pkg'
[0.309s] Level 1:colcon.colcon_core.package_identification:_identify(igvc_description) by extensions ['colcon_meta']
[0.309s] Level 1:colcon.colcon_core.package_identification:_identify(igvc_description) by extension 'colcon_meta'
[0.309s] Level 1:colcon.colcon_core.package_identification:_identify(igvc_description) by extensions ['ros']
[0.309s] Level 1:colcon.colcon_core.package_identification:_identify(igvc_description) by extension 'ros'
[0.310s] DEBUG:colcon.colcon_core.package_identification:Package 'igvc_description' with type 'ros.catkin' and name 'igvc_description'
[0.310s] Level 1:colcon.colcon_core.package_identification:_identify(igvc_gazebo) by extensions ['ignore', 'ignore_ament_install']
[0.310s] Level 1:colcon.colcon_core.package_identification:_identify(igvc_gazebo) by extension 'ignore'
[0.310s] Level 1:colcon.colcon_core.package_identification:_identify(igvc_gazebo) by extension 'ignore_ament_install'
[0.310s] Level 1:colcon.colcon_core.package_identification:_identify(igvc_gazebo) by extensions ['colcon_pkg']
[0.310s] Level 1:colcon.colcon_core.package_identification:_identify(igvc_gazebo) by extension 'colcon_pkg'
[0.310s] Level 1:colcon.colcon_core.package_identification:_identify(igvc_gazebo) by extensions ['colcon_meta']
[0.310s] Level 1:colcon.colcon_core.package_identification:_identify(igvc_gazebo) by extension 'colcon_meta'
[0.310s] Level 1:colcon.colcon_core.package_identification:_identify(igvc_gazebo) by extensions ['ros']
[0.310s] Level 1:colcon.colcon_core.package_identification:_identify(igvc_gazebo) by extension 'ros'
[0.311s] DEBUG:colcon.colcon_core.package_identification:Package 'igvc_gazebo' with type 'ros.catkin' and name 'igvc_gazebo'
[0.311s] Level 1:colcon.colcon_core.package_identification:_identify(igvc_msgs) by extensions ['ignore', 'ignore_ament_install']
[0.312s] Level 1:colcon.colcon_core.package_identification:_identify(igvc_msgs) by extension 'ignore'
[0.312s] Level 1:colcon.colcon_core.package_identification:_identify(igvc_msgs) by extension 'ignore_ament_install'
[0.312s] Level 1:colcon.colcon_core.package_identification:_identify(igvc_msgs) by extensions ['colcon_pkg']
[0.312s] Level 1:colcon.colcon_core.package_identification:_identify(igvc_msgs) by extension 'colcon_pkg'
[0.312s] Level 1:colcon.colcon_core.package_identification:_identify(igvc_msgs) by extensions ['colcon_meta']
[0.312s] Level 1:colcon.colcon_core.package_identification:_identify(igvc_msgs) by extension 'colcon_meta'
[0.312s] Level 1:colcon.colcon_core.package_identification:_identify(igvc_msgs) by extensions ['ros']
[0.312s] Level 1:colcon.colcon_core.package_identification:_identify(igvc_msgs) by extension 'ros'
[0.313s] DEBUG:colcon.colcon_core.package_identification:Package 'igvc_msgs' with type 'ros.catkin' and name 'igvc_msgs'
[0.313s] Level 1:colcon.colcon_core.package_identification:_identify(igvc_navigation) by extensions ['ignore', 'ignore_ament_install']
[0.313s] Level 1:colcon.colcon_core.package_identification:_identify(igvc_navigation) by extension 'ignore'
[0.313s] Level 1:colcon.colcon_core.package_identification:_identify(igvc_navigation) by extension 'ignore_ament_install'
[0.313s] Level 1:colcon.colcon_core.package_identification:_identify(igvc_navigation) by extensions ['colcon_pkg']
[0.313s] Level 1:colcon.colcon_core.package_identification:_identify(igvc_navigation) by extension 'colcon_pkg'
[0.313s] Level 1:colcon.colcon_core.package_identification:_identify(igvc_navigation) by extensions ['colcon_meta']
[0.313s] Level 1:colcon.colcon_core.package_identification:_identify(igvc_navigation) by extension 'colcon_meta'
[0.313s] Level 1:colcon.colcon_core.package_identification:_identify(igvc_navigation) by extensions ['ros']
[0.313s] Level 1:colcon.colcon_core.package_identification:_identify(igvc_navigation) by extension 'ros'
[0.316s] DEBUG:colcon.colcon_core.package_identification:Package 'igvc_navigation' with type 'ros.catkin' and name 'igvc_navigation'
[0.316s] Level 1:colcon.colcon_core.package_identification:_identify(igvc_perception) by extensions ['ignore', 'ignore_ament_install']
[0.316s] Level 1:colcon.colcon_core.package_identification:_identify(igvc_perception) by extension 'ignore'
[0.316s] Level 1:colcon.colcon_core.package_identification:_identify(igvc_perception) by extension 'ignore_ament_install'
[0.317s] Level 1:colcon.colcon_core.package_identification:_identify(igvc_perception) by extensions ['colcon_pkg']
[0.317s] Level 1:colcon.colcon_core.package_identification:_identify(igvc_perception) by extension 'colcon_pkg'
[0.317s] Level 1:colcon.colcon_core.package_identification:_identify(igvc_perception) by extensions ['colcon_meta']
[0.317s] Level 1:colcon.colcon_core.package_identification:_identify(igvc_perception) by extension 'colcon_meta'
[0.317s] Level 1:colcon.colcon_core.package_identification:_identify(igvc_perception) by extensions ['ros']
[0.317s] Level 1:colcon.colcon_core.package_identification:_identify(igvc_perception) by extension 'ros'
[0.318s] DEBUG:colcon.colcon_core.package_identification:Package 'igvc_perception' with type 'ros.catkin' and name 'igvc_perception'
[0.318s] Level 1:colcon.colcon_core.package_identification:_identify(igvc_platform) by extensions ['ignore', 'ignore_ament_install']
[0.318s] Level 1:colcon.colcon_core.package_identification:_identify(igvc_platform) by extension 'ignore'
[0.318s] Level 1:colcon.colcon_core.package_identification:_identify(igvc_platform) by extension 'ignore_ament_install'
[0.319s] Level 1:colcon.colcon_core.package_identification:_identify(igvc_platform) by extensions ['colcon_pkg']
[0.319s] Level 1:colcon.colcon_core.package_identification:_identify(igvc_platform) by extension 'colcon_pkg'
[0.319s] Level 1:colcon.colcon_core.package_identification:_identify(igvc_platform) by extensions ['colcon_meta']
[0.319s] Level 1:colcon.colcon_core.package_identification:_identify(igvc_platform) by extension 'colcon_meta'
[0.319s] Level 1:colcon.colcon_core.package_identification:_identify(igvc_platform) by extensions ['ros']
[0.319s] Level 1:colcon.colcon_core.package_identification:_identify(igvc_platform) by extension 'ros'
[0.320s] DEBUG:colcon.colcon_core.package_identification:Package 'igvc_platform' with type 'ros.catkin' and name 'igvc_platform'
[0.320s] Level 1:colcon.colcon_core.package_identification:_identify(igvc_rviz_plugins) by extensions ['ignore', 'ignore_ament_install']
[0.320s] Level 1:colcon.colcon_core.package_identification:_identify(igvc_rviz_plugins) by extension 'ignore'
[0.320s] Level 1:colcon.colcon_core.package_identification:_identify(igvc_rviz_plugins) by extension 'ignore_ament_install'
[0.320s] Level 1:colcon.colcon_core.package_identification:_identify(igvc_rviz_plugins) by extensions ['colcon_pkg']
[0.320s] Level 1:colcon.colcon_core.package_identification:_identify(igvc_rviz_plugins) by extension 'colcon_pkg'
[0.320s] Level 1:colcon.colcon_core.package_identification:_identify(igvc_rviz_plugins) by extensions ['colcon_meta']
[0.320s] Level 1:colcon.colcon_core.package_identification:_identify(igvc_rviz_plugins) by extension 'colcon_meta'
[0.320s] Level 1:colcon.colcon_core.package_identification:_identify(igvc_rviz_plugins) by extensions ['ros']
[0.320s] Level 1:colcon.colcon_core.package_identification:_identify(igvc_rviz_plugins) by extension 'ros'
[0.321s] DEBUG:colcon.colcon_core.package_identification:Package 'igvc_rviz_plugins' with type 'ros.catkin' and name 'igvc_rviz_plugins'
[0.321s] Level 1:colcon.colcon_core.package_identification:_identify(igvc_sandbox) by extensions ['ignore', 'ignore_ament_install']
[0.321s] Level 1:colcon.colcon_core.package_identification:_identify(igvc_sandbox) by extension 'ignore'
[0.321s] Level 1:colcon.colcon_core.package_identification:_identify(igvc_sandbox) by extension 'ignore_ament_install'
[0.322s] Level 1:colcon.colcon_core.package_identification:_identify(igvc_sandbox) by extensions ['colcon_pkg']
[0.322s] Level 1:colcon.colcon_core.package_identification:_identify(igvc_sandbox) by extension 'colcon_pkg'
[0.322s] Level 1:colcon.colcon_core.package_identification:_identify(igvc_sandbox) by extensions ['colcon_meta']
[0.322s] Level 1:colcon.colcon_core.package_identification:_identify(igvc_sandbox) by extension 'colcon_meta'
[0.322s] Level 1:colcon.colcon_core.package_identification:_identify(igvc_sandbox) by extensions ['ros']
[0.322s] Level 1:colcon.colcon_core.package_identification:_identify(igvc_sandbox) by extension 'ros'
[0.322s] DEBUG:colcon.colcon_core.package_identification:Package 'igvc_sandbox' with type 'ros.catkin' and name 'igvc_sandbox'
[0.322s] Level 1:colcon.colcon_core.package_identification:_identify(igvc_utils) by extensions ['ignore', 'ignore_ament_install']
[0.322s] Level 1:colcon.colcon_core.package_identification:_identify(igvc_utils) by extension 'ignore'
[0.322s] Level 1:colcon.colcon_core.package_identification:_identify(igvc_utils) by extension 'ignore_ament_install'
[0.323s] Level 1:colcon.colcon_core.package_identification:_identify(igvc_utils) by extensions ['colcon_pkg']
[0.323s] Level 1:colcon.colcon_core.package_identification:_identify(igvc_utils) by extension 'colcon_pkg'
[0.323s] Level 1:colcon.colcon_core.package_identification:_identify(igvc_utils) by extensions ['colcon_meta']
[0.323s] Level 1:colcon.colcon_core.package_identification:_identify(igvc_utils) by extension 'colcon_meta'
[0.323s] Level 1:colcon.colcon_core.package_identification:_identify(igvc_utils) by extensions ['ros']
[0.323s] Level 1:colcon.colcon_core.package_identification:_identify(igvc_utils) by extension 'ros'
[0.324s] DEBUG:colcon.colcon_core.package_identification:Package 'igvc_utils' with type 'ros.catkin' and name 'igvc_utils'
[0.324s] Level 1:colcon.colcon_core.package_identification:_identify(install) by extensions ['ignore', 'ignore_ament_install']
[0.324s] Level 1:colcon.colcon_core.package_identification:_identify(install) by extension 'ignore'
[0.324s] Level 1:colcon.colcon_core.package_identification:_identify(install) ignored
[0.324s] Level 1:colcon.colcon_core.package_identification:_identify(log) by extensions ['ignore', 'ignore_ament_install']
[0.324s] Level 1:colcon.colcon_core.package_identification:_identify(log) by extension 'ignore'
[0.324s] Level 1:colcon.colcon_core.package_identification:_identify(log) ignored
[0.324s] Level 1:colcon.colcon_core.package_discovery:discover_packages(recursive) using defaults
[0.325s] Level 1:colcon.colcon_core.package_discovery:discover_packages(ignore) discover
[0.325s] Level 1:colcon.colcon_core.package_discovery:discover_packages(ignore) using defaults
[0.325s] Level 1:colcon.colcon_core.package_discovery:discover_packages(path) discover
[0.325s] Level 1:colcon.colcon_core.package_discovery:discover_packages(path) using defaults
[0.347s] Level 5:colcon.colcon_core.verb:set package 'gazebo_ros_control_select_joints' build argument 'cmake_args' from command line to 'None'
[0.347s] Level 5:colcon.colcon_core.verb:set package 'gazebo_ros_control_select_joints' build argument 'cmake_target' from command line to 'None'
[0.347s] Level 5:colcon.colcon_core.verb:set package 'gazebo_ros_control_select_joints' build argument 'cmake_target_skip_unavailable' from command line to 'False'
[0.347s] Level 5:colcon.colcon_core.verb:set package 'gazebo_ros_control_select_joints' build argument 'cmake_clean_cache' from command line to 'False'
[0.347s] Level 5:colcon.colcon_core.verb:set package 'gazebo_ros_control_select_joints' build argument 'cmake_clean_first' from command line to 'False'
[0.347s] Level 5:colcon.colcon_core.verb:set package 'gazebo_ros_control_select_joints' build argument 'cmake_force_configure' from command line to 'False'
[0.347s] Level 5:colcon.colcon_core.verb:set package 'gazebo_ros_control_select_joints' build argument 'ament_cmake_args' from command line to 'None'
[0.347s] Level 5:colcon.colcon_core.verb:set package 'gazebo_ros_control_select_joints' build argument 'catkin_cmake_args' from command line to 'None'
[0.347s] Level 5:colcon.colcon_core.verb:set package 'gazebo_ros_control_select_joints' build argument 'catkin_skip_building_tests' from command line to 'False'
[0.348s] DEBUG:colcon.colcon_core.verb:Building package 'gazebo_ros_control_select_joints' with the following arguments: {'ament_cmake_args': None, 'build_base': '/home/henry/Robojackets/igvc-software/build/gazebo_ros_control_select_joints', 'catkin_cmake_args': None, 'catkin_skip_building_tests': False, 'cmake_args': None, 'cmake_clean_cache': False, 'cmake_clean_first': False, 'cmake_force_configure': False, 'cmake_target': None, 'cmake_target_skip_unavailable': False, 'install_base': '/home/henry/Robojackets/igvc-software/install/gazebo_ros_control_select_joints', 'merge_install': False, 'path': '/home/henry/Robojackets/igvc-software/external/gazebo_ros_control_select_joints', 'symlink_install': False, 'test_result_base': None}
[0.350s] Level 5:colcon.colcon_core.verb:set package 'igvc_description' build argument 'cmake_args' from command line to 'None'
[0.350s] Level 5:colcon.colcon_core.verb:set package 'igvc_description' build argument 'cmake_target' from command line to 'None'
[0.350s] Level 5:colcon.colcon_core.verb:set package 'igvc_description' build argument 'cmake_target_skip_unavailable' from command line to 'False'
[0.350s] Level 5:colcon.colcon_core.verb:set package 'igvc_description' build argument 'cmake_clean_cache' from command line to 'False'
[0.350s] Level 5:colcon.colcon_core.verb:set package 'igvc_description' build argument 'cmake_clean_first' from command line to 'False'
[0.350s] Level 5:colcon.colcon_core.verb:set package 'igvc_description' build argument 'cmake_force_configure' from command line to 'False'
[0.350s] Level 5:colcon.colcon_core.verb:set package 'igvc_description' build argument 'ament_cmake_args' from command line to 'None'
[0.350s] Level 5:colcon.colcon_core.verb:set package 'igvc_description' build argument 'catkin_cmake_args' from command line to 'None'
[0.350s] Level 5:colcon.colcon_core.verb:set package 'igvc_description' build argument 'catkin_skip_building_tests' from command line to 'False'
[0.350s] DEBUG:colcon.colcon_core.verb:Building package 'igvc_description' with the following arguments: {'ament_cmake_args': None, 'build_base': '/home/henry/Robojackets/igvc-software/build/igvc_description', 'catkin_cmake_args': None, 'catkin_skip_building_tests': False, 'cmake_args': None, 'cmake_clean_cache': False, 'cmake_clean_first': False, 'cmake_force_configure': False, 'cmake_target': None, 'cmake_target_skip_unavailable': False, 'install_base': '/home/henry/Robojackets/igvc-software/install/igvc_description', 'merge_install': False, 'path': '/home/henry/Robojackets/igvc-software/igvc_description', 'symlink_install': False, 'test_result_base': None}
[0.353s] Level 5:colcon.colcon_core.verb:set package 'igvc_msgs' build argument 'cmake_args' from command line to 'None'
[0.353s] Level 5:colcon.colcon_core.verb:set package 'igvc_msgs' build argument 'cmake_target' from command line to 'None'
[0.353s] Level 5:colcon.colcon_core.verb:set package 'igvc_msgs' build argument 'cmake_target_skip_unavailable' from command line to 'False'
[0.353s] Level 5:colcon.colcon_core.verb:set package 'igvc_msgs' build argument 'cmake_clean_cache' from command line to 'False'
[0.353s] Level 5:colcon.colcon_core.verb:set package 'igvc_msgs' build argument 'cmake_clean_first' from command line to 'False'
[0.353s] Level 5:colcon.colcon_core.verb:set package 'igvc_msgs' build argument 'cmake_force_configure' from command line to 'False'
[0.354s] Level 5:colcon.colcon_core.verb:set package 'igvc_msgs' build argument 'ament_cmake_args' from command line to 'None'
[0.354s] Level 5:colcon.colcon_core.verb:set package 'igvc_msgs' build argument 'catkin_cmake_args' from command line to 'None'
[0.354s] Level 5:colcon.colcon_core.verb:set package 'igvc_msgs' build argument 'catkin_skip_building_tests' from command line to 'False'
[0.354s] DEBUG:colcon.colcon_core.verb:Building package 'igvc_msgs' with the following arguments: {'ament_cmake_args': None, 'build_base': '/home/henry/Robojackets/igvc-software/build/igvc_msgs', 'catkin_cmake_args': None, 'catkin_skip_building_tests': False, 'cmake_args': None, 'cmake_clean_cache': False, 'cmake_clean_first': False, 'cmake_force_configure': False, 'cmake_target': None, 'cmake_target_skip_unavailable': False, 'install_base': '/home/henry/Robojackets/igvc-software/install/igvc_msgs', 'merge_install': False, 'path': '/home/henry/Robojackets/igvc-software/igvc_msgs', 'symlink_install': False, 'test_result_base': None}
[0.357s] Level 5:colcon.colcon_core.verb:set package 'igvc_sandbox' build argument 'cmake_args' from command line to 'None'
[0.357s] Level 5:colcon.colcon_core.verb:set package 'igvc_sandbox' build argument 'cmake_target' from command line to 'None'
[0.357s] Level 5:colcon.colcon_core.verb:set package 'igvc_sandbox' build argument 'cmake_target_skip_unavailable' from command line to 'False'
[0.357s] Level 5:colcon.colcon_core.verb:set package 'igvc_sandbox' build argument 'cmake_clean_cache' from command line to 'False'
[0.357s] Level 5:colcon.colcon_core.verb:set package 'igvc_sandbox' build argument 'cmake_clean_first' from command line to 'False'
[0.357s] Level 5:colcon.colcon_core.verb:set package 'igvc_sandbox' build argument 'cmake_force_configure' from command line to 'False'
[0.357s] Level 5:colcon.colcon_core.verb:set package 'igvc_sandbox' build argument 'ament_cmake_args' from command line to 'None'
[0.357s] Level 5:colcon.colcon_core.verb:set package 'igvc_sandbox' build argument 'catkin_cmake_args' from command line to 'None'
[0.357s] Level 5:colcon.colcon_core.verb:set package 'igvc_sandbox' build argument 'catkin_skip_building_tests' from command line to 'False'
[0.357s] DEBUG:colcon.colcon_core.verb:Building package 'igvc_sandbox' with the following arguments: {'ament_cmake_args': None, 'build_base': '/home/henry/Robojackets/igvc-software/build/igvc_sandbox', 'catkin_cmake_args': None, 'catkin_skip_building_tests': False, 'cmake_args': None, 'cmake_clean_cache': False, 'cmake_clean_first': False, 'cmake_force_configure': False, 'cmake_target': None, 'cmake_target_skip_unavailable': False, 'install_base': '/home/henry/Robojackets/igvc-software/install/igvc_sandbox', 'merge_install': False, 'path': '/home/henry/Robojackets/igvc-software/igvc_sandbox', 'symlink_install': False, 'test_result_base': None}
[0.360s] Level 5:colcon.colcon_core.verb:set package 'kindr_msgs' build argument 'cmake_args' from command line to 'None'
[0.360s] Level 5:colcon.colcon_core.verb:set package 'kindr_msgs' build argument 'cmake_target' from command line to 'None'
[0.360s] Level 5:colcon.colcon_core.verb:set package 'kindr_msgs' build argument 'cmake_target_skip_unavailable' from command line to 'False'
[0.361s] Level 5:colcon.colcon_core.verb:set package 'kindr_msgs' build argument 'cmake_clean_cache' from command line to 'False'
[0.361s] Level 5:colcon.colcon_core.verb:set package 'kindr_msgs' build argument 'cmake_clean_first' from command line to 'False'
[0.361s] Level 5:colcon.colcon_core.verb:set package 'kindr_msgs' build argument 'cmake_force_configure' from command line to 'False'
[0.361s] Level 5:colcon.colcon_core.verb:set package 'kindr_msgs' build argument 'ament_cmake_args' from command line to 'None'
[0.361s] Level 5:colcon.colcon_core.verb:set package 'kindr_msgs' build argument 'catkin_cmake_args' from command line to 'None'
[0.361s] Level 5:colcon.colcon_core.verb:set package 'kindr_msgs' build argument 'catkin_skip_building_tests' from command line to 'False'
[0.361s] DEBUG:colcon.colcon_core.verb:Building package 'kindr_msgs' with the following arguments: {'ament_cmake_args': None, 'build_base': '/home/henry/Robojackets/igvc-software/build/kindr_msgs', 'catkin_cmake_args': None, 'catkin_skip_building_tests': False, 'cmake_args': None, 'cmake_clean_cache': False, 'cmake_clean_first': False, 'cmake_force_configure': False, 'cmake_target': None, 'cmake_target_skip_unavailable': False, 'install_base': '/home/henry/Robojackets/igvc-software/install/kindr_msgs', 'merge_install': False, 'path': '/home/henry/Robojackets/igvc-software/external/kindr_ros/kindr_msgs', 'symlink_install': False, 'test_result_base': None}
[0.363s] Level 5:colcon.colcon_core.verb:set package 'kindr_ros' build argument 'cmake_args' from command line to 'None'
[0.363s] Level 5:colcon.colcon_core.verb:set package 'kindr_ros' build argument 'cmake_target' from command line to 'None'
[0.363s] Level 5:colcon.colcon_core.verb:set package 'kindr_ros' build argument 'cmake_target_skip_unavailable' from command line to 'False'
[0.364s] Level 5:colcon.colcon_core.verb:set package 'kindr_ros' build argument 'cmake_clean_cache' from command line to 'False'
[0.364s] Level 5:colcon.colcon_core.verb:set package 'kindr_ros' build argument 'cmake_clean_first' from command line to 'False'
[0.364s] Level 5:colcon.colcon_core.verb:set package 'kindr_ros' build argument 'cmake_force_configure' from command line to 'False'
[0.364s] Level 5:colcon.colcon_core.verb:set package 'kindr_ros' build argument 'ament_cmake_args' from command line to 'None'
[0.364s] Level 5:colcon.colcon_core.verb:set package 'kindr_ros' build argument 'catkin_cmake_args' from command line to 'None'
[0.364s] Level 5:colcon.colcon_core.verb:set package 'kindr_ros' build argument 'catkin_skip_building_tests' from command line to 'False'
[0.364s] DEBUG:colcon.colcon_core.verb:Building package 'kindr_ros' with the following arguments: {'ament_cmake_args': None, 'build_base': '/home/henry/Robojackets/igvc-software/build/kindr_ros', 'catkin_cmake_args': None, 'catkin_skip_building_tests': False, 'cmake_args': None, 'cmake_clean_cache': False, 'cmake_clean_first': False, 'cmake_force_configure': False, 'cmake_target': None, 'cmake_target_skip_unavailable': False, 'install_base': '/home/henry/Robojackets/igvc-software/install/kindr_ros', 'merge_install': False, 'path': '/home/henry/Robojackets/igvc-software/external/kindr_ros/kindr_ros', 'symlink_install': False, 'test_result_base': None}
[0.366s] Level 5:colcon.colcon_core.verb:set package 'multi_dof_joint_trajectory_rviz_plugins' build argument 'cmake_args' from command line to 'None'
[0.366s] Level 5:colcon.colcon_core.verb:set package 'multi_dof_joint_trajectory_rviz_plugins' build argument 'cmake_target' from command line to 'None'
[0.366s] Level 5:colcon.colcon_core.verb:set package 'multi_dof_joint_trajectory_rviz_plugins' build argument 'cmake_target_skip_unavailable' from command line to 'False'
[0.366s] Level 5:colcon.colcon_core.verb:set package 'multi_dof_joint_trajectory_rviz_plugins' build argument 'cmake_clean_cache' from command line to 'False'
[0.366s] Level 5:colcon.colcon_core.verb:set package 'multi_dof_joint_trajectory_rviz_plugins' build argument 'cmake_clean_first' from command line to 'False'
[0.366s] Level 5:colcon.colcon_core.verb:set package 'multi_dof_joint_trajectory_rviz_plugins' build argument 'cmake_force_configure' from command line to 'False'
[0.366s] Level 5:colcon.colcon_core.verb:set package 'multi_dof_joint_trajectory_rviz_plugins' build argument 'ament_cmake_args' from command line to 'None'
[0.366s] Level 5:colcon.colcon_core.verb:set package 'multi_dof_joint_trajectory_rviz_plugins' build argument 'catkin_cmake_args' from command line to 'None'
[0.366s] Level 5:colcon.colcon_core.verb:set package 'multi_dof_joint_trajectory_rviz_plugins' build argument 'catkin_skip_building_tests' from command line to 'False'
[0.366s] DEBUG:colcon.colcon_core.verb:Building package 'multi_dof_joint_trajectory_rviz_plugins' with the following arguments: {'ament_cmake_args': None, 'build_base': '/home/henry/Robojackets/igvc-software/build/multi_dof_joint_trajectory_rviz_plugins', 'catkin_cmake_args': None, 'catkin_skip_building_tests': False, 'cmake_args': None, 'cmake_clean_cache': False, 'cmake_clean_first': False, 'cmake_force_configure': False, 'cmake_target': None, 'cmake_target_skip_unavailable': False, 'install_base': '/home/henry/Robojackets/igvc-software/install/multi_dof_joint_trajectory_rviz_plugins', 'merge_install': False, 'path': '/home/henry/Robojackets/igvc-software/external/kindr_ros/multi_dof_joint_trajectory_rviz_plugins', 'symlink_install': False, 'test_result_base': None}
[0.369s] Level 5:colcon.colcon_core.verb:set package 'parameter_assertions' build argument 'cmake_args' from command line to 'None'
[0.369s] Level 5:colcon.colcon_core.verb:set package 'parameter_assertions' build argument 'cmake_target' from command line to 'None'
[0.369s] Level 5:colcon.colcon_core.verb:set package 'parameter_assertions' build argument 'cmake_target_skip_unavailable' from command line to 'False'
[0.369s] Level 5:colcon.colcon_core.verb:set package 'parameter_assertions' build argument 'cmake_clean_cache' from command line to 'False'
[0.369s] Level 5:colcon.colcon_core.verb:set package 'parameter_assertions' build argument 'cmake_clean_first' from command line to 'False'
[0.369s] Level 5:colcon.colcon_core.verb:set package 'parameter_assertions' build argument 'cmake_force_configure' from command line to 'False'
[0.369s] Level 5:colcon.colcon_core.verb:set package 'parameter_assertions' build argument 'ament_cmake_args' from command line to 'None'
[0.369s] Level 5:colcon.colcon_core.verb:set package 'parameter_assertions' build argument 'catkin_cmake_args' from command line to 'None'
[0.369s] Level 5:colcon.colcon_core.verb:set package 'parameter_assertions' build argument 'catkin_skip_building_tests' from command line to 'False'
[0.369s] DEBUG:colcon.colcon_core.verb:Building package 'parameter_assertions' with the following arguments: {'ament_cmake_args': None, 'build_base': '/home/henry/Robojackets/igvc-software/build/parameter_assertions', 'catkin_cmake_args': None, 'catkin_skip_building_tests': False, 'cmake_args': None, 'cmake_clean_cache': False, 'cmake_clean_first': False, 'cmake_force_configure': False, 'cmake_target': None, 'cmake_target_skip_unavailable': False, 'install_base': '/home/henry/Robojackets/igvc-software/install/parameter_assertions', 'merge_install': False, 'path': '/home/henry/Robojackets/igvc-software/external/rj-ros-common/parameter_assertions', 'symlink_install': False, 'test_result_base': None}
[0.372s] Level 5:colcon.colcon_core.verb:set package 'serial' build argument 'cmake_args' from command line to 'None'
[0.372s] Level 5:colcon.colcon_core.verb:set package 'serial' build argument 'cmake_target' from command line to 'None'
[0.372s] Level 5:colcon.colcon_core.verb:set package 'serial' build argument 'cmake_target_skip_unavailable' from command line to 'False'
[0.372s] Level 5:colcon.colcon_core.verb:set package 'serial' build argument 'cmake_clean_cache' from command line to 'False'
[0.372s] Level 5:colcon.colcon_core.verb:set package 'serial' build argument 'cmake_clean_first' from command line to 'False'
[0.372s] Level 5:colcon.colcon_core.verb:set package 'serial' build argument 'cmake_force_configure' from command line to 'False'
[0.372s] Level 5:colcon.colcon_core.verb:set package 'serial' build argument 'ament_cmake_args' from command line to 'None'
[0.372s] Level 5:colcon.colcon_core.verb:set package 'serial' build argument 'catkin_cmake_args' from command line to 'None'
[0.372s] Level 5:colcon.colcon_core.verb:set package 'serial' build argument 'catkin_skip_building_tests' from command line to 'False'
[0.372s] DEBUG:colcon.colcon_core.verb:Building package 'serial' with the following arguments: {'ament_cmake_args': None, 'build_base': '/home/henry/Robojackets/igvc-software/build/serial', 'catkin_cmake_args': None, 'catkin_skip_building_tests': False, 'cmake_args': None, 'cmake_clean_cache': False, 'cmake_clean_first': False, 'cmake_force_configure': False, 'cmake_target': None, 'cmake_target_skip_unavailable': False, 'install_base': '/home/henry/Robojackets/igvc-software/install/serial', 'merge_install': False, 'path': '/home/henry/Robojackets/igvc-software/external/serial', 'symlink_install': False, 'test_result_base': None}
[0.375s] Level 5:colcon.colcon_core.verb:set package 'elevation_mapping' build argument 'cmake_args' from command line to 'None'
[0.375s] Level 5:colcon.colcon_core.verb:set package 'elevation_mapping' build argument 'cmake_target' from command line to 'None'
[0.375s] Level 5:colcon.colcon_core.verb:set package 'elevation_mapping' build argument 'cmake_target_skip_unavailable' from command line to 'False'
[0.375s] Level 5:colcon.colcon_core.verb:set package 'elevation_mapping' build argument 'cmake_clean_cache' from command line to 'False'
[0.375s] Level 5:colcon.colcon_core.verb:set package 'elevation_mapping' build argument 'cmake_clean_first' from command line to 'False'
[0.375s] Level 5:colcon.colcon_core.verb:set package 'elevation_mapping' build argument 'cmake_force_configure' from command line to 'False'
[0.375s] Level 5:colcon.colcon_core.verb:set package 'elevation_mapping' build argument 'ament_cmake_args' from command line to 'None'
[0.375s] Level 5:colcon.colcon_core.verb:set package 'elevation_mapping' build argument 'catkin_cmake_args' from command line to 'None'
[0.375s] Level 5:colcon.colcon_core.verb:set package 'elevation_mapping' build argument 'catkin_skip_building_tests' from command line to 'False'
[0.375s] DEBUG:colcon.colcon_core.verb:Building package 'elevation_mapping' with the following arguments: {'ament_cmake_args': None, 'build_base': '/home/henry/Robojackets/igvc-software/build/elevation_mapping', 'catkin_cmake_args': None, 'catkin_skip_building_tests': False, 'cmake_args': None, 'cmake_clean_cache': False, 'cmake_clean_first': False, 'cmake_force_configure': False, 'cmake_target': None, 'cmake_target_skip_unavailable': False, 'install_base': '/home/henry/Robojackets/igvc-software/install/elevation_mapping', 'merge_install': False, 'path': '/home/henry/Robojackets/igvc-software/external/elevation_mapping/elevation_mapping', 'symlink_install': False, 'test_result_base': None}
[0.378s] Level 5:colcon.colcon_core.verb:set package 'igvc_rviz_plugins' build argument 'cmake_args' from command line to 'None'
[0.378s] Level 5:colcon.colcon_core.verb:set package 'igvc_rviz_plugins' build argument 'cmake_target' from command line to 'None'
[0.378s] Level 5:colcon.colcon_core.verb:set package 'igvc_rviz_plugins' build argument 'cmake_target_skip_unavailable' from command line to 'False'
[0.378s] Level 5:colcon.colcon_core.verb:set package 'igvc_rviz_plugins' build argument 'cmake_clean_cache' from command line to 'False'
[0.378s] Level 5:colcon.colcon_core.verb:set package 'igvc_rviz_plugins' build argument 'cmake_clean_first' from command line to 'False'
[0.378s] Level 5:colcon.colcon_core.verb:set package 'igvc_rviz_plugins' build argument 'cmake_force_configure' from command line to 'False'
[0.378s] Level 5:colcon.colcon_core.verb:set package 'igvc_rviz_plugins' build argument 'ament_cmake_args' from command line to 'None'
[0.378s] Level 5:colcon.colcon_core.verb:set package 'igvc_rviz_plugins' build argument 'catkin_cmake_args' from command line to 'None'
[0.378s] Level 5:colcon.colcon_core.verb:set package 'igvc_rviz_plugins' build argument 'catkin_skip_building_tests' from command line to 'False'
[0.378s] DEBUG:colcon.colcon_core.verb:Building package 'igvc_rviz_plugins' with the following arguments: {'ament_cmake_args': None, 'build_base': '/home/henry/Robojackets/igvc-software/build/igvc_rviz_plugins', 'catkin_cmake_args': None, 'catkin_skip_building_tests': False, 'cmake_args': None, 'cmake_clean_cache': False, 'cmake_clean_first': False, 'cmake_force_configure': False, 'cmake_target': None, 'cmake_target_skip_unavailable': False, 'install_base': '/home/henry/Robojackets/igvc-software/install/igvc_rviz_plugins', 'merge_install': False, 'path': '/home/henry/Robojackets/igvc-software/igvc_rviz_plugins', 'symlink_install': False, 'test_result_base': None}
[0.381s] Level 5:colcon.colcon_core.verb:set package 'igvc_utils' build argument 'cmake_args' from command line to 'None'
[0.381s] Level 5:colcon.colcon_core.verb:set package 'igvc_utils' build argument 'cmake_target' from command line to 'None'
[0.381s] Level 5:colcon.colcon_core.verb:set package 'igvc_utils' build argument 'cmake_target_skip_unavailable' from command line to 'False'
[0.381s] Level 5:colcon.colcon_core.verb:set package 'igvc_utils' build argument 'cmake_clean_cache' from command line to 'False'
[0.381s] Level 5:colcon.colcon_core.verb:set package 'igvc_utils' build argument 'cmake_clean_first' from command line to 'False'
[0.381s] Level 5:colcon.colcon_core.verb:set package 'igvc_utils' build argument 'cmake_force_configure' from command line to 'False'
[0.381s] Level 5:colcon.colcon_core.verb:set package 'igvc_utils' build argument 'ament_cmake_args' from command line to 'None'
[0.381s] Level 5:colcon.colcon_core.verb:set package 'igvc_utils' build argument 'catkin_cmake_args' from command line to 'None'
[0.381s] Level 5:colcon.colcon_core.verb:set package 'igvc_utils' build argument 'catkin_skip_building_tests' from command line to 'False'
[0.381s] DEBUG:colcon.colcon_core.verb:Building package 'igvc_utils' with the following arguments: {'ament_cmake_args': None, 'build_base': '/home/henry/Robojackets/igvc-software/build/igvc_utils', 'catkin_cmake_args': None, 'catkin_skip_building_tests': False, 'cmake_args': None, 'cmake_clean_cache': False, 'cmake_clean_first': False, 'cmake_force_configure': False, 'cmake_target': None, 'cmake_target_skip_unavailable': False, 'install_base': '/home/henry/Robojackets/igvc-software/install/igvc_utils', 'merge_install': False, 'path': '/home/henry/Robojackets/igvc-software/igvc_utils', 'symlink_install': False, 'test_result_base': None}
[0.385s] Level 5:colcon.colcon_core.verb:set package 'kindr_rviz_plugins' build argument 'cmake_args' from command line to 'None'
[0.385s] Level 5:colcon.colcon_core.verb:set package 'kindr_rviz_plugins' build argument 'cmake_target' from command line to 'None'
[0.385s] Level 5:colcon.colcon_core.verb:set package 'kindr_rviz_plugins' build argument 'cmake_target_skip_unavailable' from command line to 'False'
[0.385s] Level 5:colcon.colcon_core.verb:set package 'kindr_rviz_plugins' build argument 'cmake_clean_cache' from command line to 'False'
[0.385s] Level 5:colcon.colcon_core.verb:set package 'kindr_rviz_plugins' build argument 'cmake_clean_first' from command line to 'False'
[0.385s] Level 5:colcon.colcon_core.verb:set package 'kindr_rviz_plugins' build argument 'cmake_force_configure' from command line to 'False'
[0.385s] Level 5:colcon.colcon_core.verb:set package 'kindr_rviz_plugins' build argument 'ament_cmake_args' from command line to 'None'
[0.385s] Level 5:colcon.colcon_core.verb:set package 'kindr_rviz_plugins' build argument 'catkin_cmake_args' from command line to 'None'
[0.385s] Level 5:colcon.colcon_core.verb:set package 'kindr_rviz_plugins' build argument 'catkin_skip_building_tests' from command line to 'False'
[0.385s] DEBUG:colcon.colcon_core.verb:Building package 'kindr_rviz_plugins' with the following arguments: {'ament_cmake_args': None, 'build_base': '/home/henry/Robojackets/igvc-software/build/kindr_rviz_plugins', 'catkin_cmake_args': None, 'catkin_skip_building_tests': False, 'cmake_args': None, 'cmake_clean_cache': False, 'cmake_clean_first': False, 'cmake_force_configure': False, 'cmake_target': None, 'cmake_target_skip_unavailable': False, 'install_base': '/home/henry/Robojackets/igvc-software/install/kindr_rviz_plugins', 'merge_install': False, 'path': '/home/henry/Robojackets/igvc-software/external/kindr_ros/kindr_rviz_plugins', 'symlink_install': False, 'test_result_base': None}
[0.388s] Level 5:colcon.colcon_core.verb:set package 'elevation_mapping_demos' build argument 'cmake_args' from command line to 'None'
[0.388s] Level 5:colcon.colcon_core.verb:set package 'elevation_mapping_demos' build argument 'cmake_target' from command line to 'None'
[0.388s] Level 5:colcon.colcon_core.verb:set package 'elevation_mapping_demos' build argument 'cmake_target_skip_unavailable' from command line to 'False'
[0.389s] Level 5:colcon.colcon_core.verb:set package 'elevation_mapping_demos' build argument 'cmake_clean_cache' from command line to 'False'
[0.389s] Level 5:colcon.colcon_core.verb:set package 'elevation_mapping_demos' build argument 'cmake_clean_first' from command line to 'False'
[0.389s] Level 5:colcon.colcon_core.verb:set package 'elevation_mapping_demos' build argument 'cmake_force_configure' from command line to 'False'
[0.389s] Level 5:colcon.colcon_core.verb:set package 'elevation_mapping_demos' build argument 'ament_cmake_args' from command line to 'None'
[0.389s] Level 5:colcon.colcon_core.verb:set package 'elevation_mapping_demos' build argument 'catkin_cmake_args' from command line to 'None'
[0.389s] Level 5:colcon.colcon_core.verb:set package 'elevation_mapping_demos' build argument 'catkin_skip_building_tests' from command line to 'False'
[0.389s] DEBUG:colcon.colcon_core.verb:Building package 'elevation_mapping_demos' with the following arguments: {'ament_cmake_args': None, 'build_base': '/home/henry/Robojackets/igvc-software/build/elevation_mapping_demos', 'catkin_cmake_args': None, 'catkin_skip_building_tests': False, 'cmake_args': None, 'cmake_clean_cache': False, 'cmake_clean_first': False, 'cmake_force_configure': False, 'cmake_target': None, 'cmake_target_skip_unavailable': False, 'install_base': '/home/henry/Robojackets/igvc-software/install/elevation_mapping_demos', 'merge_install': False, 'path': '/home/henry/Robojackets/igvc-software/external/elevation_mapping/elevation_mapping_demos', 'symlink_install': False, 'test_result_base': None}
[0.392s] Level 5:colcon.colcon_core.verb:set package 'igvc_gazebo' build argument 'cmake_args' from command line to 'None'
[0.392s] Level 5:colcon.colcon_core.verb:set package 'igvc_gazebo' build argument 'cmake_target' from command line to 'None'
[0.392s] Level 5:colcon.colcon_core.verb:set package 'igvc_gazebo' build argument 'cmake_target_skip_unavailable' from command line to 'False'
[0.392s] Level 5:colcon.colcon_core.verb:set package 'igvc_gazebo' build argument 'cmake_clean_cache' from command line to 'False'
[0.392s] Level 5:colcon.colcon_core.verb:set package 'igvc_gazebo' build argument 'cmake_clean_first' from command line to 'False'
[0.392s] Level 5:colcon.colcon_core.verb:set package 'igvc_gazebo' build argument 'cmake_force_configure' from command line to 'False'
[0.392s] Level 5:colcon.colcon_core.verb:set package 'igvc_gazebo' build argument 'ament_cmake_args' from command line to 'None'
[0.392s] Level 5:colcon.colcon_core.verb:set package 'igvc_gazebo' build argument 'catkin_cmake_args' from command line to 'None'
[0.392s] Level 5:colcon.colcon_core.verb:set package 'igvc_gazebo' build argument 'catkin_skip_building_tests' from command line to 'False'
[0.392s] DEBUG:colcon.colcon_core.verb:Building package 'igvc_gazebo' with the following arguments: {'ament_cmake_args': None, 'build_base': '/home/henry/Robojackets/igvc-software/build/igvc_gazebo', 'catkin_cmake_args': None, 'catkin_skip_building_tests': False, 'cmake_args': None, 'cmake_clean_cache': False, 'cmake_clean_first': False, 'cmake_force_configure': False, 'cmake_target': None, 'cmake_target_skip_unavailable': False, 'install_base': '/home/henry/Robojackets/igvc-software/install/igvc_gazebo', 'merge_install': False, 'path': '/home/henry/Robojackets/igvc-software/igvc_gazebo', 'symlink_install': False, 'test_result_base': None}
[0.395s] Level 5:colcon.colcon_core.verb:set package 'igvc_navigation' build argument 'cmake_args' from command line to 'None'
[0.395s] Level 5:colcon.colcon_core.verb:set package 'igvc_navigation' build argument 'cmake_target' from command line to 'None'
[0.395s] Level 5:colcon.colcon_core.verb:set package 'igvc_navigation' build argument 'cmake_target_skip_unavailable' from command line to 'False'
[0.395s] Level 5:colcon.colcon_core.verb:set package 'igvc_navigation' build argument 'cmake_clean_cache' from command line to 'False'
[0.395s] Level 5:colcon.colcon_core.verb:set package 'igvc_navigation' build argument 'cmake_clean_first' from command line to 'False'
[0.395s] Level 5:colcon.colcon_core.verb:set package 'igvc_navigation' build argument 'cmake_force_configure' from command line to 'False'
[0.396s] Level 5:colcon.colcon_core.verb:set package 'igvc_navigation' build argument 'ament_cmake_args' from command line to 'None'
[0.396s] Level 5:colcon.colcon_core.verb:set package 'igvc_navigation' build argument 'catkin_cmake_args' from command line to 'None'
[0.396s] Level 5:colcon.colcon_core.verb:set package 'igvc_navigation' build argument 'catkin_skip_building_tests' from command line to 'False'
[0.396s] DEBUG:colcon.colcon_core.verb:Building package 'igvc_navigation' with the following arguments: {'ament_cmake_args': None, 'build_base': '/home/henry/Robojackets/igvc-software/build/igvc_navigation', 'catkin_cmake_args': None, 'catkin_skip_building_tests': False, 'cmake_args': None, 'cmake_clean_cache': False, 'cmake_clean_first': False, 'cmake_force_configure': False, 'cmake_target': None, 'cmake_target_skip_unavailable': False, 'install_base': '/home/henry/Robojackets/igvc-software/install/igvc_navigation', 'merge_install': False, 'path': '/home/henry/Robojackets/igvc-software/igvc_navigation', 'symlink_install': False, 'test_result_base': None}
[0.398s] Level 5:colcon.colcon_core.verb:set package 'igvc_perception' build argument 'cmake_args' from command line to 'None'
[0.398s] Level 5:colcon.colcon_core.verb:set package 'igvc_perception' build argument 'cmake_target' from command line to 'None'
[0.398s] Level 5:colcon.colcon_core.verb:set package 'igvc_perception' build argument 'cmake_target_skip_unavailable' from command line to 'False'
[0.398s] Level 5:colcon.colcon_core.verb:set package 'igvc_perception' build argument 'cmake_clean_cache' from command line to 'False'
[0.398s] Level 5:colcon.colcon_core.verb:set package 'igvc_perception' build argument 'cmake_clean_first' from command line to 'False'
[0.398s] Level 5:colcon.colcon_core.verb:set package 'igvc_perception' build argument 'cmake_force_configure' from command line to 'False'
[0.398s] Level 5:colcon.colcon_core.verb:set package 'igvc_perception' build argument 'ament_cmake_args' from command line to 'None'
[0.398s] Level 5:colcon.colcon_core.verb:set package 'igvc_perception' build argument 'catkin_cmake_args' from command line to 'None'
[0.399s] Level 5:colcon.colcon_core.verb:set package 'igvc_perception' build argument 'catkin_skip_building_tests' from command line to 'False'
[0.399s] DEBUG:colcon.colcon_core.verb:Building package 'igvc_perception' with the following arguments: {'ament_cmake_args': None, 'build_base': '/home/henry/Robojackets/igvc-software/build/igvc_perception', 'catkin_cmake_args': None, 'catkin_skip_building_tests': False, 'cmake_args': None, 'cmake_clean_cache': False, 'cmake_clean_first': False, 'cmake_force_configure': False, 'cmake_target': None, 'cmake_target_skip_unavailable': False, 'install_base': '/home/henry/Robojackets/igvc-software/install/igvc_perception', 'merge_install': False, 'path': '/home/henry/Robojackets/igvc-software/igvc_perception', 'symlink_install': False, 'test_result_base': None}
[0.401s] Level 5:colcon.colcon_core.verb:set package 'igvc_platform' build argument 'cmake_args' from command line to 'None'
[0.401s] Level 5:colcon.colcon_core.verb:set package 'igvc_platform' build argument 'cmake_target' from command line to 'None'
[0.401s] Level 5:colcon.colcon_core.verb:set package 'igvc_platform' build argument 'cmake_target_skip_unavailable' from command line to 'False'
[0.401s] Level 5:colcon.colcon_core.verb:set package 'igvc_platform' build argument 'cmake_clean_cache' from command line to 'False'
[0.401s] Level 5:colcon.colcon_core.verb:set package 'igvc_platform' build argument 'cmake_clean_first' from command line to 'False'
[0.401s] Level 5:colcon.colcon_core.verb:set package 'igvc_platform' build argument 'cmake_force_configure' from command line to 'False'
[0.401s] Level 5:colcon.colcon_core.verb:set package 'igvc_platform' build argument 'ament_cmake_args' from command line to 'None'
[0.401s] Level 5:colcon.colcon_core.verb:set package 'igvc_platform' build argument 'catkin_cmake_args' from command line to 'None'
[0.401s] Level 5:colcon.colcon_core.verb:set package 'igvc_platform' build argument 'catkin_skip_building_tests' from command line to 'False'
[0.401s] DEBUG:colcon.colcon_core.verb:Building package 'igvc_platform' with the following arguments: {'ament_cmake_args': None, 'build_base': '/home/henry/Robojackets/igvc-software/build/igvc_platform', 'catkin_cmake_args': None, 'catkin_skip_building_tests': False, 'cmake_args': None, 'cmake_clean_cache': False, 'cmake_clean_first': False, 'cmake_force_configure': False, 'cmake_target': None, 'cmake_target_skip_unavailable': False, 'install_base': '/home/henry/Robojackets/igvc-software/install/igvc_platform', 'merge_install': False, 'path': '/home/henry/Robojackets/igvc-software/igvc_platform', 'symlink_install': False, 'test_result_base': None}
[0.401s] INFO:colcon.colcon_core.executor:Executing jobs using 'parallel' executor
[0.404s] DEBUG:colcon.colcon_parallel_executor.executor.parallel:run_until_complete
[0.404s] INFO:colcon.colcon_ros.task.catkin.build:Building ROS package in '/home/henry/Robojackets/igvc-software/igvc_msgs' with build type 'catkin'
[0.405s] INFO:colcon.colcon_cmake.task.cmake.build:Building CMake package in '/home/henry/Robojackets/igvc-software/igvc_msgs'
[0.410s] INFO:colcon.colcon_core.plugin_system:Skipping extension 'colcon_core.shell.bat': Not used on non-Windows systems
[0.410s] INFO:colcon.colcon_core.shell:Skip shell extension 'powershell' for command environment: Not usable outside of PowerShell
[0.410s] DEBUG:colcon.colcon_core.shell:Skip shell extension 'dsv' for command environment
[0.413s] DEBUG:colcon.colcon_core.shell:Ignoring prefix path '/opt/ros/foxy'
[0.416s] INFO:colcon.colcon_ros.task.catkin.build:Building ROS package in '/home/henry/Robojackets/igvc-software/external/kindr_ros/kindr_ros' with build type 'catkin'
[0.416s] INFO:colcon.colcon_cmake.task.cmake.build:Building CMake package in '/home/henry/Robojackets/igvc-software/external/kindr_ros/kindr_ros'
[0.417s] INFO:colcon.colcon_core.shell:Skip shell extension 'powershell' for command environment: Not usable outside of PowerShell
[0.417s] DEBUG:colcon.colcon_core.shell:Skip shell extension 'dsv' for command environment
[0.419s] DEBUG:colcon.colcon_core.shell:Ignoring prefix path '/opt/ros/foxy'
[0.422s] INFO:colcon.colcon_ros.task.catkin.build:Building ROS package in '/home/henry/Robojackets/igvc-software/external/kindr_ros/kindr_msgs' with build type 'catkin'
[0.422s] INFO:colcon.colcon_cmake.task.cmake.build:Building CMake package in '/home/henry/Robojackets/igvc-software/external/kindr_ros/kindr_msgs'
[0.423s] INFO:colcon.colcon_core.shell:Skip shell extension 'powershell' for command environment: Not usable outside of PowerShell
[0.423s] DEBUG:colcon.colcon_core.shell:Skip shell extension 'dsv' for command environment
[0.425s] DEBUG:colcon.colcon_core.shell:Ignoring prefix path '/opt/ros/foxy'
[0.427s] INFO:colcon.colcon_ros.task.catkin.build:Building ROS package in '/home/henry/Robojackets/igvc-software/external/serial' with build type 'catkin'
[0.428s] INFO:colcon.colcon_cmake.task.cmake.build:Building CMake package in '/home/henry/Robojackets/igvc-software/external/serial'
[0.428s] INFO:colcon.colcon_core.shell:Skip shell extension 'powershell' for command environment: Not usable outside of PowerShell
[0.429s] DEBUG:colcon.colcon_core.shell:Skip shell extension 'dsv' for command environment
[0.430s] DEBUG:colcon.colcon_core.shell:Ignoring prefix path '/opt/ros/foxy'
[0.433s] INFO:colcon.colcon_ros.task.catkin.build:Building ROS package in '/home/henry/Robojackets/igvc-software/external/gazebo_ros_control_select_joints' with build type 'catkin'
[0.433s] INFO:colcon.colcon_cmake.task.cmake.build:Building CMake package in '/home/henry/Robojackets/igvc-software/external/gazebo_ros_control_select_joints'
[0.434s] INFO:colcon.colcon_core.shell:Skip shell extension 'powershell' for command environment: Not usable outside of PowerShell
[0.435s] DEBUG:colcon.colcon_core.shell:Skip shell extension 'dsv' for command environment
[0.436s] DEBUG:colcon.colcon_core.shell:Ignoring prefix path '/opt/ros/foxy'
[0.439s] INFO:colcon.colcon_ros.task.catkin.build:Building ROS package in '/home/henry/Robojackets/igvc-software/igvc_description' with build type 'catkin'
[0.439s] INFO:colcon.colcon_cmake.task.cmake.build:Building CMake package in '/home/henry/Robojackets/igvc-software/igvc_description'
[0.440s] INFO:colcon.colcon_core.shell:Skip shell extension 'powershell' for command environment: Not usable outside of PowerShell
[0.440s] DEBUG:colcon.colcon_core.shell:Skip shell extension 'dsv' for command environment
[0.442s] DEBUG:colcon.colcon_core.shell:Ignoring prefix path '/opt/ros/foxy'
[0.444s] INFO:colcon.colcon_ros.task.catkin.build:Building ROS package in '/home/henry/Robojackets/igvc-software/igvc_sandbox' with build type 'catkin'
[0.444s] INFO:colcon.colcon_cmake.task.cmake.build:Building CMake package in '/home/henry/Robojackets/igvc-software/igvc_sandbox'
[0.445s] INFO:colcon.colcon_core.shell:Skip shell extension 'powershell' for command environment: Not usable outside of PowerShell
[0.446s] DEBUG:colcon.colcon_core.shell:Skip shell extension 'dsv' for command environment
[0.447s] DEBUG:colcon.colcon_core.shell:Ignoring prefix path '/opt/ros/foxy'
[0.450s] INFO:colcon.colcon_ros.task.catkin.build:Building ROS package in '/home/henry/Robojackets/igvc-software/external/kindr_ros/multi_dof_joint_trajectory_rviz_plugins' with build type 'catkin'
[0.450s] INFO:colcon.colcon_cmake.task.cmake.build:Building CMake package in '/home/henry/Robojackets/igvc-software/external/kindr_ros/multi_dof_joint_trajectory_rviz_plugins'
[0.451s] INFO:colcon.colcon_core.shell:Skip shell extension 'powershell' for command environment: Not usable outside of PowerShell
[0.451s] DEBUG:colcon.colcon_core.shell:Skip shell extension 'dsv' for command environment
[0.453s] DEBUG:colcon.colcon_core.shell:Ignoring prefix path '/opt/ros/foxy'
[0.456s] INFO:colcon.colcon_ros.task.catkin.build:Building ROS package in '/home/henry/Robojackets/igvc-software/external/rj-ros-common/parameter_assertions' with build type 'catkin'
[0.456s] INFO:colcon.colcon_cmake.task.cmake.build:Building CMake package in '/home/henry/Robojackets/igvc-software/external/rj-ros-common/parameter_assertions'
[0.457s] INFO:colcon.colcon_core.shell:Skip shell extension 'powershell' for command environment: Not usable outside of PowerShell
[0.458s] DEBUG:colcon.colcon_core.shell:Skip shell extension 'dsv' for command environment
[0.459s] DEBUG:colcon.colcon_core.shell:Ignoring prefix path '/opt/ros/foxy'
[0.470s] DEBUG:colcon.colcon_core.event_handler.log_command:Invoking command in '/home/henry/Robojackets/igvc-software/build/igvc_msgs': /usr/bin/cmake /home/henry/Robojackets/igvc-software/igvc_msgs -DCATKIN_INSTALL_INTO_PREFIX_ROOT=0 -DCMAKE_INSTALL_PREFIX=/home/henry/Robojackets/igvc-software/install/igvc_msgs
[0.475s] DEBUG:colcon.colcon_core.event_handler.log_command:Invoking command in '/home/henry/Robojackets/igvc-software/build/kindr_ros': /usr/bin/cmake /home/henry/Robojackets/igvc-software/external/kindr_ros/kindr_ros -DCATKIN_INSTALL_INTO_PREFIX_ROOT=0 -DCMAKE_INSTALL_PREFIX=/home/henry/Robojackets/igvc-software/install/kindr_ros
[0.481s] DEBUG:colcon.colcon_core.event_handler.log_command:Invoking command in '/home/henry/Robojackets/igvc-software/build/kindr_msgs': /usr/bin/cmake /home/henry/Robojackets/igvc-software/external/kindr_ros/kindr_msgs -DCATKIN_INSTALL_INTO_PREFIX_ROOT=0 -DCMAKE_INSTALL_PREFIX=/home/henry/Robojackets/igvc-software/install/kindr_msgs
[0.485s] DEBUG:colcon.colcon_core.event_handler.log_command:Invoking command in '/home/henry/Robojackets/igvc-software/build/serial': /usr/bin/cmake /home/henry/Robojackets/igvc-software/external/serial -DCATKIN_INSTALL_INTO_PREFIX_ROOT=0 -DCMAKE_INSTALL_PREFIX=/home/henry/Robojackets/igvc-software/install/serial
[0.489s] DEBUG:colcon.colcon_core.event_handler.log_command:Invoking command in '/home/henry/Robojackets/igvc-software/build/gazebo_ros_control_select_joints': /usr/bin/cmake /home/henry/Robojackets/igvc-software/external/gazebo_ros_control_select_joints -DCATKIN_INSTALL_INTO_PREFIX_ROOT=0 -DCMAKE_INSTALL_PREFIX=/home/henry/Robojackets/igvc-software/install/gazebo_ros_control_select_joints
[0.493s] DEBUG:colcon.colcon_core.event_handler.log_command:Invoking command in '/home/henry/Robojackets/igvc-software/build/igvc_description': /usr/bin/cmake /home/henry/Robojackets/igvc-software/igvc_description -DCATKIN_INSTALL_INTO_PREFIX_ROOT=0 -DCMAKE_INSTALL_PREFIX=/home/henry/Robojackets/igvc-software/install/igvc_description
[0.497s] DEBUG:colcon.colcon_core.event_handler.log_command:Invoking command in '/home/henry/Robojackets/igvc-software/build/igvc_sandbox': /usr/bin/cmake /home/henry/Robojackets/igvc-software/igvc_sandbox -DCATKIN_INSTALL_INTO_PREFIX_ROOT=0 -DCMAKE_INSTALL_PREFIX=/home/henry/Robojackets/igvc-software/install/igvc_sandbox
[0.502s] DEBUG:colcon.colcon_core.event_handler.log_command:Invoking command in '/home/henry/Robojackets/igvc-software/build/multi_dof_joint_trajectory_rviz_plugins': /usr/bin/cmake /home/henry/Robojackets/igvc-software/external/kindr_ros/multi_dof_joint_trajectory_rviz_plugins -DCATKIN_INSTALL_INTO_PREFIX_ROOT=0 -DCMAKE_INSTALL_PREFIX=/home/henry/Robojackets/igvc-software/install/multi_dof_joint_trajectory_rviz_plugins
[0.507s] DEBUG:colcon.colcon_core.event_handler.log_command:Invoking command in '/home/henry/Robojackets/igvc-software/build/parameter_assertions': /usr/bin/cmake /home/henry/Robojackets/igvc-software/external/rj-ros-common/parameter_assertions -DCATKIN_INSTALL_INTO_PREFIX_ROOT=0 -DCMAKE_INSTALL_PREFIX=/home/henry/Robojackets/igvc-software/install/parameter_assertions
[1.094s] DEBUG:colcon.colcon_core.event_handler.log_command:Invoked command in '/home/henry/Robojackets/igvc-software/build/kindr_msgs' returned '1': /usr/bin/cmake /home/henry/Robojackets/igvc-software/external/kindr_ros/kindr_msgs -DCATKIN_INSTALL_INTO_PREFIX_ROOT=0 -DCMAKE_INSTALL_PREFIX=/home/henry/Robojackets/igvc-software/install/kindr_msgs
[1.106s] DEBUG:colcon.colcon_core.event_handler.log_command:Invoked command in '/home/henry/Robojackets/igvc-software/build/multi_dof_joint_trajectory_rviz_plugins' returned '1': /usr/bin/cmake /home/henry/Robojackets/igvc-software/external/kindr_ros/multi_dof_joint_trajectory_rviz_plugins -DCATKIN_INSTALL_INTO_PREFIX_ROOT=0 -DCMAKE_INSTALL_PREFIX=/home/henry/Robojackets/igvc-software/install/multi_dof_joint_trajectory_rviz_plugins
[1.111s] Level 1:colcon.colcon_core.environment:create_environment_scripts_only(kindr_msgs)
[1.124s] Level 1:colcon.colcon_core.environment:checking '/home/henry/Robojackets/igvc-software/install/kindr_msgs' for CMake module files
[1.124s] Level 1:colcon.colcon_core.environment:checking '/home/henry/Robojackets/igvc-software/install/kindr_msgs' for CMake config files
[1.125s] Level 1:colcon.colcon_core.environment:checking '/home/henry/Robojackets/igvc-software/install/kindr_msgs/bin'
[1.125s] Level 1:colcon.colcon_core.environment:checking '/home/henry/Robojackets/igvc-software/install/kindr_msgs/lib/pkgconfig/kindr_msgs.pc'
[1.125s] Level 1:colcon.colcon_core.environment:checking '/home/henry/Robojackets/igvc-software/install/kindr_msgs/lib/python3.8/site-packages'
[1.126s] INFO:colcon.colcon_core.shell:Creating package script '/home/henry/Robojackets/igvc-software/install/kindr_msgs/share/kindr_msgs/package.ps1'
[1.127s] INFO:colcon.colcon_core.shell:Creating package descriptor '/home/henry/Robojackets/igvc-software/install/kindr_msgs/share/kindr_msgs/package.dsv'
[1.128s] INFO:colcon.colcon_core.shell:Creating package script '/home/henry/Robojackets/igvc-software/install/kindr_msgs/share/kindr_msgs/package.sh'
[1.129s] INFO:colcon.colcon_core.shell:Creating package script '/home/henry/Robojackets/igvc-software/install/kindr_msgs/share/kindr_msgs/package.bash'
[1.130s] INFO:colcon.colcon_core.shell:Creating package script '/home/henry/Robojackets/igvc-software/install/kindr_msgs/share/kindr_msgs/package.zsh'
[1.131s] Level 1:colcon.colcon_core.environment:create_file_with_runtime_dependencies(/home/henry/Robojackets/igvc-software/install/kindr_msgs/share/colcon-core/packages/kindr_msgs)
[1.172s] DEBUG:colcon.colcon_parallel_executor.executor.parallel:closing loop
[1.172s] DEBUG:colcon.colcon_parallel_executor.executor.parallel:loop closed
[1.172s] DEBUG:colcon.colcon_parallel_executor.executor.parallel:run_until_complete finished with '1'
[1.172s] DEBUG:colcon.colcon_core.event_reactor:joining thread
[1.180s] INFO:colcon.colcon_core.plugin_system:Skipping extension 'colcon_notification.desktop_notification.terminal_notifier': Not used on non-Darwin systems
[1.180s] INFO:colcon.colcon_core.plugin_system:Skipping extension 'colcon_notification.desktop_notification.win32': Not used on non-Windows systems
[1.180s] INFO:colcon.colcon_notification.desktop_notification:Sending desktop notification using 'notify2'
[1.195s] DEBUG:colcon.colcon_core.event_reactor:joined thread
[1.196s] INFO:colcon.colcon_core.shell:Creating prefix script '/home/henry/Robojackets/igvc-software/install/local_setup.ps1'
[1.197s] INFO:colcon.colcon_core.shell:Creating prefix util module '/home/henry/Robojackets/igvc-software/install/_local_setup_util_ps1.py'
[1.198s] INFO:colcon.colcon_core.shell:Creating prefix chain script '/home/henry/Robojackets/igvc-software/install/setup.ps1'
[1.202s] INFO:colcon.colcon_core.shell:Creating prefix script '/home/henry/Robojackets/igvc-software/install/local_setup.sh'
[1.202s] INFO:colcon.colcon_core.shell:Creating prefix util module '/home/henry/Robojackets/igvc-software/install/_local_setup_util_sh.py'
[1.203s] INFO:colcon.colcon_core.shell:Creating prefix chain script '/home/henry/Robojackets/igvc-software/install/setup.sh'
[1.205s] INFO:colcon.colcon_core.shell:Creating prefix script '/home/henry/Robojackets/igvc-software/install/local_setup.bash'
[1.205s] INFO:colcon.colcon_core.shell:Creating prefix chain script '/home/henry/Robojackets/igvc-software/install/setup.bash'
[1.207s] INFO:colcon.colcon_core.shell:Creating prefix script '/home/henry/Robojackets/igvc-software/install/local_setup.zsh'
[1.208s] INFO:colcon.colcon_core.shell:Creating prefix chain script '/home/henry/Robojackets/igvc-software/install/setup.zsh'
