This file contains any messages produced by compilers while
running configure, to aid debugging if configure makes a mistake.

It was created by FULL-PACKAGE-NAME configure VERSION, which was
generated by GNU Autoconf 2.59.  Invocation command line was

  $ ./configure 

## --------- ##
## Platform. ##
## --------- ##

hostname = localhost
uname -m = i686
uname -r = 2.6.22-14-generic
uname -s = Linux
uname -v = #1 SMP Tue Feb 12 07:42:25 UTC 2008

/usr/bin/uname -p = unknown
/bin/uname -X     = unknown

/bin/arch              = unknown
/usr/bin/arch -k       = unknown
/usr/convex/getsysinfo = unknown
hostinfo               = unknown
/bin/machine           = unknown
/usr/bin/oslevel       = unknown
/bin/universe          = unknown

PATH: /usr/local/sbin
PATH: /usr/local/bin
PATH: /usr/sbin
PATH: /usr/bin
PATH: /sbin
PATH: /bin
PATH: /usr/games


## ----------- ##
## Core tests. ##
## ----------- ##

configure:1551: checking for a BSD-compatible install
configure:1606: result: /usr/bin/install -c
configure:1617: checking whether build environment is sane
configure:1660: result: yes
configure:1694: checking for gawk
configure:1710: found /usr/bin/gawk
configure:1720: result: gawk
configure:1730: checking whether make sets $(MAKE)
configure:1750: result: yes
configure:1903: checking for gcc
configure:1919: found /usr/bin/gcc
configure:1929: result: gcc
configure:2173: checking for C compiler version
configure:2176: gcc --version </dev/null >&5
gcc (GCC) 4.1.3 20070929 (prerelease) (Ubuntu 4.1.2-16ubuntu2)
Copyright (C) 2006 Free Software Foundation, Inc.
This is free software; see the source for copying conditions.  There is NO
warranty; not even for MERCHANTABILITY or FITNESS FOR A PARTICULAR PURPOSE.

configure:2179: $? = 0
configure:2181: gcc -v </dev/null >&5
Using built-in specs.
Target: i486-linux-gnu
Configured with: ../src/configure -v --enable-languages=c,c++,fortran,objc,obj-c++,treelang --prefix=/usr --enable-shared --with-system-zlib --libexecdir=/usr/lib --without-included-gettext --enable-threads=posix --enable-nls --with-gxx-include-dir=/usr/include/c++/4.1.3 --program-suffix=-4.1 --enable-__cxa_atexit --enable-clocale=gnu --enable-libstdcxx-debug --enable-mpfr --enable-checking=release i486-linux-gnu
Thread model: posix
gcc version 4.1.3 20070929 (prerelease) (Ubuntu 4.1.2-16ubuntu2)
configure:2184: $? = 0
configure:2186: gcc -V </dev/null >&5
gcc: '-V' option must have argument
configure:2189: $? = 1
configure:2212: checking for C compiler default output file name
configure:2215: gcc    conftest.c  >&5
configure:2218: $? = 0
configure:2264: result: a.out
configure:2269: checking whether the C compiler works
configure:2275: ./a.out
configure:2278: $? = 0
configure:2295: result: yes
configure:2302: checking whether we are cross compiling
configure:2304: result: no
configure:2307: checking for suffix of executables
configure:2309: gcc -o conftest    conftest.c  >&5
configure:2312: $? = 0
configure:2337: result: 
configure:2343: checking for suffix of object files
configure:2364: gcc -c   conftest.c >&5
configure:2367: $? = 0
configure:2389: result: o
configure:2393: checking whether we are using the GNU C compiler
configure:2417: gcc -c   conftest.c >&5
configure:2423: $? = 0
configure:2427: test -z 
			 || test ! -s conftest.err
configure:2430: $? = 0
configure:2433: test -s conftest.o
configure:2436: $? = 0
configure:2449: result: yes
configure:2455: checking whether gcc accepts -g
configure:2476: gcc -c -g  conftest.c >&5
configure:2482: $? = 0
configure:2486: test -z 
			 || test ! -s conftest.err
configure:2489: $? = 0
configure:2492: test -s conftest.o
configure:2495: $? = 0
configure:2506: result: yes
configure:2523: checking for gcc option to accept ANSI C
configure:2593: gcc  -c -g -O2  conftest.c >&5
configure:2599: $? = 0
configure:2603: test -z 
			 || test ! -s conftest.err
configure:2606: $? = 0
configure:2609: test -s conftest.o
configure:2612: $? = 0
configure:2630: result: none needed
configure:2648: gcc -c -g -O2  conftest.c >&5
conftest.c:2: error: expected '=', ',', ';', 'asm' or '__attribute__' before 'me'
configure:2654: $? = 1
configure: failed program was:
| #ifndef __cplusplus
|   choke me
| #endif
configure:2795: checking for style of include used by make
configure:2823: result: GNU
configure:2830: checking dependency style of gcc
configure:2892: result: gcc3
configure:2975: checking build system type
configure:2993: result: i686-pc-linux-gnu
configure:3001: checking host system type
configure:3015: result: i686-pc-linux-gnu
configure:3023: checking for a sed that does not truncate output
configure:3077: result: /bin/sed
configure:3080: checking for egrep
configure:3090: result: grep -E
configure:3106: checking for ld used by gcc
configure:3173: result: /usr/bin/ld
configure:3182: checking if the linker (/usr/bin/ld) is GNU ld
configure:3197: result: yes
configure:3202: checking for /usr/bin/ld option to reload object files
configure:3209: result: -r
configure:3218: checking for BSD-compatible nm
configure:3260: result: /usr/bin/nm -B
configure:3264: checking whether ln -s works
configure:3268: result: yes
configure:3275: checking how to recognise dependent libraries
configure:3458: result: pass_all
configure:3672: checking how to run the C preprocessor
configure:3707: gcc -E  conftest.c
configure:3713: $? = 0
configure:3745: gcc -E  conftest.c
conftest.c:11:28: error: ac_nonexistent.h: No such file or directory
configure:3751: $? = 1
configure: failed program was:
| /* confdefs.h.  */
| 
| #define PACKAGE_NAME "FULL-PACKAGE-NAME"
| #define PACKAGE_TARNAME "full-package-name"
| #define PACKAGE_VERSION "VERSION"
| #define PACKAGE_STRING "FULL-PACKAGE-NAME VERSION"
| #define PACKAGE_BUGREPORT "BUG-REPORT-ADDRESS"
| #define PACKAGE "libavt1394"
| #define VERSION "2.0.0"
| /* end confdefs.h.  */
| #include <ac_nonexistent.h>
configure:3790: result: gcc -E
configure:3814: gcc -E  conftest.c
configure:3820: $? = 0
configure:3852: gcc -E  conftest.c
conftest.c:11:28: error: ac_nonexistent.h: No such file or directory
configure:3858: $? = 1
configure: failed program was:
| /* confdefs.h.  */
| 
| #define PACKAGE_NAME "FULL-PACKAGE-NAME"
| #define PACKAGE_TARNAME "full-package-name"
| #define PACKAGE_VERSION "VERSION"
| #define PACKAGE_STRING "FULL-PACKAGE-NAME VERSION"
| #define PACKAGE_BUGREPORT "BUG-REPORT-ADDRESS"
| #define PACKAGE "libavt1394"
| #define VERSION "2.0.0"
| /* end confdefs.h.  */
| #include <ac_nonexistent.h>
configure:3902: checking for ANSI C header files
configure:3927: gcc -c -g -O2  conftest.c >&5
configure:3933: $? = 0
configure:3937: test -z 
			 || test ! -s conftest.err
configure:3940: $? = 0
configure:3943: test -s conftest.o
configure:3946: $? = 0
configure:4035: gcc -o conftest -g -O2   conftest.c  >&5
conftest.c: In function 'main':
conftest.c:28: warning: incompatible implicit declaration of built-in function 'exit'
configure:4038: $? = 0
configure:4040: ./conftest
configure:4043: $? = 0
configure:4058: result: yes
configure:4082: checking for sys/types.h
configure:4098: gcc -c -g -O2  conftest.c >&5
configure:4104: $? = 0
configure:4108: test -z 
			 || test ! -s conftest.err
configure:4111: $? = 0
configure:4114: test -s conftest.o
configure:4117: $? = 0
configure:4128: result: yes
configure:4082: checking for sys/stat.h
configure:4098: gcc -c -g -O2  conftest.c >&5
configure:4104: $? = 0
configure:4108: test -z 
			 || test ! -s conftest.err
configure:4111: $? = 0
configure:4114: test -s conftest.o
configure:4117: $? = 0
configure:4128: result: yes
configure:4082: checking for stdlib.h
configure:4098: gcc -c -g -O2  conftest.c >&5
configure:4104: $? = 0
configure:4108: test -z 
			 || test ! -s conftest.err
configure:4111: $? = 0
configure:4114: test -s conftest.o
configure:4117: $? = 0
configure:4128: result: yes
configure:4082: checking for string.h
configure:4098: gcc -c -g -O2  conftest.c >&5
configure:4104: $? = 0
configure:4108: test -z 
			 || test ! -s conftest.err
configure:4111: $? = 0
configure:4114: test -s conftest.o
configure:4117: $? = 0
configure:4128: result: yes
configure:4082: checking for memory.h
configure:4098: gcc -c -g -O2  conftest.c >&5
configure:4104: $? = 0
configure:4108: test -z 
			 || test ! -s conftest.err
configure:4111: $? = 0
configure:4114: test -s conftest.o
configure:4117: $? = 0
configure:4128: result: yes
configure:4082: checking for strings.h
configure:4098: gcc -c -g -O2  conftest.c >&5
configure:4104: $? = 0
configure:4108: test -z 
			 || test ! -s conftest.err
configure:4111: $? = 0
configure:4114: test -s conftest.o
configure:4117: $? = 0
configure:4128: result: yes
configure:4082: checking for inttypes.h
configure:4098: gcc -c -g -O2  conftest.c >&5
configure:4104: $? = 0
configure:4108: test -z 
			 || test ! -s conftest.err
configure:4111: $? = 0
configure:4114: test -s conftest.o
configure:4117: $? = 0
configure:4128: result: yes
configure:4082: checking for stdint.h
configure:4098: gcc -c -g -O2  conftest.c >&5
configure:4104: $? = 0
configure:4108: test -z 
			 || test ! -s conftest.err
configure:4111: $? = 0
configure:4114: test -s conftest.o
configure:4117: $? = 0
configure:4128: result: yes
configure:4082: checking for unistd.h
configure:4098: gcc -c -g -O2  conftest.c >&5
configure:4104: $? = 0
configure:4108: test -z 
			 || test ! -s conftest.err
configure:4111: $? = 0
configure:4114: test -s conftest.o
configure:4117: $? = 0
configure:4128: result: yes
configure:4154: checking dlfcn.h usability
configure:4166: gcc -c -g -O2  conftest.c >&5
configure:4172: $? = 0
configure:4176: test -z 
			 || test ! -s conftest.err
configure:4179: $? = 0
configure:4182: test -s conftest.o
configure:4185: $? = 0
configure:4195: result: yes
configure:4199: checking dlfcn.h presence
configure:4209: gcc -E  conftest.c
configure:4215: $? = 0
configure:4235: result: yes
configure:4270: checking for dlfcn.h
configure:4277: result: yes
configure:4342: checking for g++
configure:4358: found /usr/bin/g++
configure:4368: result: g++
configure:4384: checking for C++ compiler version
configure:4387: g++ --version </dev/null >&5
g++ (GCC) 4.1.3 20070929 (prerelease) (Ubuntu 4.1.2-16ubuntu2)
Copyright (C) 2006 Free Software Foundation, Inc.
This is free software; see the source for copying conditions.  There is NO
warranty; not even for MERCHANTABILITY or FITNESS FOR A PARTICULAR PURPOSE.

configure:4390: $? = 0
configure:4392: g++ -v </dev/null >&5
Using built-in specs.
Target: i486-linux-gnu
Configured with: ../src/configure -v --enable-languages=c,c++,fortran,objc,obj-c++,treelang --prefix=/usr --enable-shared --with-system-zlib --libexecdir=/usr/lib --without-included-gettext --enable-threads=posix --enable-nls --with-gxx-include-dir=/usr/include/c++/4.1.3 --program-suffix=-4.1 --enable-__cxa_atexit --enable-clocale=gnu --enable-libstdcxx-debug --enable-mpfr --enable-checking=release i486-linux-gnu
Thread model: posix
gcc version 4.1.3 20070929 (prerelease) (Ubuntu 4.1.2-16ubuntu2)
configure:4395: $? = 0
configure:4397: g++ -V </dev/null >&5
g++: '-V' option must have argument
configure:4400: $? = 1
configure:4403: checking whether we are using the GNU C++ compiler
configure:4427: g++ -c   conftest.cc >&5
configure:4433: $? = 0
configure:4437: test -z 
			 || test ! -s conftest.err
configure:4440: $? = 0
configure:4443: test -s conftest.o
configure:4446: $? = 0
configure:4459: result: yes
configure:4465: checking whether g++ accepts -g
configure:4486: g++ -c -g  conftest.cc >&5
configure:4492: $? = 0
configure:4496: test -z 
			 || test ! -s conftest.err
configure:4499: $? = 0
configure:4502: test -s conftest.o
configure:4505: $? = 0
configure:4516: result: yes
configure:4558: g++ -c -g -O2  conftest.cc >&5
configure:4564: $? = 0
configure:4568: test -z 
			 || test ! -s conftest.err
configure:4571: $? = 0
configure:4574: test -s conftest.o
configure:4577: $? = 0
configure:4603: g++ -c -g -O2  conftest.cc >&5
conftest.cc: In function 'int main()':
conftest.cc:26: error: 'exit' was not declared in this scope
configure:4609: $? = 1
configure: failed program was:
| /* confdefs.h.  */
| 
| #define PACKAGE_NAME "FULL-PACKAGE-NAME"
| #define PACKAGE_TARNAME "full-package-name"
| #define PACKAGE_VERSION "VERSION"
| #define PACKAGE_STRING "FULL-PACKAGE-NAME VERSION"
| #define PACKAGE_BUGREPORT "BUG-REPORT-ADDRESS"
| #define PACKAGE "libavt1394"
| #define VERSION "2.0.0"
| #define STDC_HEADERS 1
| #define HAVE_SYS_TYPES_H 1
| #define HAVE_SYS_STAT_H 1
| #define HAVE_STDLIB_H 1
| #define HAVE_STRING_H 1
| #define HAVE_MEMORY_H 1
| #define HAVE_STRINGS_H 1
| #define HAVE_INTTYPES_H 1
| #define HAVE_STDINT_H 1
| #define HAVE_UNISTD_H 1
| #define HAVE_DLFCN_H 1
| /* end confdefs.h.  */
| 
| int
| main ()
| {
| exit (42);
|   ;
|   return 0;
| }
configure:4558: g++ -c -g -O2  conftest.cc >&5
configure:4564: $? = 0
configure:4568: test -z 
			 || test ! -s conftest.err
configure:4571: $? = 0
configure:4574: test -s conftest.o
configure:4577: $? = 0
configure:4603: g++ -c -g -O2  conftest.cc >&5
configure:4609: $? = 0
configure:4613: test -z 
			 || test ! -s conftest.err
configure:4616: $? = 0
configure:4619: test -s conftest.o
configure:4622: $? = 0
configure:4647: checking dependency style of g++
configure:4709: result: gcc3
configure:4719: checking how to run the C++ preprocessor
configure:4750: g++ -E  conftest.cc
configure:4756: $? = 0
configure:4788: g++ -E  conftest.cc
conftest.cc:25:28: error: ac_nonexistent.h: No such file or directory
configure:4794: $? = 1
configure: failed program was:
| /* confdefs.h.  */
| 
| #define PACKAGE_NAME "FULL-PACKAGE-NAME"
| #define PACKAGE_TARNAME "full-package-name"
| #define PACKAGE_VERSION "VERSION"
| #define PACKAGE_STRING "FULL-PACKAGE-NAME VERSION"
| #define PACKAGE_BUGREPORT "BUG-REPORT-ADDRESS"
| #define PACKAGE "libavt1394"
| #define VERSION "2.0.0"
| #define STDC_HEADERS 1
| #define HAVE_SYS_TYPES_H 1
| #define HAVE_SYS_STAT_H 1
| #define HAVE_STDLIB_H 1
| #define HAVE_STRING_H 1
| #define HAVE_MEMORY_H 1
| #define HAVE_STRINGS_H 1
| #define HAVE_INTTYPES_H 1
| #define HAVE_STDINT_H 1
| #define HAVE_UNISTD_H 1
| #define HAVE_DLFCN_H 1
| #ifdef __cplusplus
| extern "C" void std::exit (int) throw (); using std::exit;
| #endif
| /* end confdefs.h.  */
| #include <ac_nonexistent.h>
configure:4833: result: g++ -E
configure:4857: g++ -E  conftest.cc
configure:4863: $? = 0
configure:4895: g++ -E  conftest.cc
conftest.cc:25:28: error: ac_nonexistent.h: No such file or directory
configure:4901: $? = 1
configure: failed program was:
| /* confdefs.h.  */
| 
| #define PACKAGE_NAME "FULL-PACKAGE-NAME"
| #define PACKAGE_TARNAME "full-package-name"
| #define PACKAGE_VERSION "VERSION"
| #define PACKAGE_STRING "FULL-PACKAGE-NAME VERSION"
| #define PACKAGE_BUGREPORT "BUG-REPORT-ADDRESS"
| #define PACKAGE "libavt1394"
| #define VERSION "2.0.0"
| #define STDC_HEADERS 1
| #define HAVE_SYS_TYPES_H 1
| #define HAVE_SYS_STAT_H 1
| #define HAVE_STDLIB_H 1
| #define HAVE_STRING_H 1
| #define HAVE_MEMORY_H 1
| #define HAVE_STRINGS_H 1
| #define HAVE_INTTYPES_H 1
| #define HAVE_STDINT_H 1
| #define HAVE_UNISTD_H 1
| #define HAVE_DLFCN_H 1
| #ifdef __cplusplus
| extern "C" void std::exit (int) throw (); using std::exit;
| #endif
| /* end confdefs.h.  */
| #include <ac_nonexistent.h>
configure:4996: checking for g77
configure:5025: result: no
configure:4996: checking for f77
configure:5025: result: no
configure:4996: checking for xlf
configure:5025: result: no
configure:4996: checking for frt
configure:5025: result: no
configure:4996: checking for pgf77
configure:5025: result: no
configure:4996: checking for fort77
configure:5025: result: no
configure:4996: checking for fl32
configure:5025: result: no
configure:4996: checking for af77
configure:5025: result: no
configure:4996: checking for f90
configure:5025: result: no
configure:4996: checking for xlf90
configure:5025: result: no
configure:4996: checking for pgf90
configure:5025: result: no
configure:4996: checking for epcf90
configure:5025: result: no
configure:4996: checking for f95
configure:5025: result: no
configure:4996: checking for fort
configure:5025: result: no
configure:4996: checking for xlf95
configure:5025: result: no
configure:4996: checking for ifc
configure:5025: result: no
configure:4996: checking for efc
configure:5025: result: no
configure:4996: checking for pgf95
configure:5025: result: no
configure:4996: checking for lf95
configure:5025: result: no
configure:4996: checking for gfortran
configure:5025: result: no
configure:5037: checking for Fortran 77 compiler version
configure:5040:  --version </dev/null >&5
./configure: line 5041: --version: command not found
configure:5043: $? = 127
configure:5045:  -v </dev/null >&5
./configure: line 5046: -v: command not found
configure:5048: $? = 127
configure:5050:  -V </dev/null >&5
./configure: line 5051: -V: command not found
configure:5053: $? = 127
configure:5061: checking whether we are using the GNU Fortran 77 compiler
configure:5075:  -c  conftest.F >&5
./configure: line 5076: -c: command not found
configure:5081: $? = 127
configure: failed program was:
|       program main
| #ifndef __GNUC__
|        choke me
| #endif
| 
|       end
configure:5107: result: no
configure:5113: checking whether  accepts -g
configure:5125:  -c -g conftest.f >&5
./configure: line 5126: -c: command not found
configure:5131: $? = 127
configure: failed program was:
|       program main
| 
|       end
configure:5156: result: no
configure:5186: checking the maximum length of command line arguments
configure:5251: result: 32768
configure:5262: checking command to parse /usr/bin/nm -B output from gcc object
configure:5351: gcc -c -g -O2  conftest.c >&5
configure:5354: $? = 0
configure:5358: /usr/bin/nm -B conftest.o \| sed -n -e 's/^.*[ 	]\([ABCDGIRSTW][ABCDGIRSTW]*\)[ 	][ 	]*\(\)\([_A-Za-z][_A-Za-z0-9]*\)$/\1 \2\3 \3/p' \> conftest.nm
configure:5361: $? = 0
configure:5413: gcc -o conftest -g -O2   conftest.c conftstm.o >&5
configure:5416: $? = 0
configure:5454: result: ok
configure:5458: checking for objdir
configure:5473: result: .libs
configure:5563: checking for ar
configure:5579: found /usr/bin/ar
configure:5590: result: ar
configure:5643: checking for ranlib
configure:5659: found /usr/bin/ranlib
configure:5670: result: ranlib
configure:5723: checking for strip
configure:5739: found /usr/bin/strip
configure:5750: result: strip
configure:6012: checking if gcc static flag  works
configure:6035: result: yes
configure:6053: checking if gcc supports -fno-rtti -fno-exceptions
configure:6071: gcc -c -g -O2  -fno-rtti -fno-exceptions conftest.c >&5
cc1: warning: command line option "-fno-rtti" is valid for C++/ObjC++ but not for C
configure:6075: $? = 0
configure:6086: result: no
configure:6101: checking for gcc option to produce PIC
configure:6278: result: -fPIC
configure:6286: checking if gcc PIC flag -fPIC works
configure:6304: gcc -c -g -O2  -fPIC -DPIC conftest.c >&5
configure:6308: $? = 0
configure:6319: result: yes
configure:6343: checking if gcc supports -c -o file.o
configure:6364: gcc -c -g -O2  -o out/conftest2.o conftest.c >&5
configure:6368: $? = 0
configure:6388: result: yes
configure:6414: checking whether the gcc linker (/usr/bin/ld) supports shared libraries
configure:7262: result: yes
configure:7288: checking whether -lc should be explicitly linked in
configure:7293: gcc -c -g -O2  conftest.c >&5
configure:7296: $? = 0
configure:7310: gcc -shared conftest.o  -v -Wl,-soname -Wl,conftest -o conftest 2\>\&1 \| grep  -lc  \>/dev/null 2\>\&1
configure:7313: $? = 0
configure:7325: result: no
configure:7333: checking dynamic linker characteristics
configure:7894: result: GNU/Linux ld.so
configure:7898: checking how to hardcode library paths into programs
configure:7923: result: immediate
configure:7937: checking whether stripping libraries is possible
configure:7942: result: yes
configure:8772: checking if libtool supports shared libraries
configure:8774: result: yes
configure:8777: checking whether to build shared libraries
configure:8835: result: yes
configure:8838: checking whether to build static libraries
configure:8842: result: yes
configure:8934: creating libtool
configure:9481: checking for ld used by g++
configure:9548: result: /usr/bin/ld
configure:9557: checking if the linker (/usr/bin/ld) is GNU ld
configure:9572: result: yes
configure:9623: checking whether the g++ linker (/usr/bin/ld) supports shared libraries
configure:10451: result: yes
configure:10469: g++ -c -g -O2  conftest.cc >&5
configure:10472: $? = 0
configure:10568: checking for g++ option to produce PIC
configure:10820: result: -fPIC
configure:10828: checking if g++ PIC flag -fPIC works
configure:10846: g++ -c -g -O2  -fPIC -DPIC conftest.cc >&5
configure:10850: $? = 0
configure:10861: result: yes
configure:10885: checking if g++ supports -c -o file.o
configure:10906: g++ -c -g -O2  -o out/conftest2.o conftest.cc >&5
configure:10910: $? = 0
configure:10930: result: yes
configure:10956: checking whether the g++ linker (/usr/bin/ld) supports shared libraries
configure:10981: result: yes
configure:11052: checking dynamic linker characteristics
configure:11613: result: GNU/Linux ld.so
configure:11617: checking how to hardcode library paths into programs
configure:11642: result: immediate
configure:11656: checking whether stripping libraries is possible
configure:11661: result: yes
configure:18944: checking for raw1394_new_handle in -lraw1394
configure:18974: gcc -o conftest -g -O2   conftest.c -lraw1394   >&5
configure:18980: $? = 0
configure:18984: test -z 
			 || test ! -s conftest.err
configure:18987: $? = 0
configure:18990: test -s conftest
configure:18993: $? = 0
configure:19006: result: yes
configure:19019: checking for dc1394_create_handle in -ldc1394_control
configure:19049: gcc -o conftest -g -O2   conftest.c -ldc1394_control  -lraw1394  >&5
configure:19055: $? = 0
configure:19059: test -z 
			 || test ! -s conftest.err
configure:19062: $? = 0
configure:19065: test -s conftest
configure:19068: $? = 0
configure:19081: result: yes
configure:19094: checking for pow in -lm
configure:19124: gcc -o conftest -g -O2   conftest.c -lm  -ldc1394_control -lraw1394  >&5
conftest.c:34: warning: conflicting types for built-in function 'pow'
configure:19130: $? = 0
configure:19134: test -z 
			 || test ! -s conftest.err
configure:19137: $? = 0
configure:19140: test -s conftest
configure:19143: $? = 0
configure:19156: result: yes
configure:19186: checking netinet/in.h usability
configure:19198: gcc -c -g -O2  conftest.c >&5
configure:19204: $? = 0
configure:19208: test -z 
			 || test ! -s conftest.err
configure:19211: $? = 0
configure:19214: test -s conftest.o
configure:19217: $? = 0
configure:19227: result: yes
configure:19231: checking netinet/in.h presence
configure:19241: gcc -E  conftest.c
configure:19247: $? = 0
configure:19267: result: yes
configure:19302: checking for netinet/in.h
configure:19309: result: yes
configure:19177: checking for unistd.h
configure:19182: result: yes
configure:19331: checking for stdlib.h
configure:19336: result: yes
configure:19476: checking for GNU libc compatible malloc
configure:19505: gcc -o conftest -g -O2   conftest.c -lm -ldc1394_control -lraw1394  >&5
configure:19508: $? = 0
configure:19510: ./conftest
configure:19513: $? = 0
configure:19527: result: yes
configure:19561: checking for pow
configure:19618: gcc -o conftest -g -O2   conftest.c -lm -ldc1394_control -lraw1394  >&5
conftest.c:56: warning: conflicting types for built-in function 'pow'
configure:19624: $? = 0
configure:19628: test -z 
			 || test ! -s conftest.err
configure:19631: $? = 0
configure:19634: test -s conftest
configure:19637: $? = 0
configure:19649: result: yes
configure:19793: creating ./config.status

## ---------------------- ##
## Running config.status. ##
## ---------------------- ##

This file was extended by FULL-PACKAGE-NAME config.status VERSION, which was
generated by GNU Autoconf 2.59.  Invocation command line was

  CONFIG_FILES    = 
  CONFIG_HEADERS  = 
  CONFIG_LINKS    = 
  CONFIG_COMMANDS = 
  $ ./config.status 

on localhost

config.status:698: creating Makefile
config.status:881: executing default-1 commands

## ---------------- ##
## Cache variables. ##
## ---------------- ##

ac_cv_build=i686-pc-linux-gnu
ac_cv_build_alias=i686-pc-linux-gnu
ac_cv_c_compiler_gnu=yes
ac_cv_cxx_compiler_gnu=yes
ac_cv_env_CC_set=
ac_cv_env_CC_value=
ac_cv_env_CFLAGS_set=
ac_cv_env_CFLAGS_value=
ac_cv_env_CPPFLAGS_set=
ac_cv_env_CPPFLAGS_value=
ac_cv_env_CPP_set=
ac_cv_env_CPP_value=
ac_cv_env_CXXCPP_set=
ac_cv_env_CXXCPP_value=
ac_cv_env_CXXFLAGS_set=
ac_cv_env_CXXFLAGS_value=
ac_cv_env_CXX_set=
ac_cv_env_CXX_value=
ac_cv_env_F77_set=
ac_cv_env_F77_value=
ac_cv_env_FFLAGS_set=
ac_cv_env_FFLAGS_value=
ac_cv_env_LDFLAGS_set=
ac_cv_env_LDFLAGS_value=
ac_cv_env_build_alias_set=
ac_cv_env_build_alias_value=
ac_cv_env_host_alias_set=
ac_cv_env_host_alias_value=
ac_cv_env_target_alias_set=
ac_cv_env_target_alias_value=
ac_cv_exeext=
ac_cv_f77_compiler_gnu=no
ac_cv_func_malloc_0_nonnull=yes
ac_cv_func_pow=yes
ac_cv_header_dlfcn_h=yes
ac_cv_header_inttypes_h=yes
ac_cv_header_memory_h=yes
ac_cv_header_netinet_in_h=yes
ac_cv_header_stdc=yes
ac_cv_header_stdint_h=yes
ac_cv_header_stdlib_h=yes
ac_cv_header_string_h=yes
ac_cv_header_strings_h=yes
ac_cv_header_sys_stat_h=yes
ac_cv_header_sys_types_h=yes
ac_cv_header_unistd_h=yes
ac_cv_host=i686-pc-linux-gnu
ac_cv_host_alias=i686-pc-linux-gnu
ac_cv_lib_dc1394_control_dc1394_create_handle=yes
ac_cv_lib_m_pow=yes
ac_cv_lib_raw1394_raw1394_new_handle=yes
ac_cv_objext=o
ac_cv_path_install='/usr/bin/install -c'
ac_cv_prog_AWK=gawk
ac_cv_prog_CPP='gcc -E'
ac_cv_prog_CXXCPP='g++ -E'
ac_cv_prog_ac_ct_AR=ar
ac_cv_prog_ac_ct_CC=gcc
ac_cv_prog_ac_ct_CXX=g++
ac_cv_prog_ac_ct_RANLIB=ranlib
ac_cv_prog_ac_ct_STRIP=strip
ac_cv_prog_cc_g=yes
ac_cv_prog_cc_stdc=
ac_cv_prog_cxx_g=yes
ac_cv_prog_egrep='grep -E'
ac_cv_prog_f77_g=no
ac_cv_prog_make_make_set=yes
am_cv_CC_dependencies_compiler_type=gcc3
am_cv_CXX_dependencies_compiler_type=gcc3
lt_cv_deplibs_check_method=pass_all
lt_cv_file_magic_cmd='$MAGIC_CMD'
lt_cv_file_magic_test_file='/lib/libc.so.6 /lib/libc-2.6.1.so'
lt_cv_ld_reload_flag=-r
lt_cv_objdir=.libs
lt_cv_path_LD=/usr/bin/ld
lt_cv_path_LDCXX=/usr/bin/ld
lt_cv_path_NM='/usr/bin/nm -B'
lt_cv_path_SED=/bin/sed
lt_cv_prog_compiler_c_o=yes
lt_cv_prog_compiler_c_o_CXX=yes
lt_cv_prog_compiler_rtti_exceptions=no
lt_cv_prog_gnu_ld=yes
lt_cv_prog_gnu_ldcxx=yes
lt_cv_sys_global_symbol_pipe='sed -n -e '\''s/^.*[ 	]\([ABCDGIRSTW][ABCDGIRSTW]*\)[ 	][ 	]*\(\)\([_A-Za-z][_A-Za-z0-9]*\)$/\1 \2\3 \3/p'\'''
lt_cv_sys_global_symbol_to_c_name_address='sed -n -e '\''s/^: \([^ ]*\) $/  {\"\1\", (lt_ptr) 0},/p'\'' -e '\''s/^[BCDEGRST] \([^ ]*\) \([^ ]*\)$/  {"\2", (lt_ptr) \&\2},/p'\'''
lt_cv_sys_global_symbol_to_cdecl='sed -n -e '\''s/^. .* \(.*\)$/extern int \1;/p'\'''
lt_cv_sys_max_cmd_len=32768
lt_lt_cv_prog_compiler_c_o='"yes"'
lt_lt_cv_prog_compiler_c_o_CXX='"yes"'
lt_lt_cv_sys_global_symbol_pipe='"sed -n -e '\''s/^.*[ 	]\\([ABCDGIRSTW][ABCDGIRSTW]*\\)[ 	][ 	]*\\(\\)\\([_A-Za-z][_A-Za-z0-9]*\\)\$/\\1 \\2\\3 \\3/p'\''"'
lt_lt_cv_sys_global_symbol_to_c_name_address='"sed -n -e '\''s/^: \\([^ ]*\\) \$/  {\\\"\\1\\\", (lt_ptr) 0},/p'\'' -e '\''s/^[BCDEGRST] \\([^ ]*\\) \\([^ ]*\\)\$/  {\"\\2\", (lt_ptr) \\&\\2},/p'\''"'
lt_lt_cv_sys_global_symbol_to_cdecl='"sed -n -e '\''s/^. .* \\(.*\\)\$/extern int \\1;/p'\''"'

## ----------------- ##
## Output variables. ##
## ----------------- ##

ACLOCAL='${SHELL} /home/chris/Desktop/igvcsvn2/Guppy/Guppy_drivers/libavt1394-2.0.0/missing --run aclocal'
AMDEPBACKSLASH='\'
AMDEP_FALSE='#'
AMDEP_TRUE=''
AMTAR='${SHELL} /home/chris/Desktop/igvcsvn2/Guppy/Guppy_drivers/libavt1394-2.0.0/missing --run tar'
AR='ar'
AUTOCONF='${SHELL} /home/chris/Desktop/igvcsvn2/Guppy/Guppy_drivers/libavt1394-2.0.0/missing --run autoconf'
AUTOHEADER='${SHELL} /home/chris/Desktop/igvcsvn2/Guppy/Guppy_drivers/libavt1394-2.0.0/missing --run autoheader'
AUTOMAKE='${SHELL} /home/chris/Desktop/igvcsvn2/Guppy/Guppy_drivers/libavt1394-2.0.0/missing --run automake'
AWK='gawk'
CC='gcc'
CCDEPMODE='depmode=gcc3'
CFLAGS='-g -O2'
CPP='gcc -E'
CPPFLAGS=''
CXX='g++'
CXXCPP='g++ -E'
CXXDEPMODE='depmode=gcc3'
CXXFLAGS='-g -O2'
DEFS='-DPACKAGE_NAME=\"FULL-PACKAGE-NAME\" -DPACKAGE_TARNAME=\"full-package-name\" -DPACKAGE_VERSION=\"VERSION\" -DPACKAGE_STRING=\"FULL-PACKAGE-NAME\ VERSION\" -DPACKAGE_BUGREPORT=\"BUG-REPORT-ADDRESS\" -DPACKAGE=\"libavt1394\" -DVERSION=\"2.0.0\" -DSTDC_HEADERS=1 -DHAVE_SYS_TYPES_H=1 -DHAVE_SYS_STAT_H=1 -DHAVE_STDLIB_H=1 -DHAVE_STRING_H=1 -DHAVE_MEMORY_H=1 -DHAVE_STRINGS_H=1 -DHAVE_INTTYPES_H=1 -DHAVE_STDINT_H=1 -DHAVE_UNISTD_H=1 -DHAVE_DLFCN_H=1 -DHAVE_LIBRAW1394=1 -DHAVE_LIBDC1394_CONTROL=1 -DHAVE_LIBM=1 -DHAVE_NETINET_IN_H=1 -DHAVE_UNISTD_H=1 -DHAVE_STDLIB_H=1 -DHAVE_MALLOC=1 -DHAVE_POW=1 '
DEPDIR='.deps'
ECHO='echo'
ECHO_C=''
ECHO_N='-n'
ECHO_T=''
EGREP='grep -E'
EXEEXT=''
F77=''
FFLAGS=''
INSTALL_DATA='${INSTALL} -m 644'
INSTALL_PROGRAM='${INSTALL}'
INSTALL_SCRIPT='${INSTALL}'
INSTALL_STRIP_PROGRAM='${SHELL} $(install_sh) -c -s'
LDFLAGS=''
LIBOBJS=''
LIBS='-lm -ldc1394_control -lraw1394 '
LIBTOOL='$(SHELL) $(top_builddir)/libtool'
LN_S='ln -s'
LTLIBOBJS=''
MAKEINFO='${SHELL} /home/chris/Desktop/igvcsvn2/Guppy/Guppy_drivers/libavt1394-2.0.0/missing --run makeinfo'
OBJEXT='o'
PACKAGE='libavt1394'
PACKAGE_BUGREPORT='BUG-REPORT-ADDRESS'
PACKAGE_NAME='FULL-PACKAGE-NAME'
PACKAGE_STRING='FULL-PACKAGE-NAME VERSION'
PACKAGE_TARNAME='full-package-name'
PACKAGE_VERSION='VERSION'
PATH_SEPARATOR=':'
RANLIB='ranlib'
SET_MAKE=''
SHELL='/bin/bash'
STRIP='strip'
VERSION='2.0.0'
ac_ct_AR='ar'
ac_ct_CC='gcc'
ac_ct_CXX='g++'
ac_ct_F77=''
ac_ct_RANLIB='ranlib'
ac_ct_STRIP='strip'
am__include='include'
am__quote=''
bindir='${exec_prefix}/bin'
build='i686-pc-linux-gnu'
build_alias=''
build_cpu='i686'
build_os='linux-gnu'
build_vendor='pc'
datadir='${prefix}/share'
exec_prefix='${prefix}'
host='i686-pc-linux-gnu'
host_alias=''
host_cpu='i686'
host_os='linux-gnu'
host_vendor='pc'
includedir='${prefix}/include'
infodir='${prefix}/info'
install_sh='/home/chris/Desktop/igvcsvn2/Guppy/Guppy_drivers/libavt1394-2.0.0/install-sh'
libdir='${exec_prefix}/lib'
libexecdir='${exec_prefix}/libexec'
localstatedir='${prefix}/var'
mandir='${prefix}/man'
oldincludedir='/usr/include'
prefix='/usr/local'
program_transform_name='s,x,x,'
sbindir='${exec_prefix}/sbin'
sharedstatedir='${prefix}/com'
sysconfdir='${prefix}/etc'
target_alias=''

## ----------- ##
## confdefs.h. ##
## ----------- ##

#define HAVE_DLFCN_H 1
#define HAVE_INTTYPES_H 1
#define HAVE_LIBDC1394_CONTROL 1
#define HAVE_LIBM 1
#define HAVE_LIBRAW1394 1
#define HAVE_MALLOC 1
#define HAVE_MEMORY_H 1
#define HAVE_NETINET_IN_H 1
#define HAVE_POW 1
#define HAVE_STDINT_H 1
#define HAVE_STDLIB_H 1
#define HAVE_STDLIB_H 1
#define HAVE_STRINGS_H 1
#define HAVE_STRING_H 1
#define HAVE_SYS_STAT_H 1
#define HAVE_SYS_TYPES_H 1
#define HAVE_UNISTD_H 1
#define HAVE_UNISTD_H 1
#define PACKAGE "libavt1394"
#define PACKAGE_BUGREPORT "BUG-REPORT-ADDRESS"
#define PACKAGE_NAME "FULL-PACKAGE-NAME"
#define PACKAGE_STRING "FULL-PACKAGE-NAME VERSION"
#define PACKAGE_TARNAME "full-package-name"
#define PACKAGE_VERSION "VERSION"
#define STDC_HEADERS 1
#define VERSION "2.0.0"
#endif
#ifdef __cplusplus
extern "C" void std::exit (int) throw (); using std::exit;

configure: exit 0
