This file contains any messages produced by compilers while
running configure, to aid debugging if configure makes a mistake.

It was created by libdc1394 configure 2.0.3, which was
generated by GNU Autoconf 2.63.  Invocation command line was

  $ ./configure 

## --------- ##
## Platform. ##
## --------- ##

hostname = robo
uname -m = i686
uname -r = 2.6.24-19-generic
uname -s = Linux
uname -v = #1 SMP Wed Jun 18 14:43:41 UTC 2008

/usr/bin/uname -p = unknown
/bin/uname -X     = unknown

/bin/arch              = unknown
/usr/bin/arch -k       = unknown
/usr/convex/getsysinfo = unknown
/usr/bin/hostinfo      = unknown
/bin/machine           = unknown
/usr/bin/oslevel       = unknown
/bin/universe          = unknown

PATH: /usr/local/sbin
PATH: /usr/local/bin
PATH: /usr/sbin
PATH: /usr/bin
PATH: /sbin
PATH: /bin
PATH: /usr/games


## ----------- ##
## Core tests. ##
## ----------- ##

configure:2197: checking build system type
configure:2215: result: i686-pc-linux-gnu
configure:2237: checking host system type
configure:2252: result: i686-pc-linux-gnu
configure:2274: checking target system type
configure:2289: result: i686-pc-linux-gnu
configure:2436: checking for doxygen
configure:2454: found /usr/bin/doxygen
configure:2466: result: /usr/bin/doxygen
configure:2542: checking for perl
configure:2560: found /usr/bin/perl
configure:2572: result: /usr/bin/perl
configure:4311: checking for a BSD-compatible install
configure:4379: result: /usr/bin/install -c
configure:4390: checking whether build environment is sane
configure:4433: result: yes
configure:4458: checking for a thread-safe mkdir -p
configure:4497: result: /bin/mkdir -p
configure:4510: checking for gawk
configure:4540: result: no
configure:4510: checking for mawk
configure:4526: found /usr/bin/mawk
configure:4537: result: mawk
configure:4548: checking whether make sets $(MAKE)
configure:4570: result: yes
configure:4805: checking for gcc
configure:4821: found /usr/bin/gcc
configure:4832: result: gcc
configure:5064: checking for C compiler version
configure:5072: gcc --version >&5
gcc (GCC) 4.2.3 (Ubuntu 4.2.3-2ubuntu7)
Copyright (C) 2007 Free Software Foundation, Inc.
This is free software; see the source for copying conditions.  There is NO
warranty; not even for MERCHANTABILITY or FITNESS FOR A PARTICULAR PURPOSE.

configure:5076: $? = 0
configure:5083: gcc -v >&5
Using built-in specs.
Target: i486-linux-gnu
Configured with: ../src/configure -v --enable-languages=c,c++,fortran,objc,obj-c++,treelang --prefix=/usr --enable-shared --with-system-zlib --libexecdir=/usr/lib --without-included-gettext --enable-threads=posix --enable-nls --with-gxx-include-dir=/usr/include/c++/4.2 --program-suffix=-4.2 --enable-clocale=gnu --enable-libstdcxx-debug --enable-objc-gc --enable-mpfr --enable-targets=all --enable-checking=release --build=i486-linux-gnu --host=i486-linux-gnu --target=i486-linux-gnu
Thread model: posix
gcc version 4.2.3 (Ubuntu 4.2.3-2ubuntu7)
configure:5087: $? = 0
configure:5094: gcc -V >&5
gcc: '-V' option must have argument
configure:5098: $? = 1
configure:5121: checking for C compiler default output file name
configure:5143: gcc    conftest.c  >&5
configure:5147: $? = 0
configure:5185: result: a.out
configure:5204: checking whether the C compiler works
configure:5214: ./a.out
configure:5218: $? = 0
configure:5237: result: yes
configure:5244: checking whether we are cross compiling
configure:5246: result: no
configure:5249: checking for suffix of executables
configure:5256: gcc -o conftest    conftest.c  >&5
configure:5260: $? = 0
configure:5286: result: 
configure:5292: checking for suffix of object files
configure:5318: gcc -c   conftest.c >&5
configure:5322: $? = 0
configure:5347: result: o
configure:5351: checking whether we are using the GNU C compiler
configure:5380: gcc -c   conftest.c >&5
configure:5387: $? = 0
configure:5404: result: yes
configure:5413: checking whether gcc accepts -g
configure:5443: gcc -c -g  conftest.c >&5
configure:5450: $? = 0
configure:5551: result: yes
configure:5568: checking for gcc option to accept ISO C89
configure:5642: gcc  -c -g -O2  conftest.c >&5
configure:5649: $? = 0
configure:5672: result: none needed
configure:5701: checking for style of include used by make
configure:5729: result: GNU
configure:5754: checking dependency style of gcc
configure:5845: result: gcc3
configure:5932: checking for a sed that does not truncate output
configure:5988: result: /bin/sed
configure:5991: checking for grep that handles long lines and -e
configure:6051: result: /bin/grep
configure:6056: checking for egrep
configure:6120: result: /bin/grep -E
configure:6136: checking for ld used by gcc
configure:6203: result: /usr/bin/ld
configure:6212: checking if the linker (/usr/bin/ld) is GNU ld
configure:6227: result: yes
configure:6232: checking for /usr/bin/ld option to reload object files
configure:6239: result: -r
configure:6257: checking for BSD-compatible nm
configure:6306: result: /usr/bin/nm -B
configure:6310: checking whether ln -s works
configure:6314: result: yes
configure:6321: checking how to recognize dependent libraries
configure:6507: result: pass_all
configure:7035: checking how to run the C preprocessor
configure:7075: gcc -E  conftest.c
configure:7082: $? = 0
configure:7113: gcc -E  conftest.c
conftest.c:10:28: error: ac_nonexistent.h: No such file or directory
configure:7120: $? = 1
configure: failed program was:
| /* confdefs.h.  */
| #define PACKAGE_NAME "libdc1394"
| #define PACKAGE_TARNAME "libdc1394"
| #define PACKAGE_VERSION "2.0.3"
| #define PACKAGE_STRING "libdc1394 2.0.3"
| #define PACKAGE_BUGREPORT "libdc1394-devel@lists.sf.net"
| #define PACKAGE "libdc1394"
| #define VERSION "2.0.3"
| /* end confdefs.h.  */
| #include <ac_nonexistent.h>
configure:7153: result: gcc -E
configure:7182: gcc -E  conftest.c
configure:7189: $? = 0
configure:7220: gcc -E  conftest.c
conftest.c:10:28: error: ac_nonexistent.h: No such file or directory
configure:7227: $? = 1
configure: failed program was:
| /* confdefs.h.  */
| #define PACKAGE_NAME "libdc1394"
| #define PACKAGE_TARNAME "libdc1394"
| #define PACKAGE_VERSION "2.0.3"
| #define PACKAGE_STRING "libdc1394 2.0.3"
| #define PACKAGE_BUGREPORT "libdc1394-devel@lists.sf.net"
| #define PACKAGE "libdc1394"
| #define VERSION "2.0.3"
| /* end confdefs.h.  */
| #include <ac_nonexistent.h>
configure:7267: checking for ANSI C header files
configure:7297: gcc -c -g -O2  conftest.c >&5
configure:7304: $? = 0
configure:7403: gcc -o conftest -g -O2   conftest.c  >&5
configure:7407: $? = 0
configure:7413: ./conftest
configure:7417: $? = 0
configure:7435: result: yes
configure:7459: checking for sys/types.h
configure:7480: gcc -c -g -O2  conftest.c >&5
configure:7487: $? = 0
configure:7504: result: yes
configure:7459: checking for sys/stat.h
configure:7480: gcc -c -g -O2  conftest.c >&5
configure:7487: $? = 0
configure:7504: result: yes
configure:7459: checking for stdlib.h
configure:7480: gcc -c -g -O2  conftest.c >&5
configure:7487: $? = 0
configure:7504: result: yes
configure:7459: checking for string.h
configure:7480: gcc -c -g -O2  conftest.c >&5
configure:7487: $? = 0
configure:7504: result: yes
configure:7459: checking for memory.h
configure:7480: gcc -c -g -O2  conftest.c >&5
configure:7487: $? = 0
configure:7504: result: yes
configure:7459: checking for strings.h
configure:7480: gcc -c -g -O2  conftest.c >&5
configure:7487: $? = 0
configure:7504: result: yes
configure:7459: checking for inttypes.h
configure:7480: gcc -c -g -O2  conftest.c >&5
configure:7487: $? = 0
configure:7504: result: yes
configure:7459: checking for stdint.h
configure:7480: gcc -c -g -O2  conftest.c >&5
configure:7487: $? = 0
configure:7504: result: yes
configure:7459: checking for unistd.h
configure:7480: gcc -c -g -O2  conftest.c >&5
configure:7487: $? = 0
configure:7504: result: yes
configure:7534: checking dlfcn.h usability
configure:7551: gcc -c -g -O2  conftest.c >&5
configure:7558: $? = 0
configure:7572: result: yes
configure:7576: checking dlfcn.h presence
configure:7591: gcc -E  conftest.c
configure:7598: $? = 0
configure:7612: result: yes
configure:7645: checking for dlfcn.h
configure:7654: result: yes
configure:7727: checking for g++
configure:7743: found /usr/bin/g++
configure:7754: result: g++
configure:7781: checking for C++ compiler version
configure:7789: g++ --version >&5
g++ (GCC) 4.2.3 (Ubuntu 4.2.3-2ubuntu7)
Copyright (C) 2007 Free Software Foundation, Inc.
This is free software; see the source for copying conditions.  There is NO
warranty; not even for MERCHANTABILITY or FITNESS FOR A PARTICULAR PURPOSE.

configure:7793: $? = 0
configure:7800: g++ -v >&5
Using built-in specs.
Target: i486-linux-gnu
Configured with: ../src/configure -v --enable-languages=c,c++,fortran,objc,obj-c++,treelang --prefix=/usr --enable-shared --with-system-zlib --libexecdir=/usr/lib --without-included-gettext --enable-threads=posix --enable-nls --with-gxx-include-dir=/usr/include/c++/4.2 --program-suffix=-4.2 --enable-clocale=gnu --enable-libstdcxx-debug --enable-objc-gc --enable-mpfr --enable-targets=all --enable-checking=release --build=i486-linux-gnu --host=i486-linux-gnu --target=i486-linux-gnu
Thread model: posix
gcc version 4.2.3 (Ubuntu 4.2.3-2ubuntu7)
configure:7804: $? = 0
configure:7811: g++ -V >&5
g++: '-V' option must have argument
configure:7815: $? = 1
configure:7818: checking whether we are using the GNU C++ compiler
configure:7847: g++ -c   conftest.cpp >&5
configure:7854: $? = 0
configure:7871: result: yes
configure:7880: checking whether g++ accepts -g
configure:7910: g++ -c -g  conftest.cpp >&5
configure:7917: $? = 0
configure:8018: result: yes
configure:8043: checking dependency style of g++
configure:8134: result: gcc3
configure:8159: checking how to run the C++ preprocessor
configure:8195: g++ -E  conftest.cpp
configure:8202: $? = 0
configure:8233: g++ -E  conftest.cpp
conftest.cpp:21:28: error: ac_nonexistent.h: No such file or directory
configure:8240: $? = 1
configure: failed program was:
| /* confdefs.h.  */
| #define PACKAGE_NAME "libdc1394"
| #define PACKAGE_TARNAME "libdc1394"
| #define PACKAGE_VERSION "2.0.3"
| #define PACKAGE_STRING "libdc1394 2.0.3"
| #define PACKAGE_BUGREPORT "libdc1394-devel@lists.sf.net"
| #define PACKAGE "libdc1394"
| #define VERSION "2.0.3"
| #define STDC_HEADERS 1
| #define HAVE_SYS_TYPES_H 1
| #define HAVE_SYS_STAT_H 1
| #define HAVE_STDLIB_H 1
| #define HAVE_STRING_H 1
| #define HAVE_MEMORY_H 1
| #define HAVE_STRINGS_H 1
| #define HAVE_INTTYPES_H 1
| #define HAVE_STDINT_H 1
| #define HAVE_UNISTD_H 1
| #define HAVE_DLFCN_H 1
| /* end confdefs.h.  */
| #include <ac_nonexistent.h>
configure:8273: result: g++ -E
configure:8302: g++ -E  conftest.cpp
configure:8309: $? = 0
configure:8340: g++ -E  conftest.cpp
conftest.cpp:21:28: error: ac_nonexistent.h: No such file or directory
configure:8347: $? = 1
configure: failed program was:
| /* confdefs.h.  */
| #define PACKAGE_NAME "libdc1394"
| #define PACKAGE_TARNAME "libdc1394"
| #define PACKAGE_VERSION "2.0.3"
| #define PACKAGE_STRING "libdc1394 2.0.3"
| #define PACKAGE_BUGREPORT "libdc1394-devel@lists.sf.net"
| #define PACKAGE "libdc1394"
| #define VERSION "2.0.3"
| #define STDC_HEADERS 1
| #define HAVE_SYS_TYPES_H 1
| #define HAVE_SYS_STAT_H 1
| #define HAVE_STDLIB_H 1
| #define HAVE_STRING_H 1
| #define HAVE_MEMORY_H 1
| #define HAVE_STRINGS_H 1
| #define HAVE_INTTYPES_H 1
| #define HAVE_STDINT_H 1
| #define HAVE_UNISTD_H 1
| #define HAVE_DLFCN_H 1
| /* end confdefs.h.  */
| #include <ac_nonexistent.h>
configure:8442: checking for g77
configure:8472: result: no
configure:8442: checking for xlf
configure:8472: result: no
configure:8442: checking for f77
configure:8472: result: no
configure:8442: checking for frt
configure:8472: result: no
configure:8442: checking for pgf77
configure:8472: result: no
configure:8442: checking for cf77
configure:8472: result: no
configure:8442: checking for fort77
configure:8472: result: no
configure:8442: checking for fl32
configure:8472: result: no
configure:8442: checking for af77
configure:8472: result: no
configure:8442: checking for xlf90
configure:8472: result: no
configure:8442: checking for f90
configure:8472: result: no
configure:8442: checking for pgf90
configure:8472: result: no
configure:8442: checking for pghpf
configure:8472: result: no
configure:8442: checking for epcf90
configure:8472: result: no
configure:8442: checking for gfortran
configure:8472: result: no
configure:8442: checking for g95
configure:8472: result: no
configure:8442: checking for xlf95
configure:8472: result: no
configure:8442: checking for f95
configure:8472: result: no
configure:8442: checking for fort
configure:8472: result: no
configure:8442: checking for ifort
configure:8472: result: no
configure:8442: checking for ifc
configure:8472: result: no
configure:8442: checking for efc
configure:8472: result: no
configure:8442: checking for pgf95
configure:8472: result: no
configure:8442: checking for lf95
configure:8472: result: no
configure:8442: checking for ftn
configure:8472: result: no
configure:8495: checking for Fortran 77 compiler version
configure:8503:  --version >&5
./configure: line 8505: --version: command not found
configure:8507: $? = 127
configure:8514:  -v >&5
./configure: line 8516: -v: command not found
configure:8518: $? = 127
configure:8525:  -V >&5
./configure: line 8527: -V: command not found
configure:8529: $? = 127
configure:8537: checking whether we are using the GNU Fortran 77 compiler
configure:8556:  -c  conftest.F >&5
./configure: line 8558: -c: command not found
configure:8563: $? = 127
configure: failed program was:
|       program main
| #ifndef __GNUC__
|        choke me
| #endif
| 
|       end
configure:8580: result: no
configure:8586: checking whether  accepts -g
configure:8603:  -c -g conftest.f >&5
./configure: line 8605: -c: command not found
configure:8610: $? = 127
configure: failed program was:
|       program main
| 
|       end
configure:8626: result: no
configure:8659: checking the maximum length of command line arguments
configure:8771: result: 98304
configure:8783: checking command to parse /usr/bin/nm -B output from gcc object
configure:8888: gcc -c -g -O2  conftest.c >&5
configure:8891: $? = 0
configure:8895: /usr/bin/nm -B conftest.o \| sed -n -e 's/^.*[ 	]\([ABCDGIRSTW][ABCDGIRSTW]*\)[ 	][ 	]*\([_A-Za-z][_A-Za-z0-9]*\)$/\1 \2 \2/p' \> conftest.nm
configure:8898: $? = 0
configure:8950: gcc -o conftest -g -O2   conftest.c conftstm.o >&5
configure:8953: $? = 0
configure:8991: result: ok
configure:8995: checking for objdir
configure:9010: result: .libs
configure:9102: checking for ar
configure:9118: found /usr/bin/ar
configure:9129: result: ar
configure:9194: checking for ranlib
configure:9210: found /usr/bin/ranlib
configure:9221: result: ranlib
configure:9286: checking for strip
configure:9302: found /usr/bin/strip
configure:9313: result: strip
configure:9903: checking if gcc supports -fno-rtti -fno-exceptions
configure:9921: gcc -c -g -O2  -fno-rtti -fno-exceptions conftest.c >&5
cc1: warning: command line option "-fno-rtti" is valid for C++/ObjC++ but not for C
configure:9925: $? = 0
configure:9938: result: no
configure:9953: checking for gcc option to produce PIC
configure:10185: result: -fPIC
configure:10193: checking if gcc PIC flag -fPIC works
configure:10211: gcc -c -g -O2  -fPIC -DPIC conftest.c >&5
configure:10215: $? = 0
configure:10228: result: yes
configure:10256: checking if gcc static flag -static works
configure:10284: result: yes
configure:10294: checking if gcc supports -c -o file.o
configure:10315: gcc -c -g -O2  -o out/conftest2.o conftest.c >&5
configure:10319: $? = 0
configure:10341: result: yes
configure:10367: checking whether the gcc linker (/usr/bin/ld) supports shared libraries
configure:11355: result: yes
configure:11376: checking whether -lc should be explicitly linked in
configure:11381: gcc -c -g -O2  conftest.c >&5
configure:11384: $? = 0
configure:11399: gcc -shared conftest.o  -v -Wl,-soname -Wl,conftest -o conftest 2\>\&1 \| grep  -lc  \>/dev/null 2\>\&1
configure:11402: $? = 0
configure:11414: result: no
configure:11422: checking dynamic linker characteristics
configure:12026: result: GNU/Linux ld.so
configure:12050: checking how to hardcode library paths into programs
configure:12075: result: immediate
configure:12089: checking whether stripping libraries is possible
configure:12094: result: yes
configure:12924: checking if libtool supports shared libraries
configure:12926: result: yes
configure:12929: checking whether to build shared libraries
configure:12950: result: yes
configure:12953: checking whether to build static libraries
configure:12957: result: yes
configure:13051: creating libtool
configure:13644: checking for ld used by g++
configure:13711: result: /usr/bin/ld
configure:13720: checking if the linker (/usr/bin/ld) is GNU ld
configure:13735: result: yes
configure:13786: checking whether the g++ linker (/usr/bin/ld) supports shared libraries
configure:14740: result: yes
configure:14757: g++ -c -g -O2  conftest.cpp >&5
configure:14760: $? = 0
configure:14916: checking for g++ option to produce PIC
configure:15200: result: -fPIC
configure:15208: checking if g++ PIC flag -fPIC works
configure:15226: g++ -c -g -O2  -fPIC -DPIC conftest.cpp >&5
configure:15230: $? = 0
configure:15243: result: yes
configure:15271: checking if g++ static flag -static works
configure:15299: result: yes
configure:15309: checking if g++ supports -c -o file.o
configure:15330: g++ -c -g -O2  -o out/conftest2.o conftest.cpp >&5
configure:15334: $? = 0
configure:15356: result: yes
configure:15382: checking whether the g++ linker (/usr/bin/ld) supports shared libraries
configure:15408: result: yes
configure:15475: checking dynamic linker characteristics
configure:16027: result: GNU/Linux ld.so
configure:16051: checking how to hardcode library paths into programs
configure:16076: result: immediate
configure:22318: checking whether gcc and cc understand -c and -o together
configure:22353: gcc -c conftest.c -o conftest2.o >&5
configure:22357: $? = 0
configure:22363: gcc -c conftest.c -o conftest2.o >&5
configure:22367: $? = 0
configure:22378: cc -c conftest.c >&5
configure:22382: $? = 0
configure:22390: cc -c conftest.c -o conftest2.o >&5
configure:22394: $? = 0
configure:22400: cc -c conftest.c -o conftest2.o >&5
configure:22404: $? = 0
configure:22422: result: yes
configure:22450: checking for C/C++ restrict keyword
configure:22485: gcc -c -g -O2  conftest.c >&5
configure:22492: $? = 0
configure:22510: result: __restrict
configure:22527: checking for pow in -lm
configure:22562: gcc -o conftest -g -O2   conftest.c -lm   >&5
conftest.c:29: warning: conflicting types for built-in function 'pow'
configure:22569: $? = 0
configure:22590: result: yes
configure:22612: checking for raw1394_channel_modify in -lraw1394
configure:22647: gcc -o conftest -g -O2   conftest.c -lraw1394  -lm  >&5
configure:22654: $? = 0
configure:22675: result: yes
configure:22811: checking for Xv extensions
configure:22838: gcc -c -g -O2  conftest.c >&5
conftest.c:25:36: error: X11/extensions/Xvlib.h: No such file or directory
configure:22845: $? = 1
configure: failed program was:
| /* confdefs.h.  */
| #define PACKAGE_NAME "libdc1394"
| #define PACKAGE_TARNAME "libdc1394"
| #define PACKAGE_VERSION "2.0.3"
| #define PACKAGE_STRING "libdc1394 2.0.3"
| #define PACKAGE_BUGREPORT "libdc1394-devel@lists.sf.net"
| #define PACKAGE "libdc1394"
| #define VERSION "2.0.3"
| #define STDC_HEADERS 1
| #define HAVE_SYS_TYPES_H 1
| #define HAVE_SYS_STAT_H 1
| #define HAVE_STDLIB_H 1
| #define HAVE_STRING_H 1
| #define HAVE_MEMORY_H 1
| #define HAVE_STRINGS_H 1
| #define HAVE_INTTYPES_H 1
| #define HAVE_STDINT_H 1
| #define HAVE_UNISTD_H 1
| #define HAVE_DLFCN_H 1
| #define restrict __restrict
| #define HAVE_LIBRAW1394 /**/
| /* end confdefs.h.  */
| 
| 	#include <X11/Xlib.h>
|  	#include <X11/extensions/Xvlib.h>
| int
| main ()
| {
| 
| 	int main(void) { (void) XvGetPortAttribute(0, 0, 0, 0); return 0; }
| 
|   ;
|   return 0;
| }
configure:22859: result: no
configure:22880: checking for ANSI C header files
configure:23048: result: yes
configure:23068: checking for stdint.h
configure:23075: result: yes
configure:23079: checking fcntl.h usability
configure:23096: gcc -c -g -O2  conftest.c >&5
configure:23103: $? = 0
configure:23117: result: yes
configure:23121: checking fcntl.h presence
configure:23136: gcc -E  conftest.c
configure:23143: $? = 0
configure:23157: result: yes
configure:23190: checking for fcntl.h
configure:23199: result: yes
configure:23079: checking sys/ioctl.h usability
configure:23096: gcc -c -g -O2  conftest.c >&5
configure:23103: $? = 0
configure:23117: result: yes
configure:23121: checking sys/ioctl.h presence
configure:23136: gcc -E  conftest.c
configure:23143: $? = 0
configure:23157: result: yes
configure:23190: checking for sys/ioctl.h
configure:23199: result: yes
configure:23068: checking for unistd.h
configure:23075: result: yes
configure:23079: checking sys/mman.h usability
configure:23096: gcc -c -g -O2  conftest.c >&5
configure:23103: $? = 0
configure:23117: result: yes
configure:23121: checking sys/mman.h presence
configure:23136: gcc -E  conftest.c
configure:23143: $? = 0
configure:23157: result: yes
configure:23190: checking for sys/mman.h
configure:23199: result: yes
configure:23079: checking netinet/in.h usability
configure:23096: gcc -c -g -O2  conftest.c >&5
configure:23103: $? = 0
configure:23117: result: yes
configure:23121: checking netinet/in.h presence
configure:23136: gcc -E  conftest.c
configure:23143: $? = 0
configure:23157: result: yes
configure:23190: checking for netinet/in.h
configure:23199: result: yes
configure:23214: checking for X
configure:23385: gcc -o conftest -g -O2   conftest.c -lX11 -lm  -lraw1394 >&5
configure:23392: $? = 0
configure:23454: result: libraries , headers 
configure:23623: gcc -o conftest -g -O2   conftest.c -lm  -lraw1394  -lX11 >&5
configure:23630: $? = 0
configure:23798: checking for gethostbyname
configure:23854: gcc -o conftest -g -O2   conftest.c -lm  -lraw1394 >&5
configure:23861: $? = 0
configure:23881: result: yes
configure:24034: checking for connect
configure:24090: gcc -o conftest -g -O2   conftest.c -lm  -lraw1394 >&5
configure:24097: $? = 0
configure:24117: result: yes
configure:24193: checking for remove
configure:24249: gcc -o conftest -g -O2   conftest.c -lm  -lraw1394 >&5
configure:24256: $? = 0
configure:24276: result: yes
configure:24352: checking for shmat
configure:24408: gcc -o conftest -g -O2   conftest.c -lm  -lraw1394 >&5
configure:24415: $? = 0
configure:24435: result: yes
configure:24520: checking for IceConnectionNumber in -lICE
configure:24555: gcc -o conftest -g -O2   conftest.c -lICE  -lm  -lraw1394 >&5
configure:24562: $? = 0
configure:24583: result: yes
configure:24594: checking for size_t
configure:24622: gcc -c -g -O2  conftest.c >&5
configure:24629: $? = 0
configure:24656: gcc -c -g -O2  conftest.c >&5
conftest.c: In function 'main':
conftest.c:66: error: expected expression before ')' token
configure:24663: $? = 1
configure: failed program was:
| /* confdefs.h.  */
| #define PACKAGE_NAME "libdc1394"
| #define PACKAGE_TARNAME "libdc1394"
| #define PACKAGE_VERSION "2.0.3"
| #define PACKAGE_STRING "libdc1394 2.0.3"
| #define PACKAGE_BUGREPORT "libdc1394-devel@lists.sf.net"
| #define PACKAGE "libdc1394"
| #define VERSION "2.0.3"
| #define STDC_HEADERS 1
| #define HAVE_SYS_TYPES_H 1
| #define HAVE_SYS_STAT_H 1
| #define HAVE_STDLIB_H 1
| #define HAVE_STRING_H 1
| #define HAVE_MEMORY_H 1
| #define HAVE_STRINGS_H 1
| #define HAVE_INTTYPES_H 1
| #define HAVE_STDINT_H 1
| #define HAVE_UNISTD_H 1
| #define HAVE_DLFCN_H 1
| #define restrict __restrict
| #define HAVE_LIBRAW1394 /**/
| #define STDC_HEADERS 1
| #define HAVE_STDINT_H 1
| #define HAVE_FCNTL_H 1
| #define HAVE_SYS_IOCTL_H 1
| #define HAVE_UNISTD_H 1
| #define HAVE_SYS_MMAN_H 1
| #define HAVE_NETINET_IN_H 1
| /* end confdefs.h.  */
| #include <stdio.h>
| #ifdef HAVE_SYS_TYPES_H
| # include <sys/types.h>
| #endif
| #ifdef HAVE_SYS_STAT_H
| # include <sys/stat.h>
| #endif
| #ifdef STDC_HEADERS
| # include <stdlib.h>
| # include <stddef.h>
| #else
| # ifdef HAVE_STDLIB_H
| #  include <stdlib.h>
| # endif
| #endif
| #ifdef HAVE_STRING_H
| # if !defined STDC_HEADERS && defined HAVE_MEMORY_H
| #  include <memory.h>
| # endif
| # include <string.h>
| #endif
| #ifdef HAVE_STRINGS_H
| # include <strings.h>
| #endif
| #ifdef HAVE_INTTYPES_H
| # include <inttypes.h>
| #endif
| #ifdef HAVE_STDINT_H
| # include <stdint.h>
| #endif
| #ifdef HAVE_UNISTD_H
| # include <unistd.h>
| #endif
| int
| main ()
| {
| if (sizeof ((size_t)))
| 	  return 0;
|   ;
|   return 0;
| }
configure:24686: result: yes
configure:24705: checking for stdlib.h
configure:24712: result: yes
configure:24705: checking for unistd.h
configure:24712: result: yes
configure:24855: checking for getpagesize
configure:24911: gcc -o conftest -g -O2   conftest.c -lm  -lraw1394 >&5
configure:24918: $? = 0
configure:24940: result: yes
configure:24952: checking for working mmap
configure:25099: gcc -o conftest -g -O2   conftest.c -lm  -lraw1394 >&5
configure:25103: $? = 0
configure:25109: ./conftest
configure:25113: $? = 0
configure:25130: result: yes
configure:25455: creating ./config.status

## ---------------------- ##
## Running config.status. ##
## ---------------------- ##

This file was extended by libdc1394 config.status 2.0.3, which was
generated by GNU Autoconf 2.63.  Invocation command line was

  CONFIG_FILES    = 
  CONFIG_HEADERS  = 
  CONFIG_LINKS    = 
  CONFIG_COMMANDS = 
  $ ./config.status 

on robo

config.status:892: creating Makefile
config.status:892: creating libdc1394-2.pc
config.status:892: creating dc1394/Makefile
config.status:892: creating dc1394/linux/Makefile
config.status:892: creating dc1394/juju/Makefile
config.status:892: creating dc1394/macosx/Makefile
config.status:892: creating dc1394/msw/Makefile
config.status:892: creating dc1394/vendor/Makefile
config.status:892: creating examples/Makefile
config.status:892: creating config.h
config.status:1114: config.h is unchanged
config.status:1166: executing depfiles commands

## ---------------- ##
## Cache variables. ##
## ---------------- ##

ac_cv_build=i686-pc-linux-gnu
ac_cv_c_compiler_gnu=yes
ac_cv_c_restrict=__restrict
ac_cv_cxx_compiler_gnu=yes
ac_cv_env_CCC_set=
ac_cv_env_CCC_value=
ac_cv_env_CC_set=
ac_cv_env_CC_value=
ac_cv_env_CFLAGS_set=
ac_cv_env_CFLAGS_value=
ac_cv_env_CPPFLAGS_set=
ac_cv_env_CPPFLAGS_value=
ac_cv_env_CPP_set=
ac_cv_env_CPP_value=
ac_cv_env_CXXCPP_set=
ac_cv_env_CXXCPP_value=
ac_cv_env_CXXFLAGS_set=
ac_cv_env_CXXFLAGS_value=
ac_cv_env_CXX_set=
ac_cv_env_CXX_value=
ac_cv_env_DOXYGEN_PAPER_SIZE_set=
ac_cv_env_DOXYGEN_PAPER_SIZE_value=
ac_cv_env_F77_set=
ac_cv_env_F77_value=
ac_cv_env_FFLAGS_set=
ac_cv_env_FFLAGS_value=
ac_cv_env_LDFLAGS_set=
ac_cv_env_LDFLAGS_value=
ac_cv_env_LIBS_set=
ac_cv_env_LIBS_value=
ac_cv_env_XMKMF_set=
ac_cv_env_XMKMF_value=
ac_cv_env_build_alias_set=
ac_cv_env_build_alias_value=
ac_cv_env_host_alias_set=
ac_cv_env_host_alias_value=
ac_cv_env_target_alias_set=
ac_cv_env_target_alias_value=
ac_cv_f77_compiler_gnu=no
ac_cv_func_connect=yes
ac_cv_func_gethostbyname=yes
ac_cv_func_getpagesize=yes
ac_cv_func_mmap_fixed_mapped=yes
ac_cv_func_remove=yes
ac_cv_func_shmat=yes
ac_cv_have_x='have_x=yes	ac_x_includes='\'''\''	ac_x_libraries='\'''\'''
ac_cv_header_dlfcn_h=yes
ac_cv_header_fcntl_h=yes
ac_cv_header_inttypes_h=yes
ac_cv_header_memory_h=yes
ac_cv_header_netinet_in_h=yes
ac_cv_header_stdc=yes
ac_cv_header_stdint_h=yes
ac_cv_header_stdlib_h=yes
ac_cv_header_string_h=yes
ac_cv_header_strings_h=yes
ac_cv_header_sys_ioctl_h=yes
ac_cv_header_sys_mman_h=yes
ac_cv_header_sys_stat_h=yes
ac_cv_header_sys_types_h=yes
ac_cv_header_unistd_h=yes
ac_cv_host=i686-pc-linux-gnu
ac_cv_lib_ICE_IceConnectionNumber=yes
ac_cv_lib_m_pow=yes
ac_cv_lib_raw1394_raw1394_channel_modify=yes
ac_cv_objext=o
ac_cv_path_EGREP='/bin/grep -E'
ac_cv_path_GREP=/bin/grep
ac_cv_path_ac_pt_DX_DOXYGEN=/usr/bin/doxygen
ac_cv_path_ac_pt_DX_PERL=/usr/bin/perl
ac_cv_path_install='/usr/bin/install -c'
ac_cv_path_mkdir=/bin/mkdir
ac_cv_prog_AWK=mawk
ac_cv_prog_CPP='gcc -E'
ac_cv_prog_CXXCPP='g++ -E'
ac_cv_prog_ac_ct_AR=ar
ac_cv_prog_ac_ct_CC=gcc
ac_cv_prog_ac_ct_CXX=g++
ac_cv_prog_ac_ct_RANLIB=ranlib
ac_cv_prog_ac_ct_STRIP=strip
ac_cv_prog_cc_c89=
ac_cv_prog_cc_g=yes
ac_cv_prog_cc_gcc_c_o=yes
ac_cv_prog_cxx_g=yes
ac_cv_prog_f77_g=no
ac_cv_prog_make_make_set=yes
ac_cv_target=i686-pc-linux-gnu
ac_cv_type_size_t=yes
am_cv_CC_dependencies_compiler_type=gcc3
am_cv_CXX_dependencies_compiler_type=gcc3
lt_cv_deplibs_check_method=pass_all
lt_cv_file_magic_cmd='$MAGIC_CMD'
lt_cv_file_magic_test_file=
lt_cv_ld_reload_flag=-r
lt_cv_objdir=.libs
lt_cv_path_LD=/usr/bin/ld
lt_cv_path_LDCXX=/usr/bin/ld
lt_cv_path_NM='/usr/bin/nm -B'
lt_cv_path_SED=/bin/sed
lt_cv_prog_compiler_c_o=yes
lt_cv_prog_compiler_c_o_CXX=yes
lt_cv_prog_compiler_pic_works=yes
lt_cv_prog_compiler_pic_works_CXX=yes
lt_cv_prog_compiler_rtti_exceptions=no
lt_cv_prog_compiler_static_works=yes
lt_cv_prog_compiler_static_works_CXX=yes
lt_cv_prog_gnu_ld=yes
lt_cv_prog_gnu_ldcxx=yes
lt_cv_sys_global_symbol_pipe='sed -n -e '\''s/^.*[ 	]\([ABCDGIRSTW][ABCDGIRSTW]*\)[ 	][ 	]*\([_A-Za-z][_A-Za-z0-9]*\)$/\1 \2 \2/p'\'''
lt_cv_sys_global_symbol_to_c_name_address='sed -n -e '\''s/^: \([^ ]*\) $/  {\"\1\", (lt_ptr) 0},/p'\'' -e '\''s/^[BCDEGRST] \([^ ]*\) \([^ ]*\)$/  {"\2", (lt_ptr) \&\2},/p'\'''
lt_cv_sys_global_symbol_to_cdecl='sed -n -e '\''s/^. .* \(.*\)$/extern int \1;/p'\'''
lt_cv_sys_lib_dlsearch_path_spec='/usr/lib /lib /lib/i486-linux-gnu /usr/lib/i486-linux-gnu /usr/lib/kde4/lib /usr/local/lib '
lt_cv_sys_lib_search_path_spec='/usr/lib /lib /usr/local/lib'
lt_cv_sys_max_cmd_len=98304
lt_lt_cv_prog_compiler_c_o='"yes"'
lt_lt_cv_prog_compiler_c_o_CXX='"yes"'
lt_lt_cv_sys_global_symbol_pipe='"sed -n -e '\''s/^.*[ 	]\\([ABCDGIRSTW][ABCDGIRSTW]*\\)[ 	][ 	]*\\([_A-Za-z][_A-Za-z0-9]*\\)\$/\\1 \\2 \\2/p'\''"'
lt_lt_cv_sys_global_symbol_to_c_name_address='"sed -n -e '\''s/^: \\([^ ]*\\) \$/  {\\\"\\1\\\", (lt_ptr) 0},/p'\'' -e '\''s/^[BCDEGRST] \\([^ ]*\\) \\([^ ]*\\)\$/  {\"\\2\", (lt_ptr) \\&\\2},/p'\''"'
lt_lt_cv_sys_global_symbol_to_cdecl='"sed -n -e '\''s/^. .* \\(.*\\)\$/extern int \\1;/p'\''"'

## ----------------- ##
## Output variables. ##
## ----------------- ##

ACLOCAL='${SHELL} /home/robo/svn/2009/libdc1394-2.0.3/missing --run aclocal-1.10'
AMDEPBACKSLASH='\'
AMDEP_FALSE='#'
AMDEP_TRUE=''
AMTAR='${SHELL} /home/robo/svn/2009/libdc1394-2.0.3/missing --run tar'
AR='ar'
AS='as'
AUTOCONF='${SHELL} /home/robo/svn/2009/libdc1394-2.0.3/missing --run autoconf'
AUTOHEADER='${SHELL} /home/robo/svn/2009/libdc1394-2.0.3/missing --run autoheader'
AUTOMAKE='${SHELL} /home/robo/svn/2009/libdc1394-2.0.3/missing --run automake-1.10'
AWK='mawk'
CC='gcc'
CCDEPMODE='depmode=gcc3'
CFLAGS='-g -O2 -Wall -Wunused -std=gnu99'
CPP='gcc -E'
CPPFLAGS=''
CXX='g++'
CXXCPP='g++ -E'
CXXDEPMODE='depmode=gcc3'
CXXFLAGS='-g -O2'
CYGPATH_W='echo'
DEFS='-DHAVE_CONFIG_H'
DEPDIR='.deps'
DLLTOOL='dlltool'
DOXYGEN_PAPER_SIZE=''
DSYMUTIL=''
DX_COND_chi_FALSE=''
DX_COND_chi_TRUE='#'
DX_COND_chm_FALSE=''
DX_COND_chm_TRUE='#'
DX_COND_doc_FALSE='#'
DX_COND_doc_TRUE=''
DX_COND_dot_FALSE=''
DX_COND_dot_TRUE='#'
DX_COND_html_FALSE=''
DX_COND_html_TRUE='#'
DX_COND_latex_FALSE=''
DX_COND_latex_TRUE='#'
DX_COND_man_FALSE=''
DX_COND_man_TRUE='#'
DX_COND_pdf_FALSE=''
DX_COND_pdf_TRUE='#'
DX_COND_ps_FALSE=''
DX_COND_ps_TRUE='#'
DX_COND_rtf_FALSE=''
DX_COND_rtf_TRUE='#'
DX_COND_xml_FALSE=''
DX_COND_xml_TRUE='#'
DX_CONFIG='Doxyfile.in'
DX_DOCDIR='doc'
DX_DOT=''
DX_DOXYGEN='/usr/bin/doxygen'
DX_DVIPS=''
DX_EGREP=''
DX_ENV=' SRCDIR='\''.'\'' PROJECT='\''libdc1394'\'' DOCDIR='\''doc'\'' VERSION='\''2.0.3'\'' PERL_PATH='\''/usr/bin/perl'\'' HAVE_DOT='\''NO'\'' GENERATE_MAN='\''NO'\'' GENERATE_RTF='\''NO'\'' GENERATE_XML='\''NO'\'' GENERATE_HTMLHELP='\''NO'\'' GENERATE_CHI='\''NO'\'' GENERATE_HTML='\''NO'\'' GENERATE_LATEX='\''NO'\'''
DX_FLAG_chi='0'
DX_FLAG_chm='0'
DX_FLAG_doc='1'
DX_FLAG_dot='0'
DX_FLAG_html='0'
DX_FLAG_man='0'
DX_FLAG_pdf='0'
DX_FLAG_ps='0'
DX_FLAG_rtf='0'
DX_FLAG_xml='0'
DX_HHC=''
DX_LATEX=''
DX_MAKEINDEX=''
DX_PDFLATEX=''
DX_PERL='/usr/bin/perl'
DX_PROJECT='libdc1394'
ECHO='echo'
ECHO_C=''
ECHO_N='-n'
ECHO_T=''
EGREP='/bin/grep -E'
EXEEXT=''
F77=''
FFLAGS=''
GREP='/bin/grep'
INSTALL_DATA='${INSTALL} -m 644'
INSTALL_PROGRAM='${INSTALL}'
INSTALL_SCRIPT='${INSTALL}'
INSTALL_STRIP_PROGRAM='$(install_sh) -c -s'
JUJU_DIR=''
LDFLAGS=''
LIBOBJS=''
LIBS='-lm  -lraw1394'
LIBTOOL='$(SHELL) $(top_builddir)/libtool'
LN_S='ln -s'
LTLIBOBJS=''
MAKEINFO='${SHELL} /home/robo/svn/2009/libdc1394-2.0.3/missing --run makeinfo'
MKDIR_P='/bin/mkdir -p'
NMEDIT=''
OBJDUMP='objdump'
OBJEXT='o'
PACKAGE='libdc1394'
PACKAGE_BUGREPORT='libdc1394-devel@lists.sf.net'
PACKAGE_NAME='libdc1394'
PACKAGE_STRING='libdc1394 2.0.3'
PACKAGE_TARNAME='libdc1394'
PACKAGE_VERSION='2.0.3'
PATH_SEPARATOR=':'
RANLIB='ranlib'
SED='/bin/sed'
SET_MAKE=''
SHELL='/bin/bash'
STRIP='strip'
USE_LINUX_FALSE='#'
USE_LINUX_TRUE=''
USE_MACOSX_FALSE=''
USE_MACOSX_TRUE='#'
VERSION='2.0.3'
WINDDK=''
XMKMF=''
XVOK_FALSE=''
XVOK_TRUE='#'
XV_CFLAGS=''
XV_LIBS=''
X_CFLAGS=''
X_EXTRA_LIBS=''
X_LIBS=''
X_PRE_LIBS=' -lSM -lICE'
ac_ct_CC='gcc'
ac_ct_CXX='g++'
ac_ct_F77=''
am__fastdepCC_FALSE='#'
am__fastdepCC_TRUE=''
am__fastdepCXX_FALSE='#'
am__fastdepCXX_TRUE=''
am__include='include'
am__isrc=''
am__leading_dot='.'
am__quote=''
am__tar='${AMTAR} chof - "$$tardir"'
am__untar='${AMTAR} xf -'
bindir='${exec_prefix}/bin'
build='i686-pc-linux-gnu'
build_alias=''
build_cpu='i686'
build_os='linux-gnu'
build_vendor='pc'
datadir='${datarootdir}'
datarootdir='${prefix}/share'
dc1394platform='linux'
docdir='${datarootdir}/doc/${PACKAGE_TARNAME}'
dvidir='${docdir}'
exec_prefix='${prefix}'
host='i686-pc-linux-gnu'
host_alias=''
host_cpu='i686'
host_os='linux-gnu'
host_vendor='pc'
htmldir='${docdir}'
includedir='${prefix}/include'
infodir='${datarootdir}/info'
install_sh='$(SHELL) /home/robo/svn/2009/libdc1394-2.0.3/install-sh'
libdir='${exec_prefix}/lib'
libexecdir='${exec_prefix}/libexec'
localedir='${datarootdir}/locale'
localstatedir='${prefix}/var'
lt_age='1'
lt_current='23'
lt_revision='1'
mandir='${datarootdir}/man'
mkdir_p='/bin/mkdir -p'
oldincludedir='/usr/include'
pdfdir='${docdir}'
pkgincludedir='$(includedir)/dc1394'
platform_LDFLAGS=''
prefix='/usr/local'
program_transform_name='s,x,x,'
psdir='${docdir}'
sbindir='${exec_prefix}/sbin'
sharedstatedir='${prefix}/com'
sysconfdir='${prefix}/etc'
target='i686-pc-linux-gnu'
target_alias=''
target_cpu='i686'
target_os='linux-gnu'
target_vendor='pc'

## ----------- ##
## confdefs.h. ##
## ----------- ##

#define PACKAGE_NAME "libdc1394"
#define PACKAGE_TARNAME "libdc1394"
#define PACKAGE_VERSION "2.0.3"
#define PACKAGE_STRING "libdc1394 2.0.3"
#define PACKAGE_BUGREPORT "libdc1394-devel@lists.sf.net"
#define PACKAGE "libdc1394"
#define VERSION "2.0.3"
#define STDC_HEADERS 1
#define HAVE_SYS_TYPES_H 1
#define HAVE_SYS_STAT_H 1
#define HAVE_STDLIB_H 1
#define HAVE_STRING_H 1
#define HAVE_MEMORY_H 1
#define HAVE_STRINGS_H 1
#define HAVE_INTTYPES_H 1
#define HAVE_STDINT_H 1
#define HAVE_UNISTD_H 1
#define HAVE_DLFCN_H 1
#define restrict __restrict
#define HAVE_LIBRAW1394 /**/
#define STDC_HEADERS 1
#define HAVE_STDINT_H 1
#define HAVE_FCNTL_H 1
#define HAVE_SYS_IOCTL_H 1
#define HAVE_UNISTD_H 1
#define HAVE_SYS_MMAN_H 1
#define HAVE_NETINET_IN_H 1
#define HAVE_STDLIB_H 1
#define HAVE_UNISTD_H 1
#define HAVE_GETPAGESIZE 1
#define HAVE_MMAP 1

configure: exit 0
